 autoOut                                                               
 SPECIES       Hf       S    Cp 300     400     500     600     800     1000     1500     DATE        ELEMENTS
 C6H13COC3  -89.42   132.92    57.16   71.01   83.80   95.03  111.95  124.41     .00   5/21/16 THERM   C  10 H  20 O   1     0 G 9
 C6H13COC3  -40.37   137.61    56.02   69.37   81.66   92.43  108.63  120.52     .00   5/21/16 THERM   C  10 H  19 O   1     0 G 9
 C8H17COC   -89.31   134.06    57.38   71.49   84.46   95.18  112.03  124.37     .00   5/21/16 THERM   C  10 H  20 O   1     0 G 9
 C8H17COC   -40.26   138.75    56.24   69.85   82.32   92.58  108.71  120.48     .00   5/21/16 THERM   C  10 H  19 O   1     0 G 9
 C5H11COC4  -89.24   132.40    57.10   71.37   84.24   95.81  112.85  125.22     .00   5/21/16 THERM   C  10 H  20 O   1     0 G 9
 C5H11COC4  -40.19   137.09    55.96   69.73   82.10   93.21  109.53  121.33     .00   5/21/16 THERM   C  10 H  19 O   1     0 G 9
 C5H11COC4  -89.42   132.92    57.16   71.01   83.80   95.03  111.95  124.41     .00   5/21/16 THERM   C  10 H  20 O   1     0 G 9
 C5H11COC4  -40.37   137.61    56.02   69.37   81.66   92.43  108.63  120.52     .00   5/21/16 THERM   C  10 H  19 O   1     0 G 9
 C8H17COC   -87.78   136.16    57.38   71.54   84.51   95.59  112.68  125.12     .00   5/21/16 THERM   C  10 H  20 O   1     0 G 9
 C8H16COC   -38.73   140.85    56.24   69.90   82.37   92.99  109.36  121.23     .00   5/21/16 THERM   C  10 H  19 O   1     0 G 9
 C10H21CHO  -85.86   143.53    63.16   79.60   94.24  106.85  125.62  139.37     .00   5/21/16 THERM   C  11 H  22 O   1     0 G10
 C10H21CHO  -86.66   143.53    63.16   79.60   94.24  106.85  125.62  139.37     .00   5/21/16 THERM   C  11 H  22 O   1     0 G10
 C10H21CHO  -86.04   144.05    63.22   79.24   93.80  106.07  124.72  138.56     .00   5/21/16 THERM   C  11 H  22 O   1     0 G10
 C10H20CHO  -36.99   148.74    62.08   77.60   91.66  103.47  121.40  134.67     .00   5/21/16 THERM   C  11 H  21 O   1     0 G10
 C10H21CHO  -85.86   143.53    63.16   79.60   94.24  106.85  125.62  139.37     .00   5/21/16 THERM   C  11 H  22 O   1     0 G10
 C10H21CO   -48.96   144.65    62.33   78.17   92.28  104.43  122.46  135.64     .00   5/21/16 THERM   C  11 H  21 O   1     0 G10
 C10H21CHO  -86.66   143.53    63.16   79.60   94.24  106.85  125.62  139.37     .00   5/21/16 THERM   C  11 H  22 O   1     0 G10
 C10H21CO   -49.76   144.65    62.33   78.17   92.28  104.43  122.46  135.64     .00   5/21/16 THERM   C  11 H  21 O   1     0 G10
