 autoOut                                                               
 SPECIES       Hf       S    Cp 300     400     500     600     800     1000     1500     DATE        ELEMENTS
 ROOH_1    -107.28   192.58    92.37  117.34  139.07  156.65  182.96  202.37     .00   5/21/16 THERM   C  15 H  32 O   2     0 G16
 QOOH_1A    -58.23   197.27    91.23  115.70  136.93  154.05  179.64  198.48     .00   5/21/16 THERM   C  15 H  31 O   2     0 G16
 ROOH_1    -107.28   192.58    92.37  117.34  139.07  156.65  182.96  202.37     .00   5/21/16 THERM   C  15 H  32 O   2     0 G16
 QOOH_1B    -63.24   197.72    89.56  113.15  134.23  151.55  177.63  197.01     .00   5/21/16 THERM   C  15 H  31 O   2     0 G16
 ROOH_1    -107.28   192.58    92.37  117.34  139.07  156.65  182.96  202.37     .00   5/21/16 THERM   C  15 H  32 O   2     0 G16
 QOOH_1C    -61.31   196.84    90.59  114.36  135.58  152.84  178.56  197.59     .00   5/21/16 THERM   C  15 H  31 O   2     0 G16
 ROOH_1    -107.28   192.58    92.37  117.34  139.07  156.65  182.96  202.37     .00   5/21/16 THERM   C  15 H  32 O   2     0 G16
 QOOH_1D    -61.31   196.84    90.59  114.36  135.58  152.84  178.56  197.59     .00   5/21/16 THERM   C  15 H  31 O   2     0 G16
 ROOH_1    -107.28   192.58    92.37  117.34  139.07  156.65  182.96  202.37     .00   5/21/16 THERM   C  15 H  32 O   2     0 G16
 QOOH_1E    -61.31   196.84    90.59  114.36  135.58  152.84  178.56  197.59     .00   5/21/16 THERM   C  15 H  31 O   2     0 G16
 ROOH_1    -107.28   192.58    92.37  117.34  139.07  156.65  182.96  202.37     .00   5/21/16 THERM   C  15 H  32 O   2     0 G16
 QOOH_1F    -63.24   197.72    89.56  113.15  134.23  151.55  177.63  197.01     .00   5/21/16 THERM   C  15 H  31 O   2     0 G16
 ROOH_2    -113.73   189.40    93.47  117.94  139.25  156.63  183.22  202.82     .00   5/21/16 THERM   C  15 H  32 O   2     0 G16
 QOOH_2A    -64.68   194.10    92.33  116.30  137.11  154.03  179.90  198.93     .00   5/21/16 THERM   C  15 H  31 O   2     0 G16
 ROOH_2    -113.73   189.40    93.47  117.94  139.25  156.63  183.22  202.82     .00   5/21/16 THERM   C  15 H  32 O   2     0 G16
 QOOH_2C    -67.76   193.67    91.69  114.96  135.76  152.82  178.82  198.04     .00   5/21/16 THERM   C  15 H  31 O   2     0 G16
 ROOH_2    -113.73   189.40    93.47  117.94  139.25  156.63  183.22  202.82     .00   5/21/16 THERM   C  15 H  32 O   2     0 G16
 QOOH_2D    -67.76   193.67    91.69  114.96  135.76  152.82  178.82  198.04     .00   5/21/16 THERM   C  15 H  31 O   2     0 G16
 ROOH_2    -113.73   189.40    93.47  117.94  139.25  156.63  183.22  202.82     .00   5/21/16 THERM   C  15 H  32 O   2     0 G16
 QOOH_2E    -67.76   193.67    91.69  114.96  135.76  152.82  178.82  198.04     .00   5/21/16 THERM   C  15 H  31 O   2     0 G16
 ROOH_2    -113.73   189.40    93.47  117.94  139.25  156.63  183.22  202.82     .00   5/21/16 THERM   C  15 H  32 O   2     0 G16
 QOOH_2F    -69.69   194.55    90.66  113.75  134.41  151.53  177.89  197.46     .00   5/21/16 THERM   C  15 H  31 O   2     0 G16
 ROOH_2    -113.73   189.40    93.47  117.94  139.25  156.63  183.22  202.82     .00   5/21/16 THERM   C  15 H  32 O   2     0 G16
 QOOH_2G    -64.68   194.10    92.33  116.30  137.11  154.03  179.90  198.93     .00   5/21/16 THERM   C  15 H  31 O   2     0 G16
 ROOH_2    -113.73   189.40    93.47  117.94  139.25  156.63  183.22  202.82     .00   5/21/16 THERM   C  15 H  32 O   2     0 G16
 QOOH_2H    -67.76   193.67    91.69  114.96  135.76  152.82  178.82  198.04     .00   5/21/16 THERM   C  15 H  31 O   2     0 G16
 ROOH_3    -111.31   189.31    93.06  118.09  139.71  157.14  183.10  202.19     .00   5/21/16 THERM   C  15 H  32 O   2     0 G16
 QOOH_3A    -62.26   194.01    91.92  116.45  137.57  154.54  179.78  198.30     .00   5/21/16 THERM   C  15 H  31 O   2     0 G16
 ROOH_3    -111.31   189.31    93.06  118.09  139.71  157.14  183.10  202.19     .00   5/21/16 THERM   C  15 H  32 O   2     0 G16
 QOOH_3B    -67.27   194.46    90.25  113.90  134.87  152.04  177.77  196.83     .00   5/21/16 THERM   C  15 H  31 O   2     0 G16
 ROOH_3    -111.31   189.31    93.06  118.09  139.71  157.14  183.10  202.19     .00   5/21/16 THERM   C  15 H  32 O   2     0 G16
 QOOH_3D    -65.34   193.58    91.28  115.11  136.22  153.33  178.70  197.41     .00   5/21/16 THERM   C  15 H  31 O   2     0 G16
 ROOH_3    -111.31   189.31    93.06  118.09  139.71  157.14  183.10  202.19     .00   5/21/16 THERM   C  15 H  32 O   2     0 G16
 QOOH_3E    -65.34   193.58    91.28  115.11  136.22  153.33  178.70  197.41     .00   5/21/16 THERM   C  15 H  31 O   2     0 G16
 ROOH_3    -111.31   189.31    93.06  118.09  139.71  157.14  183.10  202.19     .00   5/21/16 THERM   C  15 H  32 O   2     0 G16
 QOOH_3F    -67.27   194.46    90.25  113.90  134.87  152.04  177.77  196.83     .00   5/21/16 THERM   C  15 H  31 O   2     0 G16
 ROOH_3    -111.31   189.31    93.06  118.09  139.71  157.14  183.10  202.19     .00   5/21/16 THERM   C  15 H  32 O   2     0 G16
 QOOH_3G    -62.26   194.01    91.92  116.45  137.57  154.54  179.78  198.30     .00   5/21/16 THERM   C  15 H  31 O   2     0 G16
 ROOH_3    -111.31   189.31    93.06  118.09  139.71  157.14  183.10  202.19     .00   5/21/16 THERM   C  15 H  32 O   2     0 G16
 QOOH_3H    -65.34   193.58    91.28  115.11  136.22  153.33  178.70  197.41     .00   5/21/16 THERM   C  15 H  31 O   2     0 G16
 ROOH_3    -111.31   189.31    93.06  118.09  139.71  157.14  183.10  202.19     .00   5/21/16 THERM   C  15 H  32 O   2     0 G16
 QOOH_3I    -65.34   193.58    91.28  115.11  136.22  153.33  178.70  197.41     .00   5/21/16 THERM   C  15 H  31 O   2     0 G16
 ROOH_4    -111.31   189.31    93.06  118.09  139.71  157.14  183.10  202.19     .00   5/21/16 THERM   C  15 H  32 O   2     0 G16
 QOOH_4A    -62.26   194.01    91.92  116.45  137.57  154.54  179.78  198.30     .00   5/21/16 THERM   C  15 H  31 O   2     0 G16
 ROOH_4    -111.31   189.31    93.06  118.09  139.71  157.14  183.10  202.19     .00   5/21/16 THERM   C  15 H  32 O   2     0 G16
 QOOH_4B    -67.27   194.46    90.25  113.90  134.87  152.04  177.77  196.83     .00   5/21/16 THERM   C  15 H  31 O   2     0 G16
 ROOH_4    -111.31   189.31    93.06  118.09  139.71  157.14  183.10  202.19     .00   5/21/16 THERM   C  15 H  32 O   2     0 G16
 QOOH_4C    -65.34   193.58    91.28  115.11  136.22  153.33  178.70  197.41     .00   5/21/16 THERM   C  15 H  31 O   2     0 G16
 ROOH_4    -111.31   189.31    93.06  118.09  139.71  157.14  183.10  202.19     .00   5/21/16 THERM   C  15 H  32 O   2     0 G16
 QOOH_4E    -65.34   193.58    91.28  115.11  136.22  153.33  178.70  197.41     .00   5/21/16 THERM   C  15 H  31 O   2     0 G16
 ROOH_4    -111.31   189.31    93.06  118.09  139.71  157.14  183.10  202.19     .00   5/21/16 THERM   C  15 H  32 O   2     0 G16
 QOOH_4F    -67.27   194.46    90.25  113.90  134.87  152.04  177.77  196.83     .00   5/21/16 THERM   C  15 H  31 O   2     0 G16
 ROOH_4    -111.31   189.31    93.06  118.09  139.71  157.14  183.10  202.19     .00   5/21/16 THERM   C  15 H  32 O   2     0 G16
 QOOH_4G    -62.26   191.83    91.92  116.45  137.57  154.54  179.78  198.30     .00   5/21/16 THERM   C  15 H  31 O   2     0 G16
 ROOH_4    -111.31   189.31    93.06  118.09  139.71  157.14  183.10  202.19     .00   5/21/16 THERM   C  15 H  32 O   2     0 G16
 QOOH_4H    -65.34   193.58    91.28  115.11  136.22  153.33  178.70  197.41     .00   5/21/16 THERM   C  15 H  31 O   2     0 G16
 ROOH_4    -111.31   189.31    93.06  118.09  139.71  157.14  183.10  202.19     .00   5/21/16 THERM   C  15 H  32 O   2     0 G16
 QOOH_4I    -65.34   193.58    91.28  115.11  136.22  153.33  178.70  197.41     .00   5/21/16 THERM   C  15 H  31 O   2     0 G16
 ROOH_4    -111.31   189.31    93.06  118.09  139.71  157.14  183.10  202.19     .00   5/21/16 THERM   C  15 H  32 O   2     0 G16
 QOOH_4J    -65.34   193.58    91.28  115.11  136.22  153.33  178.70  197.41     .00   5/21/16 THERM   C  15 H  31 O   2     0 G16
 ROOH_5    -111.31   189.31    93.06  118.09  139.71  157.14  183.10  202.19     .00   5/21/16 THERM   C  15 H  32 O   2     0 G16
 QOOH_5A    -62.26   194.01    91.92  116.45  137.57  154.54  179.78  198.30     .00   5/21/16 THERM   C  15 H  31 O   2     0 G16
 ROOH_5    -111.31   189.31    93.06  118.09  139.71  157.14  183.10  202.19     .00   5/21/16 THERM   C  15 H  32 O   2     0 G16
 QOOH_5B    -67.27   194.46    90.25  113.90  134.87  152.04  177.77  196.83     .00   5/21/16 THERM   C  15 H  31 O   2     0 G16
 ROOH_5    -111.31   189.31    93.06  118.09  139.71  157.14  183.10  202.19     .00   5/21/16 THERM   C  15 H  32 O   2     0 G16
 QOOH_5C    -65.34   193.58    91.28  115.11  136.22  153.33  178.70  197.41     .00   5/21/16 THERM   C  15 H  31 O   2     0 G16
 ROOH_5    -111.31   189.31    93.06  118.09  139.71  157.14  183.10  202.19     .00   5/21/16 THERM   C  15 H  32 O   2     0 G16
 QOOH_5D    -65.34   193.58    91.28  115.11  136.22  153.33  178.70  197.41     .00   5/21/16 THERM   C  15 H  31 O   2     0 G16
 ROOH_5    -111.31   189.31    93.06  118.09  139.71  157.14  183.10  202.19     .00   5/21/16 THERM   C  15 H  32 O   2     0 G16
 QOOH_5F    -67.27   194.46    90.25  113.90  134.87  152.04  177.77  196.83     .00   5/21/16 THERM   C  15 H  31 O   2     0 G16
 ROOH_5    -111.31   189.31    93.06  118.09  139.71  157.14  183.10  202.19     .00   5/21/16 THERM   C  15 H  32 O   2     0 G16
 QOOH_5G    -62.26   194.01    91.92  116.45  137.57  154.54  179.78  198.30     .00   5/21/16 THERM   C  15 H  31 O   2     0 G16
 ROOH_5    -111.31   189.31    93.06  118.09  139.71  157.14  183.10  202.19     .00   5/21/16 THERM   C  15 H  32 O   2     0 G16
 QOOH_5H    -65.34   193.58    91.28  115.11  136.22  153.33  178.70  197.41     .00   5/21/16 THERM   C  15 H  31 O   2     0 G16
 ROOH_5    -111.31   189.31    93.06  118.09  139.71  157.14  183.10  202.19     .00   5/21/16 THERM   C  15 H  32 O   2     0 G16
 QOOH_5I    -65.34   193.58    91.28  115.11  136.22  153.33  178.70  197.41     .00   5/21/16 THERM   C  15 H  31 O   2     0 G16
 ROOH_5    -111.31   189.31    93.06  118.09  139.71  157.14  183.10  202.19     .00   5/21/16 THERM   C  15 H  32 O   2     0 G16
 QOOH_5J    -65.34   193.58    91.28  115.11  136.22  153.33  178.70  197.41     .00   5/21/16 THERM   C  15 H  31 O   2     0 G16
 ROOH_5    -111.31   189.31    93.06  118.09  139.71  157.14  183.10  202.19     .00   5/21/16 THERM   C  15 H  32 O   2     0 G16
 QOOH_5K    -67.27   194.46    90.25  113.90  134.87  152.04  177.77  196.83     .00   5/21/16 THERM   C  15 H  31 O   2     0 G16
 ROOH_6    -113.73   189.40    93.47  117.94  139.25  156.63  183.22  202.82     .00   5/21/16 THERM   C  15 H  32 O   2     0 G16
 QOOH_6A    -64.68   194.10    92.33  116.30  137.11  154.03  179.90  198.93     .00   5/21/16 THERM   C  15 H  31 O   2     0 G16
 ROOH_6    -113.73   189.40    93.47  117.94  139.25  156.63  183.22  202.82     .00   5/21/16 THERM   C  15 H  32 O   2     0 G16
 QOOH_6B    -69.69   194.55    90.66  113.75  134.41  151.53  177.89  197.46     .00   5/21/16 THERM   C  15 H  31 O   2     0 G16
 ROOH_6    -113.73   189.40    93.47  117.94  139.25  156.63  183.22  202.82     .00   5/21/16 THERM   C  15 H  32 O   2     0 G16
 QOOH_6C    -67.76   193.67    91.69  114.96  135.76  152.82  178.82  198.04     .00   5/21/16 THERM   C  15 H  31 O   2     0 G16
 ROOH_6    -113.73   189.40    93.47  117.94  139.25  156.63  183.22  202.82     .00   5/21/16 THERM   C  15 H  32 O   2     0 G16
 QOOH_6D    -67.76   193.67    91.69  114.96  135.76  152.82  178.82  198.04     .00   5/21/16 THERM   C  15 H  31 O   2     0 G16
 ROOH_6    -113.73   189.40    93.47  117.94  139.25  156.63  183.22  202.82     .00   5/21/16 THERM   C  15 H  32 O   2     0 G16
 QOOH_6E    -67.76   193.67    91.69  114.96  135.76  152.82  178.82  198.04     .00   5/21/16 THERM   C  15 H  31 O   2     0 G16
 ROOH_6    -113.73   189.40    93.47  117.94  139.25  156.63  183.22  202.82     .00   5/21/16 THERM   C  15 H  32 O   2     0 G16
 QOOH_6G    -64.68   194.10    92.33  116.30  137.11  154.03  179.90  198.93     .00   5/21/16 THERM   C  15 H  31 O   2     0 G16
 ROOH_6    -113.73   189.40    93.47  117.94  139.25  156.63  183.22  202.82     .00   5/21/16 THERM   C  15 H  32 O   2     0 G16
 QOOH_6H    -67.76   193.67    91.69  114.96  135.76  152.82  178.82  198.04     .00   5/21/16 THERM   C  15 H  31 O   2     0 G16
 ROOH_6    -113.73   189.40    93.47  117.94  139.25  156.63  183.22  202.82     .00   5/21/16 THERM   C  15 H  32 O   2     0 G16
 QOOH_6I    -67.76   193.67    91.69  114.96  135.76  152.82  178.82  198.04     .00   5/21/16 THERM   C  15 H  31 O   2     0 G16
 ROOH_6    -113.73   189.40    93.47  117.94  139.25  156.63  183.22  202.82     .00   5/21/16 THERM   C  15 H  32 O   2     0 G16
 QOOH_6J    -67.76   193.67    91.69  114.96  135.76  152.82  178.82  198.04     .00   5/21/16 THERM   C  15 H  31 O   2     0 G16
 ROOH_6    -113.73   189.40    93.47  117.94  139.25  156.63  183.22  202.82     .00   5/21/16 THERM   C  15 H  32 O   2     0 G16
 QOOH_6K    -69.69   194.55    90.66  113.75  134.41  151.53  177.89  197.46     .00   5/21/16 THERM   C  15 H  31 O   2     0 G16
 ROOH_6    -113.73   189.40    93.47  117.94  139.25  156.63  183.22  202.82     .00   5/21/16 THERM   C  15 H  32 O   2     0 G16
 QOOH_6L    -64.68   194.10    92.33  116.30  137.11  154.03  179.90  198.93     .00   5/21/16 THERM   C  15 H  31 O   2     0 G16
 ROOH_6    -113.73   189.40    93.47  117.94  139.25  156.63  183.22  202.82     .00   5/21/16 THERM   C  15 H  32 O   2     0 G16
 QOOH_6M    -67.76   193.67    91.69  114.96  135.76  152.82  178.82  198.04     .00   5/21/16 THERM   C  15 H  31 O   2     0 G16
 ROOH_7    -107.28   192.58    92.37  117.34  139.07  156.65  182.96  202.37     .00   5/21/16 THERM   C  15 H  32 O   2     0 G16
 QOOH_7B    -63.24   197.72    89.56  113.15  134.23  151.55  177.63  197.01     .00   5/21/16 THERM   C  15 H  31 O   2     0 G16
 ROOH_7    -107.28   192.58    92.37  117.34  139.07  156.65  182.96  202.37     .00   5/21/16 THERM   C  15 H  32 O   2     0 G16
 QOOH_7C    -61.31   196.84    90.59  114.36  135.58  152.84  178.56  197.59     .00   5/21/16 THERM   C  15 H  31 O   2     0 G16
 ROOH_7    -107.28   192.58    92.37  117.34  139.07  156.65  182.96  202.37     .00   5/21/16 THERM   C  15 H  32 O   2     0 G16
 QOOH_7D    -61.31   196.84    90.59  114.36  135.58  152.84  178.56  197.59     .00   5/21/16 THERM   C  15 H  31 O   2     0 G16
 ROOH_7    -107.28   192.58    92.37  117.34  139.07  156.65  182.96  202.37     .00   5/21/16 THERM   C  15 H  32 O   2     0 G16
 QOOH_7E    -61.31   196.84    90.59  114.36  135.58  152.84  178.56  197.59     .00   5/21/16 THERM   C  15 H  31 O   2     0 G16
 ROOH_7    -107.28   192.58    92.37  117.34  139.07  156.65  182.96  202.37     .00   5/21/16 THERM   C  15 H  32 O   2     0 G16
 QOOH_7F    -63.24   197.72    89.56  113.15  134.23  151.55  177.63  197.01     .00   5/21/16 THERM   C  15 H  31 O   2     0 G16
 ROOH_7    -107.28   192.58    92.37  117.34  139.07  156.65  182.96  202.37     .00   5/21/16 THERM   C  15 H  32 O   2     0 G16
 QOOH_7H    -61.31   196.84    90.59  114.36  135.58  152.84  178.56  197.59     .00   5/21/16 THERM   C  15 H  31 O   2     0 G16
 ROOH_7    -107.28   192.58    92.37  117.34  139.07  156.65  182.96  202.37     .00   5/21/16 THERM   C  15 H  32 O   2     0 G16
 QOOH_7I    -61.31   196.84    90.59  114.36  135.58  152.84  178.56  197.59     .00   5/21/16 THERM   C  15 H  31 O   2     0 G16
 ROOH_7    -107.28   192.58    92.37  117.34  139.07  156.65  182.96  202.37     .00   5/21/16 THERM   C  15 H  32 O   2     0 G16
 QOOH_7J    -61.31   196.84    90.59  114.36  135.58  152.84  178.56  197.59     .00   5/21/16 THERM   C  15 H  31 O   2     0 G16
 ROOH_7    -107.28   192.58    92.37  117.34  139.07  156.65  182.96  202.37     .00   5/21/16 THERM   C  15 H  32 O   2     0 G16
 QOOH_7K    -63.24   197.72    89.56  113.15  134.23  151.55  177.63  197.01     .00   5/21/16 THERM   C  15 H  31 O   2     0 G16
 ROOH_8    -111.31   189.31    93.06  118.09  139.71  157.14  183.10  202.19     .00   5/21/16 THERM   C  15 H  32 O   2     0 G16
 QOOH_8B    -67.27   194.46    90.25  113.90  134.87  152.04  177.77  196.83     .00   5/21/16 THERM   C  15 H  31 O   2     0 G16
 ROOH_8    -111.31   189.31    93.06  118.09  139.71  157.14  183.10  202.19     .00   5/21/16 THERM   C  15 H  32 O   2     0 G16
 QOOH_8C    -65.34   193.58    91.28  115.11  136.22  153.33  178.70  197.41     .00   5/21/16 THERM   C  15 H  31 O   2     0 G16
 ROOH_8    -111.31   189.31    93.06  118.09  139.71  157.14  183.10  202.19     .00   5/21/16 THERM   C  15 H  32 O   2     0 G16
 QOOH_8D    -65.34   193.58    91.28  115.11  136.22  153.33  178.70  197.41     .00   5/21/16 THERM   C  15 H  31 O   2     0 G16
 ROOH_8    -111.31   189.31    93.06  118.09  139.71  157.14  183.10  202.19     .00   5/21/16 THERM   C  15 H  32 O   2     0 G16
 QOOH_8E    -65.34   193.58    91.28  115.11  136.22  153.33  178.70  197.41     .00   5/21/16 THERM   C  15 H  31 O   2     0 G16
 ROOH_8    -111.31   189.31    93.06  118.09  139.71  157.14  183.10  202.19     .00   5/21/16 THERM   C  15 H  32 O   2     0 G16
 QOOH_8F    -67.27   194.46    90.25  113.90  134.87  152.04  177.77  196.83     .00   5/21/16 THERM   C  15 H  31 O   2     0 G16
 ROOH_8    -111.31   189.31    93.06  118.09  139.71  157.14  183.10  202.19     .00   5/21/16 THERM   C  15 H  32 O   2     0 G16
 QOOH_8G    -62.26   194.01    91.92  116.45  137.57  154.54  179.78  198.30     .00   5/21/16 THERM   C  15 H  31 O   2     0 G16
 ROOH_8    -111.31   189.31    93.06  118.09  139.71  157.14  183.10  202.19     .00   5/21/16 THERM   C  15 H  32 O   2     0 G16
 QOOH_8I    -65.34   193.58    91.28  115.11  136.22  153.33  178.70  197.41     .00   5/21/16 THERM   C  15 H  31 O   2     0 G16
 ROOH_8    -111.31   189.31    93.06  118.09  139.71  157.14  183.10  202.19     .00   5/21/16 THERM   C  15 H  32 O   2     0 G16
 QOOH_8J    -65.34   193.58    91.28  115.11  136.22  153.33  178.70  197.41     .00   5/21/16 THERM   C  15 H  31 O   2     0 G16
 ROOH_8    -111.31   189.31    93.06  118.09  139.71  157.14  183.10  202.19     .00   5/21/16 THERM   C  15 H  32 O   2     0 G16
 QOOH_8K    -67.27   194.46    90.25  113.90  134.87  152.04  177.77  196.83     .00   5/21/16 THERM   C  15 H  31 O   2     0 G16
 ROOH_8    -111.31   189.31    93.06  118.09  139.71  157.14  183.10  202.19     .00   5/21/16 THERM   C  15 H  32 O   2     0 G16
 QOOH_8L    -62.26   194.01    91.92  116.45  137.57  154.54  179.78  198.30     .00   5/21/16 THERM   C  15 H  31 O   2     0 G16
 ROOH_8    -111.31   189.31    93.06  118.09  139.71  157.14  183.10  202.19     .00   5/21/16 THERM   C  15 H  32 O   2     0 G16
 QOOH_8M    -65.34   193.58    91.28  115.11  136.22  153.33  178.70  197.41     .00   5/21/16 THERM   C  15 H  31 O   2     0 G16
 ROOH_8    -111.31   189.31    93.06  118.09  139.71  157.14  183.10  202.19     .00   5/21/16 THERM   C  15 H  32 O   2     0 G16
 QOOH_8N    -62.26   194.01    91.92  116.45  137.57  154.54  179.78  198.30     .00   5/21/16 THERM   C  15 H  31 O   2     0 G16
 ROOH_9    -111.31   189.31    93.06  118.09  139.71  157.14  183.10  202.19     .00   5/21/16 THERM   C  15 H  32 O   2     0 G16
 QOOH_9C    -65.34   193.58    91.28  115.11  136.22  153.33  178.70  197.41     .00   5/21/16 THERM   C  15 H  31 O   2     0 G16
 ROOH_9    -111.31   189.31    93.06  118.09  139.71  157.14  183.10  202.19     .00   5/21/16 THERM   C  15 H  32 O   2     0 G16
 QOOH_9D    -65.34   193.58    91.28  115.11  136.22  153.33  178.70  197.41     .00   5/21/16 THERM   C  15 H  31 O   2     0 G16
 ROOH_9    -111.31   189.31    93.06  118.09  139.71  157.14  183.10  202.19     .00   5/21/16 THERM   C  15 H  32 O   2     0 G16
 QOOH_9E    -65.34   193.58    91.28  115.11  136.22  153.33  178.70  197.41     .00   5/21/16 THERM   C  15 H  31 O   2     0 G16
 ROOH_9    -111.31   189.31    93.06  118.09  139.71  157.14  183.10  202.19     .00   5/21/16 THERM   C  15 H  32 O   2     0 G16
 QOOH_9F    -67.27   194.46    90.25  113.90  134.87  152.04  177.77  196.83     .00   5/21/16 THERM   C  15 H  31 O   2     0 G16
 ROOH_9    -111.31   189.31    93.06  118.09  139.71  157.14  183.10  202.19     .00   5/21/16 THERM   C  15 H  32 O   2     0 G16
 QOOH_9G    -62.26   194.01    91.92  116.45  137.57  154.54  179.78  198.30     .00   5/21/16 THERM   C  15 H  31 O   2     0 G16
 ROOH_9    -111.31   189.31    93.06  118.09  139.71  157.14  183.10  202.19     .00   5/21/16 THERM   C  15 H  32 O   2     0 G16
 QOOH_9H    -65.34   193.58    91.28  115.11  136.22  153.33  178.70  197.41     .00   5/21/16 THERM   C  15 H  31 O   2     0 G16
 ROOH_9    -111.31   189.31    93.06  118.09  139.71  157.14  183.10  202.19     .00   5/21/16 THERM   C  15 H  32 O   2     0 G16
 QOOH_9I    -65.34   193.58    91.28  115.11  136.22  153.33  178.70  197.41     .00   5/21/16 THERM   C  15 H  31 O   2     0 G16
 ROOH_9    -111.31   189.31    93.06  118.09  139.71  157.14  183.10  202.19     .00   5/21/16 THERM   C  15 H  32 O   2     0 G16
 QOOH_9J    -65.34   193.58    91.28  115.11  136.22  153.33  178.70  197.41     .00   5/21/16 THERM   C  15 H  31 O   2     0 G16
 ROOH_9    -111.31   189.31    93.06  118.09  139.71  157.14  183.10  202.19     .00   5/21/16 THERM   C  15 H  32 O   2     0 G16
 QOOH_9K    -67.27   194.46    90.25  113.90  134.87  152.04  177.77  196.83     .00   5/21/16 THERM   C  15 H  31 O   2     0 G16
 ROOH_9    -111.31   189.31    93.06  118.09  139.71  157.14  183.10  202.19     .00   5/21/16 THERM   C  15 H  32 O   2     0 G16
 QOOH_9L    -62.26   194.01    91.92  116.45  137.57  154.54  179.78  198.30     .00   5/21/16 THERM   C  15 H  31 O   2     0 G16
 ROOH_9    -111.31   189.31    93.06  118.09  139.71  157.14  183.10  202.19     .00   5/21/16 THERM   C  15 H  32 O   2     0 G16
 QOOH_9M    -65.34   193.58    91.28  115.11  136.22  153.33  178.70  197.41     .00   5/21/16 THERM   C  15 H  31 O   2     0 G16
 ROOH_9    -111.31   189.31    93.06  118.09  139.71  157.14  183.10  202.19     .00   5/21/16 THERM   C  15 H  32 O   2     0 G16
 QOOH_9N    -62.26   194.01    91.92  116.45  137.57  154.54  179.78  198.30     .00   5/21/16 THERM   C  15 H  31 O   2     0 G16
 ROOH_10   -111.31   189.31    93.06  118.09  139.71  157.14  183.10  202.19     .00   5/21/16 THERM   C  15 H  32 O   2     0 G16
 QOOH_10D   -65.34   193.58    91.28  115.11  136.22  153.33  178.70  197.41     .00   5/21/16 THERM   C  15 H  31 O   2     0 G16
 ROOH_10   -111.31   189.31    93.06  118.09  139.71  157.14  183.10  202.19     .00   5/21/16 THERM   C  15 H  32 O   2     0 G16
 QOOH_10E   -65.34   193.58    91.28  115.11  136.22  153.33  178.70  197.41     .00   5/21/16 THERM   C  15 H  31 O   2     0 G16
 ROOH_10   -111.31   189.31    93.06  118.09  139.71  157.14  183.10  202.19     .00   5/21/16 THERM   C  15 H  32 O   2     0 G16
 QOOH_10F   -67.27   194.46    90.25  113.90  134.87  152.04  177.77  196.83     .00   5/21/16 THERM   C  15 H  31 O   2     0 G16
 ROOH_10   -111.31   189.31    93.06  118.09  139.71  157.14  183.10  202.19     .00   5/21/16 THERM   C  15 H  32 O   2     0 G16
 QOOH_10G   -62.26   194.01    91.92  116.45  137.57  154.54  179.78  198.30     .00   5/21/16 THERM   C  15 H  31 O   2     0 G16
 ROOH_10   -111.31   189.31    93.06  118.09  139.71  157.14  183.10  202.19     .00   5/21/16 THERM   C  15 H  32 O   2     0 G16
 QOOH_10H   -65.34   193.58    91.28  115.11  136.22  153.33  178.70  197.41     .00   5/21/16 THERM   C  15 H  31 O   2     0 G16
 ROOH_10   -111.31   189.31    93.06  118.09  139.71  157.14  183.10  202.19     .00   5/21/16 THERM   C  15 H  32 O   2     0 G16
 QOOH_10I   -65.34   193.58    91.28  115.11  136.22  153.33  178.70  197.41     .00   5/21/16 THERM   C  15 H  31 O   2     0 G16
 ROOH_10   -111.31   189.31    93.06  118.09  139.71  157.14  183.10  202.19     .00   5/21/16 THERM   C  15 H  32 O   2     0 G16
 QOOH_10J   -65.34   193.58    91.28  115.11  136.22  153.33  178.70  197.41     .00   5/21/16 THERM   C  15 H  31 O   2     0 G16
 ROOH_10   -111.31   189.31    93.06  118.09  139.71  157.14  183.10  202.19     .00   5/21/16 THERM   C  15 H  32 O   2     0 G16
 QOOH_10K   -67.27   194.46    90.25  113.90  134.87  152.04  177.77  196.83     .00   5/21/16 THERM   C  15 H  31 O   2     0 G16
 ROOH_10   -111.31   189.31    93.06  118.09  139.71  157.14  183.10  202.19     .00   5/21/16 THERM   C  15 H  32 O   2     0 G16
 QOOH_10L   -62.26   194.01    91.92  116.45  137.57  154.54  179.78  198.30     .00   5/21/16 THERM   C  15 H  31 O   2     0 G16
 ROOH_10   -111.31   189.31    93.06  118.09  139.71  157.14  183.10  202.19     .00   5/21/16 THERM   C  15 H  32 O   2     0 G16
 QOOH_10M   -65.34   193.58    91.28  115.11  136.22  153.33  178.70  197.41     .00   5/21/16 THERM   C  15 H  31 O   2     0 G16
 ROOH_10   -111.31   189.31    93.06  118.09  139.71  157.14  183.10  202.19     .00   5/21/16 THERM   C  15 H  32 O   2     0 G16
 QOOH_10N   -62.26   194.01    91.92  116.45  137.57  154.54  179.78  198.30     .00   5/21/16 THERM   C  15 H  31 O   2     0 G16
 ROOH_11   -113.73   189.40    93.47  117.94  139.25  156.63  183.22  202.82     .00   5/21/16 THERM   C  15 H  32 O   2     0 G16
 QOOH_11E   -67.76   193.67    91.69  114.96  135.76  152.82  178.82  198.04     .00   5/21/16 THERM   C  15 H  31 O   2     0 G16
 ROOH_11   -113.73   189.40    93.47  117.94  139.25  156.63  183.22  202.82     .00   5/21/16 THERM   C  15 H  32 O   2     0 G16
 QOOH_11F   -69.69   194.55    90.66  113.75  134.41  151.53  177.89  197.46     .00   5/21/16 THERM   C  15 H  31 O   2     0 G16
 ROOH_11   -113.73   189.40    93.47  117.94  139.25  156.63  183.22  202.82     .00   5/21/16 THERM   C  15 H  32 O   2     0 G16
 QOOH_11G   -64.68   194.10    92.33  116.30  137.11  154.03  179.90  198.93     .00   5/21/16 THERM   C  15 H  31 O   2     0 G16
 ROOH_11   -113.73   189.40    93.47  117.94  139.25  156.63  183.22  202.82     .00   5/21/16 THERM   C  15 H  32 O   2     0 G16
 QOOH_11H   -67.76   193.67    91.69  114.96  135.76  152.82  178.82  198.04     .00   5/21/16 THERM   C  15 H  31 O   2     0 G16
 ROOH_11   -113.73   189.40    93.47  117.94  139.25  156.63  183.22  202.82     .00   5/21/16 THERM   C  15 H  32 O   2     0 G16
 QOOH_11I   -67.76   193.67    91.69  114.96  135.76  152.82  178.82  198.04     .00   5/21/16 THERM   C  15 H  31 O   2     0 G16
 ROOH_11   -113.73   189.40    93.47  117.94  139.25  156.63  183.22  202.82     .00   5/21/16 THERM   C  15 H  32 O   2     0 G16
 QOOH_11J   -67.76   193.67    91.69  114.96  135.76  152.82  178.82  198.04     .00   5/21/16 THERM   C  15 H  31 O   2     0 G16
 ROOH_11   -113.73   189.40    93.47  117.94  139.25  156.63  183.22  202.82     .00   5/21/16 THERM   C  15 H  32 O   2     0 G16
 QOOH_11L   -64.68   194.10    92.33  116.30  137.11  154.03  179.90  198.93     .00   5/21/16 THERM   C  15 H  31 O   2     0 G16
 ROOH_11   -113.73   189.40    93.47  117.94  139.25  156.63  183.22  202.82     .00   5/21/16 THERM   C  15 H  32 O   2     0 G16
 QOOH_11M   -67.76   193.67    91.69  114.96  135.76  152.82  178.82  198.04     .00   5/21/16 THERM   C  15 H  31 O   2     0 G16
 ROOH_11   -113.73   189.40    93.47  117.94  139.25  156.63  183.22  202.82     .00   5/21/16 THERM   C  15 H  32 O   2     0 G16
 QOOH_11N   -64.68   194.10    92.33  116.30  137.11  154.03  179.90  198.93     .00   5/21/16 THERM   C  15 H  31 O   2     0 G16
 ROOH_12   -107.28   192.58    92.37  117.34  139.07  156.65  182.96  202.37     .00   5/21/16 THERM   C  15 H  32 O   2     0 G16
 QOOH_12F   -63.24   197.72    89.56  113.15  134.23  151.55  177.63  197.01     .00   5/21/16 THERM   C  15 H  31 O   2     0 G16
 ROOH_12   -107.28   192.58    92.37  117.34  139.07  156.65  182.96  202.37     .00   5/21/16 THERM   C  15 H  32 O   2     0 G16
 QOOH_12H   -61.31   196.84    90.59  114.36  135.58  152.84  178.56  197.59     .00   5/21/16 THERM   C  15 H  31 O   2     0 G16
 ROOH_12   -107.28   192.58    92.37  117.34  139.07  156.65  182.96  202.37     .00   5/21/16 THERM   C  15 H  32 O   2     0 G16
 QOOH_12I   -61.31   196.84    90.59  114.36  135.58  152.84  178.56  197.59     .00   5/21/16 THERM   C  15 H  31 O   2     0 G16
 ROOH_12   -107.28   192.58    92.37  117.34  139.07  156.65  182.96  202.37     .00   5/21/16 THERM   C  15 H  32 O   2     0 G16
 QOOH_12J   -61.31   196.84    90.59  114.36  135.58  152.84  178.56  197.59     .00   5/21/16 THERM   C  15 H  31 O   2     0 G16
 ROOH_12   -107.28   192.58    92.37  117.34  139.07  156.65  182.96  202.37     .00   5/21/16 THERM   C  15 H  32 O   2     0 G16
 QOOH_12K   -63.24   197.72    89.56  113.15  134.23  151.55  177.63  197.01     .00   5/21/16 THERM   C  15 H  31 O   2     0 G16
 ROOH_12   -107.28   192.58    92.37  117.34  139.07  156.65  182.96  202.37     .00   5/21/16 THERM   C  15 H  32 O   2     0 G16
 QOOH_12M   -61.31   196.84    90.59  114.36  135.58  152.84  178.56  197.59     .00   5/21/16 THERM   C  15 H  31 O   2     0 G16
 ROOH_12   -107.28   192.58    92.37  117.34  139.07  156.65  182.96  202.37     .00   5/21/16 THERM   C  15 H  32 O   2     0 G16
 QOOH_12N   -58.23   197.27    91.23  115.70  136.93  154.05  179.64  198.48     .00   5/21/16 THERM   C  15 H  31 O   2     0 G16
 ROOH_13   -111.31   189.31    93.06  118.09  139.71  157.14  183.10  202.19     .00   5/21/16 THERM   C  15 H  32 O   2     0 G16
 QOOH_13F   -67.27   194.46    90.25  113.90  134.87  152.04  177.77  196.83     .00   5/21/16 THERM   C  15 H  31 O   2     0 G16
 ROOH_13   -111.31   189.31    93.06  118.09  139.71  157.14  183.10  202.19     .00   5/21/16 THERM   C  15 H  32 O   2     0 G16
 QOOH_13H   -65.34   193.58    91.28  115.11  136.22  153.33  178.70  197.41     .00   5/21/16 THERM   C  15 H  31 O   2     0 G16
 ROOH_13   -111.31   189.31    93.06  118.09  139.71  157.14  183.10  202.19     .00   5/21/16 THERM   C  15 H  32 O   2     0 G16
 QOOH_13I   -65.34   193.58    91.28  115.11  136.22  153.33  178.70  197.41     .00   5/21/16 THERM   C  15 H  31 O   2     0 G16
 ROOH_13   -111.31   189.31    93.06  118.09  139.71  157.14  183.10  202.19     .00   5/21/16 THERM   C  15 H  32 O   2     0 G16
 QOOH_13J   -65.34   193.58    91.28  115.11  136.22  153.33  178.70  197.41     .00   5/21/16 THERM   C  15 H  31 O   2     0 G16
 ROOH_13   -111.31   189.31    93.06  118.09  139.71  157.14  183.10  202.19     .00   5/21/16 THERM   C  15 H  32 O   2     0 G16
 QOOH_13K   -67.27   194.46    90.25  113.90  134.87  152.04  177.77  196.83     .00   5/21/16 THERM   C  15 H  31 O   2     0 G16
 ROOH_13   -111.31   189.31    93.06  118.09  139.71  157.14  183.10  202.19     .00   5/22/16 THERM   C  15 H  32 O   2     0 G16
 QOOH_13L   -62.26   194.01    91.92  116.45  137.57  154.54  179.78  198.30     .00   5/22/16 THERM   C  15 H  31 O   2     0 G16
 ROOH_13   -111.31   189.31    93.06  118.09  139.71  157.14  183.10  202.19     .00   5/21/16 THERM   C  15 H  32 O   2     0 G16
 QOOH_13N   -62.26   194.01    91.92  116.45  137.57  154.54  179.78  198.30     .00   5/21/16 THERM   C  15 H  31 O   2     0 G16
 ROOH_14   -107.28   192.58    92.37  117.34  139.07  156.65  182.96  202.37     .00   5/21/16 THERM   C  15 H  32 O   2     0 G16
 QOOH_14H   -61.31   196.84    90.59  114.36  135.58  152.84  178.56  197.59     .00   5/21/16 THERM   C  15 H  31 O   2     0 G16
 ROOH_14   -107.28   192.58    92.37  117.34  139.07  156.65  182.96  202.37     .00   5/21/16 THERM   C  15 H  32 O   2     0 G16
 QOOH_14I   -61.31   196.84    90.59  114.36  135.58  152.84  178.56  197.59     .00   5/21/16 THERM   C  15 H  31 O   2     0 G16
 ROOH_14   -107.28   192.58    92.37  117.34  139.07  156.65  182.96  202.37     .00   5/21/16 THERM   C  15 H  32 O   2     0 G16
 QOOH_14J   -61.31   196.84    90.59  114.36  135.58  152.84  178.56  197.59     .00   5/21/16 THERM   C  15 H  31 O   2     0 G16
 ROOH_14   -107.28   192.58    92.37  117.34  139.07  156.65  182.96  202.37     .00   5/21/16 THERM   C  15 H  32 O   2     0 G16
 QOOH_14K   -63.24   197.72    89.56  113.15  134.23  151.55  177.63  197.01     .00   5/21/16 THERM   C  15 H  31 O   2     0 G16
 ROOH_14   -107.28   192.58    92.37  117.34  139.07  156.65  182.96  202.37     .00   5/21/16 THERM   C  15 H  32 O   2     0 G16
 QOOH_14L   -58.23   197.27    91.23  115.70  136.93  154.05  179.64  198.48     .00   5/21/16 THERM   C  15 H  31 O   2     0 G16
 ROOH_14   -107.28   192.58    92.37  117.34  139.07  156.65  182.96  202.37     .00   5/21/16 THERM   C  15 H  32 O   2     0 G16
 QOOH_14M   -61.31   196.84    90.59  114.36  135.58  152.84  178.56  197.59     .00   5/21/16 THERM   C  15 H  31 O   2     0 G16
 OOHOOH11  -127.09   211.36    99.81  126.23  148.90  167.06  193.50  213.14     .00   5/21/16 THERM   C  15 H  32 O   4     0 G18
 OOOOH11    -93.92   210.88    98.64  124.45  146.62  164.32  190.25  209.46     .00   5/21/16 THERM   C  15 H  31 O   4     0 G17
 OOHOOH12  -133.54   208.19   100.91  126.83  149.08  167.04  193.76  213.59     .00   5/21/16 THERM   C  15 H  32 O   4     0 G18
 OOOOH12   -100.37   207.71    99.74  125.05  146.80  164.30  190.51  209.91     .00   5/21/16 THERM   C  15 H  31 O   4     0 G17
 OOHOOH13  -131.12   208.10   100.50  126.98  149.54  167.55  193.64  212.96     .00   5/21/16 THERM   C  15 H  32 O   4     0 G18
 OOOOH13    -97.95   207.62    99.33  125.20  147.26  164.81  190.39  209.28     .00   5/21/16 THERM   C  15 H  31 O   4     0 G17
 OOHOOH14  -131.12   208.10   100.50  126.98  149.54  167.55  193.64  212.96     .00   5/22/16 THERM   C  15 H  32 O   4     0 G18
 OOOOH14    -97.95   207.62    99.33  125.20  147.26  164.81  190.39  209.28     .00   5/22/16 THERM   C  15 H  31 O   4     0 G17
 OOHOOH15  -131.12   208.10   100.50  126.98  149.54  167.55  193.64  212.96     .00   5/21/16 THERM   C  15 H  32 O   4     0 G18
 OOOOH15    -97.95   207.62    99.33  125.20  147.26  164.81  190.39  209.28     .00   5/21/16 THERM   C  15 H  31 O   4     0 G17
 OOHOOH16  -133.54   208.19   100.91  126.83  149.08  167.04  193.76  213.59     .00   5/21/16 THERM   C  15 H  32 O   4     0 G18
 OOOOH16   -100.37   207.71    99.74  125.05  146.80  164.30  190.51  209.91     .00   5/21/16 THERM   C  15 H  31 O   4     0 G17
 OOHOOH21  -133.54   208.19   100.91  126.83  149.08  167.04  193.76  213.59     .00   5/21/16 THERM   C  15 H  32 O   4     0 G18
 OOOOH21   -100.37   207.71    99.74  125.05  146.80  164.30  190.51  209.91     .00   5/21/16 THERM   C  15 H  31 O   4     0 G17
 OOHOOH23  -137.57   204.92   101.60  127.58  149.72  167.53  193.90  213.41     .00   5/21/16 THERM   C  15 H  32 O   4     0 G18
 OOOOH23   -104.40   204.45   100.43  125.80  147.44  164.79  190.65  209.73     .00   5/21/16 THERM   C  15 H  31 O   4     0 G17
 OOHOOH24  -137.57   204.92   101.60  127.58  149.72  167.53  193.90  213.41     .00   5/21/16 THERM   C  15 H  32 O   4     0 G18
 OOOOH24   -104.40   204.45   100.43  125.80  147.44  164.79  190.65  209.73     .00   5/21/16 THERM   C  15 H  31 O   4     0 G17
 OOHOOH25  -137.57   204.92   101.60  127.58  149.72  167.53  193.90  213.41     .00   5/21/16 THERM   C  15 H  32 O   4     0 G18
 OOOOH25   -104.40   204.45   100.43  125.80  147.44  164.79  190.65  209.73     .00   5/21/16 THERM   C  15 H  31 O   4     0 G17
 OOHOOH26  -139.99   205.01   102.01  127.43  149.26  167.02  194.02  214.04     .00   5/21/16 THERM   C  15 H  32 O   4     0 G18
 OOOOH26   -106.82   204.54   100.84  125.65  146.98  164.28  190.77  210.36     .00   5/21/16 THERM   C  15 H  31 O   4     0 G17
 OOHOOH27  -133.54   208.19   100.91  126.83  149.08  167.04  193.76  213.59     .00   5/21/16 THERM   C  15 H  32 O   4     0 G18
 OOOOH27   -100.37   207.71    99.74  125.05  146.80  164.30  190.51  209.91     .00   5/21/16 THERM   C  15 H  31 O   4     0 G17
 OOHOOH28  -137.57   204.92   101.60  127.58  149.72  167.53  193.90  213.41     .00   5/21/16 THERM   C  15 H  32 O   4     0 G18
 OOOOH28   -104.40   204.45   100.43  125.80  147.44  164.79  190.65  209.73     .00   5/21/16 THERM   C  15 H  31 O   4     0 G17
 OOHOOH31  -131.12   208.10   100.50  126.98  149.54  167.55  193.64  212.96     .00   5/21/16 THERM   C  15 H  32 O   4     0 G18
 OOOOH31    -97.95   207.62    99.33  125.20  147.26  164.81  190.39  209.28     .00   5/21/16 THERM   C  15 H  31 O   4     0 G17
 OOHOOH32  -137.57   204.92   101.60  127.58  149.72  167.53  193.90  213.41     .00   5/21/16 THERM   C  15 H  32 O   4     0 G18
 OOOOH32   -104.40   204.45   100.43  125.80  147.44  164.79  190.65  209.73     .00   5/21/16 THERM   C  15 H  31 O   4     0 G17
 OOHOOH34  -135.15   204.83   101.19  127.73  150.18  168.04  193.78  212.78     .00   5/21/16 THERM   C  15 H  32 O   4     0 G18
 OOOOH34   -101.98   204.36   100.02  125.95  147.90  165.30  190.53  209.10     .00   5/21/16 THERM   C  15 H  31 O   4     0 G17
 OOHOOH35  -135.15   204.83   101.19  127.73  150.18  168.04  193.78  212.78     .00   5/21/16 THERM   C  15 H  32 O   4     0 G18
 OOOOH35   -101.98   204.36   100.02  125.95  147.90  165.30  190.53  209.10     .00   5/21/16 THERM   C  15 H  31 O   4     0 G17
 OOHOOH36  -137.57   204.92   101.60  127.58  149.72  167.53  193.90  213.41     .00   5/21/16 THERM   C  15 H  32 O   4     0 G18
 OOOOH36   -104.40   204.45   100.43  125.80  147.44  164.79  190.65  209.73     .00   5/21/16 THERM   C  15 H  31 O   4     0 G17
 OOHOOH37  -131.12   208.10   100.50  126.98  149.54  167.55  193.64  212.96     .00   5/21/16 THERM   C  15 H  32 O   4     0 G18
 OOOOH37    -97.95   207.62    99.33  125.20  147.26  164.81  190.39  209.28     .00   5/21/16 THERM   C  15 H  31 O   4     0 G17
 OOHOOH38  -135.15   204.83   101.19  127.73  150.18  168.04  193.78  212.78     .00   5/21/16 THERM   C  15 H  32 O   4     0 G18
 OOOOH38   -101.98   204.36   100.02  125.95  147.90  165.30  190.53  209.10     .00   5/21/16 THERM   C  15 H  31 O   4     0 G17
 OOHOOH39  -135.15   204.83   101.19  127.73  150.18  168.04  193.78  212.78     .00   5/21/16 THERM   C  15 H  32 O   4     0 G18
 OOOOH39   -101.98   204.36   100.02  125.95  147.90  165.30  190.53  209.10     .00   5/21/16 THERM   C  15 H  31 O   4     0 G17
 OOHOOH41  -131.12   208.10   100.50  126.98  149.54  167.55  193.64  212.96     .00   5/21/16 THERM   C  15 H  32 O   4     0 G18
 OOOOH41    -97.95   207.62    99.33  125.20  147.26  164.81  190.39  209.28     .00   5/21/16 THERM   C  15 H  31 O   4     0 G17
 OOHOOH42  -137.57   204.92   101.60  127.58  149.72  167.53  193.90  213.41     .00   5/21/16 THERM   C  15 H  32 O   4     0 G18
 OOOOH42   -104.40   204.45   100.43  125.80  147.44  164.79  190.65  209.73     .00   5/21/16 THERM   C  15 H  31 O   4     0 G17
 OOHOOH43  -135.15   204.83   101.19  127.73  150.18  168.04  193.78  212.78     .00   5/21/16 THERM   C  15 H  32 O   4     0 G18
 OOOOH43   -101.98   204.36   100.02  125.95  147.90  165.30  190.53  209.10     .00   5/21/16 THERM   C  15 H  31 O   4     0 G17
 OOHOOH45  -135.15   204.83   101.19  127.73  150.18  168.04  193.78  212.78     .00   5/21/16 THERM   C  15 H  32 O   4     0 G18
 OOOOH45   -101.98   204.36   100.02  125.95  147.90  165.30  190.53  209.10     .00   5/21/16 THERM   C  15 H  31 O   4     0 G17
 OOHOOH46  -137.57   204.92   101.60  127.58  149.72  167.53  193.90  213.41     .00   5/21/16 THERM   C  15 H  32 O   4     0 G18
 OOOOH46   -104.40   204.45   100.43  125.80  147.44  164.79  190.65  209.73     .00   5/21/16 THERM   C  15 H  31 O   4     0 G17
 OOHOOH47  -131.12   208.10   100.50  126.98  149.54  167.55  193.64  212.96     .00   5/21/16 THERM   C  15 H  32 O   4     0 G18
 OOOOH47    -97.95   207.62    99.33  125.20  147.26  164.81  190.39  209.28     .00   5/21/16 THERM   C  15 H  31 O   4     0 G17
 OOHOOH48  -135.15   204.83   101.19  127.73  150.18  168.04  193.78  212.78     .00   5/21/16 THERM   C  15 H  32 O   4     0 G18
 OOOOH48   -101.98   204.36   100.02  125.95  147.90  165.30  190.53  209.10     .00   5/21/16 THERM   C  15 H  31 O   4     0 G17
 OOHOOH49  -135.15   204.83   101.19  127.73  150.18  168.04  193.78  212.78     .00   5/21/16 THERM   C  15 H  32 O   4     0 G18
 OOOOH49   -101.98   204.36   100.02  125.95  147.90  165.30  190.53  209.10     .00   5/21/16 THERM   C  15 H  31 O   4     0 G17
 OOHOOH410 -135.15   204.83   101.19  127.73  150.18  168.04  193.78  212.78     .00   5/21/16 THERM   C  15 H  32 O   4     0 G18
 OOOOH410  -101.98   204.36   100.02  125.95  147.90  165.30  190.53  209.10     .00   5/21/16 THERM   C  15 H  31 O   4     0 G17
 OOHOOH51  -131.12   208.10   100.50  126.98  149.54  167.55  193.64  212.96     .00   5/21/16 THERM   C  15 H  32 O   4     0 G18
 OOOOH51    -97.95   207.62    99.33  125.20  147.26  164.81  190.39  209.28     .00   5/21/16 THERM   C  15 H  31 O   4     0 G17
 OOHOOH52  -137.57   204.92   101.60  127.58  149.72  167.53  193.90  213.41     .00   5/21/16 THERM   C  15 H  32 O   4     0 G18
 OOOOH52   -104.40   204.45   100.43  125.80  147.44  164.79  190.65  209.73     .00   5/21/16 THERM   C  15 H  31 O   4     0 G17
 OOHOOH53  -135.15   204.83   101.19  127.73  150.18  168.04  193.78  212.78     .00   5/21/16 THERM   C  15 H  32 O   4     0 G18
 OOOOH53   -101.98   204.36   100.02  125.95  147.90  165.30  190.53  209.10     .00   5/21/16 THERM   C  15 H  31 O   4     0 G17
 OOHOOH54  -135.15   204.83   101.19  127.73  150.18  168.04  193.78  212.78     .00   5/21/16 THERM   C  15 H  32 O   4     0 G18
 OOOOH54   -101.98   204.36   100.02  125.95  147.90  165.30  190.53  209.10     .00   5/21/16 THERM   C  15 H  31 O   4     0 G17
 OOHOOH56  -137.57   204.92   101.60  127.58  149.72  167.53  193.90  213.41     .00   5/21/16 THERM   C  15 H  32 O   4     0 G18
 OOOOH56   -104.40   204.45   100.43  125.80  147.44  164.79  190.65  209.73     .00   5/21/16 THERM   C  15 H  31 O   4     0 G17
 OOHOOH57  -131.12   208.10   100.50  126.98  149.54  167.55  193.64  212.96     .00   5/21/16 THERM   C  15 H  32 O   4     0 G18
 OOOOH57    -97.95   207.62    99.33  125.20  147.26  164.81  190.39  209.28     .00   5/21/16 THERM   C  15 H  31 O   4     0 G17
 OOHOOH58  -135.15   204.83   101.19  127.73  150.18  168.04  193.78  212.78     .00   5/21/16 THERM   C  15 H  32 O   4     0 G18
 OOOOH58   -101.98   204.36   100.02  125.95  147.90  165.30  190.53  209.10     .00   5/21/16 THERM   C  15 H  31 O   4     0 G17
 OOHOOH59  -135.15   204.83   101.19  127.73  150.18  168.04  193.78  212.78     .00   5/21/16 THERM   C  15 H  32 O   4     0 G18
 OOOOH59   -101.98   204.36   100.02  125.95  147.90  165.30  190.53  209.10     .00   5/21/16 THERM   C  15 H  31 O   4     0 G17
 OOHOOH510 -135.15   204.83   101.19  127.73  150.18  168.04  193.78  212.78     .00   5/21/16 THERM   C  15 H  32 O   4     0 G18
 OOOOH510  -101.98   204.36   100.02  125.95  147.90  165.30  190.53  209.10     .00   5/21/16 THERM   C  15 H  31 O   4     0 G17
 OOHOOH511 -137.57   204.92   101.60  127.58  149.72  167.53  193.90  213.41     .00   5/21/16 THERM   C  15 H  32 O   4     0 G18
 OOOOH511  -104.40   204.45   100.43  125.80  147.44  164.79  190.65  209.73     .00   5/21/16 THERM   C  15 H  31 O   4     0 G17
 OOHOOH61  -133.54   208.19   100.91  126.83  149.08  167.04  193.76  213.59     .00   5/21/16 THERM   C  15 H  32 O   4     0 G18
 OOOOH61   -100.37   207.71    99.74  125.05  146.80  164.30  190.51  209.91     .00   5/21/16 THERM   C  15 H  31 O   4     0 G17
 OOHOOH62  -139.99   205.01   102.01  127.43  149.26  167.02  194.02  214.04     .00   5/21/16 THERM   C  15 H  32 O   4     0 G18
 OOOOH62   -106.82   204.54   100.84  125.65  146.98  164.28  190.77  210.36     .00   5/21/16 THERM   C  15 H  31 O   4     0 G17
 OOHOOH63  -137.57   204.92   101.60  127.58  149.72  167.53  193.90  213.41     .00   5/21/16 THERM   C  15 H  32 O   4     0 G18
 OOOOH63   -104.40   204.45   100.43  125.80  147.44  164.79  190.65  209.73     .00   5/21/16 THERM   C  15 H  31 O   4     0 G17
 OOHOOH64  -137.57   204.92   101.60  127.58  149.72  167.53  193.90  213.41     .00   5/21/16 THERM   C  15 H  32 O   4     0 G18
 OOOOH64   -104.40   204.45   100.43  125.80  147.44  164.79  190.65  209.73     .00   5/21/16 THERM   C  15 H  31 O   4     0 G17
 OOHOOH65  -137.57   204.92   101.60  127.58  149.72  167.53  193.90  213.41     .00   5/21/16 THERM   C  15 H  32 O   4     0 G18
 OOOOH65   -104.40   204.45   100.43  125.80  147.44  164.79  190.65  209.73     .00   5/21/16 THERM   C  15 H  31 O   4     0 G17
 OOHOOH67  -133.54   208.19   100.91  126.83  149.08  167.04  193.76  213.59     .00   5/21/16 THERM   C  15 H  32 O   4     0 G18
 OOOOH67   -100.37   207.71    99.74  125.05  146.80  164.30  190.51  209.91     .00   5/21/16 THERM   C  15 H  31 O   4     0 G17
 OOHOOH68  -137.57   204.92   101.60  127.58  149.72  167.53  193.90  213.41     .00   5/21/16 THERM   C  15 H  32 O   4     0 G18
 OOOOH68   -104.40   204.45   100.43  125.80  147.44  164.79  190.65  209.73     .00   5/21/16 THERM   C  15 H  31 O   4     0 G17
 OOHOOH69  -137.57   204.92   101.60  127.58  149.72  167.53  193.90  213.41     .00   5/21/16 THERM   C  15 H  32 O   4     0 G18
 OOOOH69   -104.40   204.45   100.43  125.80  147.44  164.79  190.65  209.73     .00   5/21/16 THERM   C  15 H  31 O   4     0 G17
 OOHOOH610 -137.57   204.92   101.60  127.58  149.72  167.53  193.90  213.41     .00   5/21/16 THERM   C  15 H  32 O   4     0 G18
 OOOOH610  -104.40   204.45   100.43  125.80  147.44  164.79  190.65  209.73     .00   5/21/16 THERM   C  15 H  31 O   4     0 G17
 OOHOOH611 -139.99   205.01   102.01  127.43  149.26  167.02  194.02  214.04     .00   5/21/16 THERM   C  15 H  32 O   4     0 G18
 OOOOH611  -106.82   204.54   100.84  125.65  146.98  164.28  190.77  210.36     .00   5/21/16 THERM   C  15 H  31 O   4     0 G17 
 OOHOOH612 -133.54   208.19   100.91  126.83  149.08  167.04  193.76  213.59     .00   5/22/16 THERM   C  15 H  32 O   4     0 G18
 OOOOH612  -100.37   207.71    99.74  125.05  146.80  164.30  190.51  209.91     .00   5/22/16 THERM   C  15 H  31 O   4     0 G17
 OOHOOH613 -137.57   204.92   101.60  127.58  149.72  167.53  193.90  213.41     .00   5/21/16 THERM   C  15 H  32 O   4     0 G18
 OOOOH613  -104.40   204.45   100.43  125.80  147.44  164.79  190.65  209.73     .00   5/21/16 THERM   C  15 H  31 O   4     0 G17
 OOHOOH72  -133.54   208.19   100.91  126.83  149.08  167.04  193.76  213.59     .00   5/21/16 THERM   C  15 H  32 O   4     0 G18
 OOOOH72   -100.37   207.71    99.74  125.05  146.80  164.30  190.51  209.91     .00   5/21/16 THERM   C  15 H  31 O   4     0 G17
 OOHOOH73  -131.12   208.10   100.50  126.98  149.54  167.55  193.64  212.96     .00   5/21/16 THERM   C  15 H  32 O   4     0 G18
 OOOOH73    -97.95   207.62    99.33  125.20  147.26  164.81  190.39  209.28     .00   5/21/16 THERM   C  15 H  31 O   4     0 G17
 OOHOOH74  -131.12   208.10   100.50  126.98  149.54  167.55  193.64  212.96     .00   5/21/16 THERM   C  15 H  32 O   4     0 G18
 OOOOH74    -97.95   207.62    99.33  125.20  147.26  164.81  190.39  209.28     .00   5/21/16 THERM   C  15 H  31 O   4     0 G17
 OOHOOH75  -131.12   208.10   100.50  126.98  149.54  167.55  193.64  212.96     .00   5/21/16 THERM   C  15 H  32 O   4     0 G18
 OOOOH75    -97.95   207.62    99.33  125.20  147.26  164.81  190.39  209.28     .00   5/21/16 THERM   C  15 H  31 O   4     0 G17
 OOHOOH76  -133.54   208.19   100.91  126.83  149.08  167.04  193.76  213.59     .00   5/21/16 THERM   C  15 H  32 O   4     0 G18
 OOOOH76   -100.37   207.71    99.74  125.05  146.80  164.30  190.51  209.91     .00   5/21/16 THERM   C  15 H  31 O   4     0 G17
 OOHOOH78  -131.12   208.10   100.50  126.98  149.54  167.55  193.64  212.96     .00   5/21/16 THERM   C  15 H  32 O   4     0 G18
 OOOOH78    -97.95   207.62    99.33  125.20  147.26  164.81  190.39  209.28     .00   5/21/16 THERM   C  15 H  31 O   4     0 G17
 OOHOOH79  -131.12   208.10   100.50  126.98  149.54  167.55  193.64  212.96     .00   5/21/16 THERM   C  15 H  32 O   4     0 G18
 OOOOH79    -97.95   207.62    99.33  125.20  147.26  164.81  190.39  209.28     .00   5/21/16 THERM   C  15 H  31 O   4     0 G17
 OOHOOH710 -131.12   208.10   100.50  126.98  149.54  167.55  193.64  212.96     .00   5/21/16 THERM   C  15 H  32 O   4     0 G18
 OOOOH710   -97.95   207.62    99.33  125.20  147.26  164.81  190.39  209.28     .00   5/21/16 THERM   C  15 H  31 O   4     0 G17
 OOHOOH711 -133.54   208.19   100.91  126.83  149.08  167.04  193.76  213.59     .00   5/22/16 THERM   C  15 H  32 O   4     0 G18
 OOOOH711  -100.37   207.71    99.74  125.05  146.80  164.30  190.51  209.91     .00   5/22/16 THERM   C  15 H  31 O   4     0 G17
 OOHOOH82  -137.57   204.92   101.60  127.58  149.72  167.53  193.90  213.41     .00   5/21/16 THERM   C  15 H  32 O   4     0 G18
 OOOOH82   -104.40   204.45   100.43  125.80  147.44  164.79  190.65  209.73     .00   5/21/16 THERM   C  15 H  31 O   4     0 G17
 OOHOOH83  -135.15   204.83   101.19  127.73  150.18  168.04  193.78  212.78     .00   5/21/16 THERM   C  15 H  32 O   4     0 G18
 OOOOH83   -101.98   204.36   100.02  125.95  147.90  165.30  190.53  209.10     .00   5/21/16 THERM   C  15 H  31 O   4     0 G17
 OOHOOH84  -135.15   204.83   101.19  127.73  150.18  168.04  193.78  212.78     .00   5/21/16 THERM   C  15 H  32 O   4     0 G18
 OOOOH84   -101.98   204.36   100.02  125.95  147.90  165.30  190.53  209.10     .00   5/21/16 THERM   C  15 H  31 O   4     0 G17
 OOHOOH85  -135.15   204.83   101.19  127.73  150.18  168.04  193.78  212.78     .00   5/21/16 THERM   C  15 H  32 O   4     0 G18
 OOOOH85   -101.98   204.36   100.02  125.95  147.90  165.30  190.53  209.10     .00   5/21/16 THERM   C  15 H  31 O   4     0 G17
 OOHOOH86  -137.57   204.92   101.60  127.58  149.72  167.53  193.90  213.41     .00   5/21/16 THERM   C  15 H  32 O   4     0 G18
 OOOOH86   -104.40   204.45   100.43  125.80  147.44  164.79  190.65  209.73     .00   5/21/16 THERM   C  15 H  31 O   4     0 G17
 OOHOOH87  -131.12   208.10   100.50  126.98  149.54  167.55  193.64  212.96     .00   5/21/16 THERM   C  15 H  32 O   4     0 G18
 OOOOH87    -97.95   207.62    99.33  125.20  147.26  164.81  190.39  209.28     .00   5/21/16 THERM   C  15 H  31 O   4     0 G17
 OOHOOH89  -135.15   204.83   101.19  127.73  150.18  168.04  193.78  212.78     .00   5/21/16 THERM   C  15 H  32 O   4     0 G18
 OOOOH89   -101.98   204.36   100.02  125.95  147.90  165.30  190.53  209.10     .00   5/21/16 THERM   C  15 H  31 O   4     0 G17
 OOHOOH810 -135.15   204.83   101.19  127.73  150.18  168.04  193.78  212.78     .00   5/21/16 THERM   C  15 H  32 O   4     0 G18
 OOOOH810  -101.98   204.36   100.02  125.95  147.90  165.30  190.53  209.10     .00   5/21/16 THERM   C  15 H  31 O   4     0 G17
 OOHOOH811 -137.57   204.92   101.60  127.58  149.72  167.53  193.90  213.41     .00   5/21/16 THERM   C  15 H  32 O   4     0 G18
 OOOOH811  -104.40   204.45   100.43  125.80  147.44  164.79  190.65  209.73     .00   5/21/16 THERM   C  15 H  31 O   4     0 G17
 OOHOOH812 -131.12   208.10   100.50  126.98  149.54  167.55  193.64  212.96     .00   5/21/16 THERM   C  15 H  32 O   4     0 G18
 OOOOH812   -97.95   207.62    99.33  125.20  147.26  164.81  190.39  209.28     .00   5/21/16 THERM   C  15 H  31 O   4     0 G17
 OOHOOH813 -135.15   204.83   101.19  127.73  150.18  168.04  193.78  212.78     .00   5/22/16 THERM   C  15 H  32 O   4     0 G18
 OOOOH813  -101.98   204.36   100.02  125.95  147.90  165.30  190.53  209.10     .00   5/22/16 THERM   C  15 H  31 O   4     0 G17
 OOHOOH814 -131.12   208.10   100.50  126.98  149.54  167.55  193.64  212.96     .00   5/21/16 THERM   C  15 H  32 O   4     0 G18
 OOOOH814   -97.95   207.62    99.33  125.20  147.26  164.81  190.39  209.28     .00   5/21/16 THERM   C  15 H  31 O   4     0 G17
 OOHOOH93  -135.15   204.83   101.19  127.73  150.18  168.04  193.78  212.78     .00   5/21/16 THERM   C  15 H  32 O   4     0 G18
 OOOOH93   -101.98   204.36   100.02  125.95  147.90  165.30  190.53  209.10     .00   5/21/16 THERM   C  15 H  31 O   4     0 G17
 OOHOOH94  -135.15   204.83   101.19  127.73  150.18  168.04  193.78  212.78     .00   5/21/16 THERM   C  15 H  32 O   4     0 G18
 OOOOH94   -101.98   204.36   100.02  125.95  147.90  165.30  190.53  209.10     .00   5/21/16 THERM   C  15 H  31 O   4     0 G17
 OOHOOH95  -135.15   204.83   101.19  127.73  150.18  168.04  193.78  212.78     .00   5/21/16 THERM   C  15 H  32 O   4     0 G18
 OOOOH95   -101.98   204.36   100.02  125.95  147.90  165.30  190.53  209.10     .00   5/21/16 THERM   C  15 H  31 O   4     0 G17
 OOHOOH96  -137.57   204.92   101.60  127.58  149.72  167.53  193.90  213.41     .00   5/21/16 THERM   C  15 H  32 O   4     0 G18
 OOOOH96   -104.40   204.45   100.43  125.80  147.44  164.79  190.65  209.73     .00   5/21/16 THERM   C  15 H  31 O   4     0 G17
 OOHOOH97  -131.12   208.10   100.50  126.98  149.54  167.55  193.64  212.96     .00   5/21/16 THERM   C  15 H  32 O   4     0 G18
 OOOOH97    -97.95   207.62    99.33  125.20  147.26  164.81  190.39  209.28     .00   5/21/16 THERM   C  15 H  31 O   4     0 G17
 OOHOOH98  -135.15   204.83   101.19  127.73  150.18  168.04  193.78  212.78     .00   5/21/16 THERM   C  15 H  32 O   4     0 G18
 OOOOH98   -101.98   204.36   100.02  125.95  147.90  165.30  190.53  209.10     .00   5/21/16 THERM   C  15 H  31 O   4     0 G17
 OOHOOH910 -135.15   204.83   101.19  127.73  150.18  168.04  193.78  212.78     .00   5/21/16 THERM   C  15 H  32 O   4     0 G18
 OOOOH910  -101.98   204.36   100.02  125.95  147.90  165.30  190.53  209.10     .00   5/21/16 THERM   C  15 H  31 O   4     0 G17
 OOHOOH911 -137.57   204.92   101.60  127.58  149.72  167.53  193.90  213.41     .00   5/21/16 THERM   C  15 H  32 O   4     0 G18
 OOOOH911  -104.40   204.45   100.43  125.80  147.44  164.79  190.65  209.73     .00   5/21/16 THERM   C  15 H  31 O   4     0 G17
 OOHOOH912 -131.12   208.10   100.50  126.98  149.54  167.55  193.64  212.96     .00   5/21/16 THERM   C  15 H  32 O   4     0 G18
 OOOOH912   -97.95   207.62    99.33  125.20  147.26  164.81  190.39  209.28     .00   5/21/16 THERM   C  15 H  31 O   4     0 G17
 OOHOOH913 -135.15   204.83   101.19  127.73  150.18  168.04  193.78  212.78     .00   5/22/16 THERM   C  15 H  32 O   4     0 G18
 OOOOH913  -101.98   204.36   100.02  125.95  147.90  165.30  190.53  209.10     .00   5/22/16 THERM   C  15 H  31 O   4     0 G17
 OOHOOH914 -131.12   208.10   100.50  126.98  149.54  167.55  193.64  212.96     .00   5/21/16 THERM   C  15 H  32 O   4     0 G18
 OOOOH914   -97.95   207.62    99.33  125.20  147.26  164.81  190.39  209.28     .00   5/21/16 THERM   C  15 H  31 O   4     0 G17
 OOHOOH104 -135.15   204.83   101.19  127.73  150.18  168.04  193.78  212.78     .00   5/21/16 THERM   C  15 H  32 O   4     0 G18
 OOOOH104  -101.98   204.36   100.02  125.95  147.90  165.30  190.53  209.10     .00   5/21/16 THERM   C  15 H  31 O   4     0 G17
 OOHOOH105 -135.15   204.83   101.19  127.73  150.18  168.04  193.78  212.78     .00   5/21/16 THERM   C  15 H  32 O   4     0 G18
 OOOOH105  -101.98   204.36   100.02  125.95  147.90  165.30  190.53  209.10     .00   5/21/16 THERM   C  15 H  31 O   4     0 G17
 OOHOOH106 -137.57   204.92   101.60  127.58  149.72  167.53  193.90  213.41     .00   5/21/16 THERM   C  15 H  32 O   4     0 G18
 OOOOH106  -104.40   204.45   100.43  125.80  147.44  164.79  190.65  209.73     .00   5/21/16 THERM   C  15 H  31 O   4     0 G17
 OOHOOH107 -131.12   208.10   100.50  126.98  149.54  167.55  193.64  212.96     .00   5/21/16 THERM   C  15 H  32 O   4     0 G18
 OOOOH107   -97.95   207.62    99.33  125.20  147.26  164.81  190.39  209.28     .00   5/21/16 THERM   C  15 H  31 O   4     0 G17
 OOHOOH108 -135.15   204.83   101.19  127.73  150.18  168.04  193.78  212.78     .00   5/21/16 THERM   C  15 H  32 O   4     0 G18
 OOOOH108  -101.98   204.36   100.02  125.95  147.90  165.30  190.53  209.10     .00   5/21/16 THERM   C  15 H  31 O   4     0 G17
 OOHOOH109 -135.15   204.83   101.19  127.73  150.18  168.04  193.78  212.78     .00   5/21/16 THERM   C  15 H  32 O   4     0 G18
 OOOOH109  -101.98   204.36   100.02  125.95  147.90  165.30  190.53  209.10     .00   5/21/16 THERM   C  15 H  31 O   4     0 G17
 OOHOOH101 -137.57   204.92   101.60  127.58  149.72  167.53  193.90  213.41     .00   5/21/16 THERM   C  15 H  32 O   4     0 G18
 OOOOH1011 -104.40   204.45   100.43  125.80  147.44  164.79  190.65  209.73     .00   5/21/16 THERM   C  15 H  31 O   4     0 G17
 OOHOOH101 -131.12   208.10   100.50  126.98  149.54  167.55  193.64  212.96     .00   5/21/16 THERM   C  15 H  32 O   4     0 G18
 OOOOH1012  -97.95   207.62    99.33  125.20  147.26  164.81  190.39  209.28     .00   5/21/16 THERM   C  15 H  31 O   4     0 G17
 OOHOOH101 -135.15   204.83   101.19  127.73  150.18  168.04  193.78  212.78     .00   5/21/16 THERM   C  15 H  32 O   4     0 G18
 OOOOH1013 -101.98   204.36   100.02  125.95  147.90  165.30  190.53  209.10     .00   5/21/16 THERM   C  15 H  31 O   4     0 G17
 OOHOOH101 -131.12   208.10   100.50  126.98  149.54  167.55  193.64  212.96     .00   5/21/16 THERM   C  15 H  32 O   4     0 G18
 OOOOH1014  -97.95   207.62    99.33  125.20  147.26  164.81  190.39  209.28     .00   5/21/16 THERM   C  15 H  31 O   4     0 G17
 OOHOOH115 -137.57   204.92   101.60  127.58  149.72  167.53  193.90  213.41     .00   5/21/16 THERM   C  15 H  32 O   4     0 G18
 OOOOH115  -104.40   204.45   100.43  125.80  147.44  164.79  190.65  209.73     .00   5/21/16 THERM   C  15 H  31 O   4     0 G17
 OOHOOH116 -139.99   205.01   102.01  127.43  149.26  167.02  194.02  214.04     .00   5/21/16 THERM   C  15 H  32 O   4     0 G18
 OOOOH116  -106.82   204.54   100.84  125.65  146.98  164.28  190.77  210.36     .00   5/21/16 THERM   C  15 H  31 O   4     0 G17
 OOHOOH117 -133.54   208.19   100.91  126.83  149.08  167.04  193.76  213.59     .00   5/21/16 THERM   C  15 H  32 O   4     0 G18
 OOOOH117  -100.37   207.71    99.74  125.05  146.80  164.30  190.51  209.91     .00   5/21/16 THERM   C  15 H  31 O   4     0 G17
 OOHOOH118 -137.57   204.92   101.60  127.58  149.72  167.53  193.90  213.41     .00   5/21/16 THERM   C  15 H  32 O   4     0 G18
 OOOOH118  -104.40   204.45   100.43  125.80  147.44  164.79  190.65  209.73     .00   5/21/16 THERM   C  15 H  31 O   4     0 G17
 OOHOOH119 -137.57   204.92   101.60  127.58  149.72  167.53  193.90  213.41     .00   5/21/16 THERM   C  15 H  32 O   4     0 G18
 OOOOH119  -104.40   204.45   100.43  125.80  147.44  164.79  190.65  209.73     .00   5/21/16 THERM   C  15 H  31 O   4     0 G17
 OOHOOH111 -137.57   204.92   101.60  127.58  149.72  167.53  193.90  213.41     .00   5/21/16 THERM   C  15 H  32 O   4     0 G18
 OOOOH1110 -104.40   204.45   100.43  125.80  147.44  164.79  190.65  209.73     .00   5/21/16 THERM   C  15 H  31 O   4     0 G17
 OOHOOH111 -133.54   208.19   100.91  126.83  149.08  167.04  193.76  213.59     .00   5/21/16 THERM   C  15 H  32 O   4     0 G18
 OOOOH1112 -100.37   207.71    99.74  125.05  146.80  164.30  190.51  209.91     .00   5/21/16 THERM   C  15 H  31 O   4     0 G17
 OOHOOH111 -137.57   204.92   101.60  127.58  149.72  167.53  193.90  213.41     .00   5/21/16 THERM   C  15 H  32 O   4     0 G18
 OOOOH1113 -104.40   204.45   100.43  125.80  147.44  164.79  190.65  209.73     .00   5/21/16 THERM   C  15 H  31 O   4     0 G17
 OOHOOH111 -133.54   208.19   100.91  126.83  149.08  167.04  193.76  213.59     .00   5/21/16 THERM   C  15 H  32 O   4     0 G18
 OOOOH1114 -100.37   207.71    99.74  125.05  146.80  164.30  190.51  209.91     .00   5/21/16 THERM   C  15 H  31 O   4     0 G17
 OOHOOH126 -133.54   208.19   100.91  126.83  149.08  167.04  193.76  213.59     .00   5/21/16 THERM   C  15 H  32 O   4     0 G18
 OOOOH126  -100.37   207.71    99.74  125.05  146.80  164.30  190.51  209.91     .00   5/21/16 THERM   C  15 H  31 O   4     0 G17
 OOHOOH128 -131.12   208.10   100.50  126.98  149.54  167.55  193.64  212.96     .00   5/21/16 THERM   C  15 H  32 O   4     0 G18
 OOOOH128   -97.95   207.62    99.33  125.20  147.26  164.81  190.39  209.28     .00   5/21/16 THERM   C  15 H  31 O   4     0 G17
 OOHOOH129 -131.12   208.10   100.50  126.98  149.54  167.55  193.64  212.96     .00   5/21/16 THERM   C  15 H  32 O   4     0 G18
 OOOOH129   -97.95   207.62    99.33  125.20  147.26  164.81  190.39  209.28     .00   5/21/16 THERM   C  15 H  31 O   4     0 G17
 OOHOOH121 -131.12   208.10   100.50  126.98  149.54  167.55  193.64  212.96     .00   5/21/16 THERM   C  15 H  32 O   4     0 G18
 OOOOH1210  -97.95   207.62    99.33  125.20  147.26  164.81  190.39  209.28     .00   5/21/16 THERM   C  15 H  31 O   4     0 G17
 OOHOOH121 -133.54   208.19   100.91  126.83  149.08  167.04  193.76  213.59     .00   5/21/16 THERM   C  15 H  32 O   4     0 G18
 OOOOH1211 -100.37   207.71    99.74  125.05  146.80  164.30  190.51  209.91     .00   5/21/16 THERM   C  15 H  31 O   4     0 G17
 OOHOOH121 -131.12   208.10   100.50  126.98  149.54  167.55  193.64  212.96     .00   5/21/16 THERM   C  15 H  32 O   4     0 G18
 OOOOH1213  -97.95   207.62    99.33  125.20  147.26  164.81  190.39  209.28     .00   5/21/16 THERM   C  15 H  31 O   4     0 G17
 OOHOOH121 -127.09   211.36    99.81  126.23  148.90  167.06  193.50  213.14     .00   5/21/16 THERM   C  15 H  32 O   4     0 G18
 OOOOH1214  -93.92   210.88    98.64  124.45  146.62  164.32  190.25  209.46     .00   5/21/16 THERM   C  15 H  31 O   4     0 G17
 OOHOOH136 -137.57   204.92   101.60  127.58  149.72  167.53  193.90  213.41     .00   5/21/16 THERM   C  15 H  32 O   4     0 G18
 OOOOH136  -104.40   204.45   100.43  125.80  147.44  164.79  190.65  209.73     .00   5/21/16 THERM   C  15 H  31 O   4     0 G17
 OOHOOH138 -135.15   204.83   101.19  127.73  150.18  168.04  193.78  212.78     .00   5/22/16 THERM   C  15 H  32 O   4     0 G18
 OOOOH138  -101.98   204.36   100.02  125.95  147.90  165.30  190.53  209.10     .00   5/22/16 THERM   C  15 H  31 O   4     0 G17
 OOHOOH139 -135.15   204.83   101.19  127.73  150.18  168.04  193.78  212.78     .00   5/21/16 THERM   C  15 H  32 O   4     0 G18
 OOOOH139  -101.98   204.36   100.02  125.95  147.90  165.30  190.53  209.10     .00   5/21/16 THERM   C  15 H  31 O   4     0 G17
 OOHOOH131 -135.15   204.83   101.19  127.73  150.18  168.04  193.78  212.78     .00   5/21/16 THERM   C  15 H  32 O   4     0 G18
 OOOOH1310 -101.98   204.36   100.02  125.95  147.90  165.30  190.53  209.10     .00   5/21/16 THERM   C  15 H  31 O   4     0 G17
 OOHOOH131 -137.57   204.92   101.60  127.58  149.72  167.53  193.90  213.41     .00   5/21/16 THERM   C  15 H  32 O   4     0 G18
 OOOOH1311 -104.40   204.45   100.43  125.80  147.44  164.79  190.65  209.73     .00   5/21/16 THERM   C  15 H  31 O   4     0 G17
 OOHOOH131 -131.12   208.10   100.50  126.98  149.54  167.55  193.64  212.96     .00   5/21/16 THERM   C  15 H  32 O   4     0 G18
 OOOOH1312  -97.95   207.62    99.33  125.20  147.26  164.81  190.39  209.28     .00   5/21/16 THERM   C  15 H  31 O   4     0 G17
 OOHOOH131 -131.12   208.10   100.50  126.98  149.54  167.55  193.64  212.96     .00   5/21/16 THERM   C  15 H  32 O   4     0 G18
 OOOOH1314  -97.95   207.62    99.33  125.20  147.26  164.81  190.39  209.28     .00   5/21/16 THERM   C  15 H  31 O   4     0 G17
 OOHOOH148 -131.12   208.10   100.50  126.98  149.54  167.55  193.64  212.96     .00   5/21/16 THERM   C  15 H  32 O   4     0 G18
 OOOOH148   -97.95   207.62    99.33  125.20  147.26  164.81  190.39  209.28     .00   5/21/16 THERM   C  15 H  31 O   4     0 G17
 OOHOOH149 -131.12   208.10   100.50  126.98  149.54  167.55  193.64  212.96     .00   5/21/16 THERM   C  15 H  32 O   4     0 G18
 OOOOH149   -97.95   207.62    99.33  125.20  147.26  164.81  190.39  209.28     .00   5/21/16 THERM   C  15 H  31 O   4     0 G17
 OOHOOH141 -131.12   208.10   100.50  126.98  149.54  167.55  193.64  212.96     .00   5/21/16 THERM   C  15 H  32 O   4     0 G18
 OOOOH1410  -97.95   207.62    99.33  125.20  147.26  164.81  190.39  209.28     .00   5/21/16 THERM   C  15 H  31 O   4     0 G17
 OOHOOH141 -133.54   208.19   100.91  126.83  149.08  167.04  193.76  213.59     .00   5/21/16 THERM   C  15 H  32 O   4     0 G18
 OOOOH1411 -100.37   207.71    99.74  125.05  146.80  164.30  190.51  209.91     .00   5/21/16 THERM   C  15 H  31 O   4     0 G17
 OOHOOH141 -127.09   211.36    99.81  126.23  148.90  167.06  193.50  213.14     .00   5/21/16 THERM   C  15 H  32 O   4     0 G18
 OOOOH1412  -93.92   210.88    98.64  124.45  146.62  164.32  190.25  209.46     .00   5/21/16 THERM   C  15 H  31 O   4     0 G17
 OOHOOH141 -131.12   208.10   100.50  126.98  149.54  167.55  193.64  212.96     .00   5/21/16 THERM   C  15 H  32 O   4     0 G18
 OOOOH1413  -97.95   207.62    99.33  125.20  147.26  164.81  190.39  209.28     .00   5/21/16 THERM   C  15 H  31 O   4     0 G17
 QO11       -83.04   173.24    80.72  104.85  126.69  144.13  169.66  188.28     .00   5/21/16 THERM   C  15 H  30 O   1     0 G12
 QO12       -87.75   172.60    83.82  107.07  128.11  145.02  170.32  188.83     .00   5/21/16 THERM   C  15 H  30 O   1     0 G13
 QO13       -87.07   169.98    81.41  105.60  127.33  144.62  169.80  188.10     .00   5/21/16 THERM   C  15 H  30 O   1     0 G12
 QO14      -107.10   167.95    79.56  104.17  126.30  143.92  169.56  188.14     .00   5/21/16 THERM   C  15 H  30 O   1     0 G11