 autoOut                                                               
 SPECIES       Hf       S    Cp 300     400     500     600     800     1000     1500     DATE        ELEMENTS
 C8H15CHO   -53.45   120.02    50.47   63.36   74.45   83.47   97.50  107.48     .00   5/21/16 THERM   C   9 H  16 O   1     0 G 7
 C8H15CO    -16.55   121.14    49.64   61.93   72.49   81.05   94.34  103.75     .00   5/21/16 THERM   C   9 H  15 O   1     0 G 7
 C8H17CHO   -77.64   124.75    52.04   65.08   76.94   87.01  102.26  113.60     .00   5/21/16 THERM   C   9 H  18 O   1     0 G 8
 C8H17CO    -40.74   125.87    51.21   63.65   74.98   84.59   99.10  109.87     .00   5/21/16 THERM   C   9 H  17 O   1     0 G 8
 C6H13COC2  -56.87   122.21    49.29   61.45   72.36   81.78   95.88  106.21     .00   5/21/16 THERM   C   9 H  16 O   1     0 G 7
 C6H13COC2  -82.89   125.37    51.57   63.98   75.42   85.91  101.37  112.68     .00   5/21/16 THERM   C   9 H  18 O   1     0 G 8
 C6H13COC2  -36.92   129.63    49.79   61.00   71.93   82.10   96.97  107.90     .00   5/21/16 THERM   C   9 H  17 O   1     0 G 8
 C5H11COC3  -82.89   125.37    51.57   63.98   75.42   85.91  101.37  112.68     .00   5/21/16 THERM   C   9 H  18 O   1     0 G 8
 C5H11COC3  -36.92   129.63    49.79   61.00   71.93   82.10   96.97  107.90     .00   5/21/16 THERM   C   9 H  17 O   1     0 G 8
 C4H9COC4   -83.07   125.89    51.63   63.62   74.98   85.13  100.47  111.87     .00   5/21/16 THERM   C   9 H  18 O   1     0 G 8
 C4H9COC4   -37.10   130.15    49.85   60.64   71.49   81.32   96.07  107.09     .00   5/21/16 THERM   C   9 H  17 O   1     0 G 8
 C4H9COC4   -85.84   121.37    51.51   64.29   75.81   86.28  101.62  112.74     .00   5/21/16 THERM   C   9 H  18 O   1     0 G 8
 C4H9COC4   -36.79   127.44    50.37   62.65   73.67   83.68   98.30  108.85     .00   5/21/16 THERM   C   9 H  17 O   1     0 G 8
 C7H15COC   -82.78   126.51    51.79   64.46   76.08   86.06  101.45  112.64     .00   5/21/16 THERM   C   9 H  18 O   1     0 G 8
 C5H11COC3  -85.22   123.27    51.57   63.93   75.37   85.50  100.72  111.93     .00   5/21/16 THERM   C   9 H  18 O   1     0 G 8
 C5H11COC3  -36.17   127.96    50.43   62.29   73.23   82.90   97.40  108.04     .00   5/21/16 THERM   C   9 H  17 O   1     0 G 8
 C7H15COC   -82.78   126.51    51.79   64.46   76.08   86.06  101.45  112.64     .00   5/21/16 THERM   C   9 H  18 O   1     0 G 8
 C7H14COCA  -33.73   131.20    50.65   62.82   73.94   83.46   98.13  108.75     .00   5/21/16 THERM   C   9 H  17 O   1     0 G 8
 C7H15COC   -82.78   126.51    51.79   64.46   76.08   86.06  101.45  112.64     .00   5/21/16 THERM   C   9 H  18 O   1     0 G 8
 C7H14COCB  -36.81   130.77    50.01   61.48   72.59   82.25   97.05  107.86     .00   5/21/16 THERM   C   9 H  17 O   1     0 G 8
 C7H15COC   -82.78   126.51    51.79   64.46   76.08   86.06  101.45  112.64     .00   5/21/16 THERM   C   9 H  18 O   1     0 G 8
 C7H14COCC  -38.74   131.65    48.98   60.27   71.24   80.96   96.12  107.28     .00   5/21/16 THERM   C   9 H  17 O   1     0 G 8
 C7H15COC   -82.78   126.51    51.79   64.46   76.08   86.06  101.45  112.64     .00   5/21/16 THERM   C   9 H  18 O   1     0 G 8
 C7H14COCD  -33.73   131.20    50.65   62.82   73.94   83.46   98.13  108.75     .00   5/21/16 THERM   C   9 H  17 O   1     0 G 8
 C7H15COC   -82.78   126.51    51.79   64.46   76.08   86.06  101.45  112.64     .00   5/21/16 THERM   C   9 H  18 O   1     0 G 8
 C7H14COCE  -36.81   130.77    50.01   61.48   72.59   82.25   97.05  107.86     .00   5/21/16 THERM   C   9 H  17 O   1     0 G 8
 C7H15COC   -82.78   126.51    51.79   64.46   76.08   86.06  101.45  112.64     .00   5/21/16 THERM   C   9 H  18 O   1     0 G 8
 C7H14COCF  -36.81   130.77    50.01   61.48   72.59   82.25   97.05  107.86     .00   5/21/16 THERM   C   9 H  17 O   1     0 G 8
 C7H15COC   -82.78   126.51    51.79   64.46   76.08   86.06  101.45  112.64     .00   5/21/16 THERM   C   9 H  18 O   1     0 G 8
 C7H14COCG  -36.81   130.77    50.01   61.48   72.59   82.25   97.05  107.86     .00   5/21/16 THERM   C   9 H  17 O   1     0 G 8
 C7H15COC   -82.78   126.51    51.79   64.46   76.08   86.06  101.45  112.64     .00   5/21/16 THERM   C   9 H  18 O   1     0 G 8
 C7H15COC   -33.73   131.20    50.65   62.82   73.94   83.46   98.13  108.75     .00   5/21/16 THERM   C   9 H  17 O   1     0 G 8
 C9H19CHO   -81.84   134.40    57.63   72.16   85.37   96.54  113.49  126.08     .00   5/21/16 THERM   C  10 H  20 O   1     0 G 9
 C9H19CHO   -81.66   133.88    57.57   72.52   85.81   97.32  114.39  126.89     .00   5/21/16 THERM   C  10 H  20 O   1     0 G 9
 C9H19CHO   -81.84   134.40    57.63   72.16   85.37   96.54  113.49  126.08     .00   5/21/16 THERM   C  10 H  20 O   1     0 G 9
 C9H18CHO   -32.79   139.09    56.49   70.52   83.23   93.94  110.17  122.19     .00   5/21/16 THERM   C  10 H  19 O   1     0 G 9
 C9H19CHO   -81.84   134.40    57.63   72.16   85.37   96.54  113.49  126.08     .00   5/21/16 THERM   C  10 H  20 O   1     0 G 9
 C9H18CHO   -32.79   139.09    56.49   70.52   83.23   93.94  110.17  122.19     .00   5/21/16 THERM   C  10 H  19 O   1     0 G 9
 C9H19CHO   -81.84   134.40    57.63   72.16   85.37   96.54  113.49  126.08     .00   5/21/16 THERM   C  10 H  20 O   1     0 G 9
 C9H19CO    -44.94   135.52    56.80   70.73   83.41   94.12  110.33  122.35     .00   5/21/16 THERM   C  10 H  19 O   1     0 G 9
 C9H19CHO   -82.46   133.88    57.57   72.52   85.81   97.32  114.39  126.89     .00   5/21/16 THERM   C  10 H  20 O   1     0 G 9
 C9H19CO    -45.56   135.00    56.74   71.09   83.85   94.90  111.23  123.16     .00   5/21/16 THERM   C  10 H  19 O   1     0 G 9
