 autoOut                                                               
 SPECIES       Hf       S    Cp 300     400     500     600     800     1000     1500     DATE        ELEMENTS
 C15H32     -87.47   173.79    84.93  108.45  129.24  146.24  172.42  191.60  221.21   5/21/16 THERM   C  15 H  32     0     0 G14
 C15H31_I   -41.50   178.06    83.15  105.47  125.75  142.43  168.02  186.82  215.81   5/21/16 THERM   C  15 H  31     0     0 G14
 C15H32     -87.47   173.79    84.93  108.45  129.24  146.24  172.42  191.60  221.21   5/21/16 THERM   C  15 H  32     0     0 G14
 C15H31_J   -41.50   178.06    83.15  105.47  125.75  142.43  168.02  186.82  215.81   5/21/16 THERM   C  15 H  31     0     0 G14
 C15H32     -87.47   173.79    84.93  108.45  129.24  146.24  172.42  191.60  221.21   5/21/16 THERM   C  15 H  32     0     0 G14
 C15H31_K   -43.43   178.94    82.12  104.26  124.40  141.14  167.09  186.24  215.69   5/21/16 THERM   C  15 H  31     0     0 G14
 C15H32     -87.47   173.79    84.93  108.45  129.24  146.24  172.42  191.60  221.21   5/21/16 THERM   C  15 H  32     0     0 G14
 C15H31_L   -38.42   178.49    83.79  106.81  127.10  143.64  169.10  187.71  216.52   5/21/16 THERM   C  15 H  31     0     0 G14
 C15H32     -87.47   173.79    84.93  108.45  129.24  146.24  172.42  191.60  221.21   5/21/16 THERM   C  15 H  32     0     0 G14
 C15H31_M   -41.50   178.06    83.15  105.47  125.75  142.43  168.02  186.82  215.81   5/21/16 THERM   C  15 H  31     0     0 G14
 C15H32     -87.47   173.79    84.93  108.45  129.24  146.24  172.42  191.60  221.21   5/21/16 THERM   C  15 H  32     0     0 G14
 C15H31_N   -38.42   178.49    83.79  106.81  127.10  143.64  169.10  187.71  216.52   5/21/16 THERM   C  15 H  31     0     0 G14
 C15H30_1   -60.15   172.34    81.75  104.13  123.98  140.26  165.39  183.85  212.10   5/21/16 THERM   C  15 H  30     0     0 G13
 C15H30_2   -61.79   171.03    80.25  102.61  122.57  139.06  164.49  183.17     .00   5/21/16 THERM   C  15 H  30     0     0 G13
 C15H30_3   -61.65   169.79    81.04  103.37  123.25  139.57  164.92  183.45  211.96   5/21/16 THERM   C  15 H  30     0     0 G13
 C15H30_4   -61.65   169.79    81.04  103.37  123.25  139.57  164.92  183.45  211.96   5/21/16 THERM   C  15 H  30     0     0 G13
 C15H30_5   -62.56   170.93    79.66  102.07  122.05  138.59  164.12  182.88     .00   5/21/16 THERM   C  15 H  30     0     0 G13
 C15H30_6   -62.56   170.93    79.66  102.07  122.05  138.59  164.12  182.88     .00   5/21/16 THERM   C  15 H  30     0     0 G13
 C15H30_62  -60.92   170.05    81.16  103.59  123.46  139.79  165.02  183.56  211.87   5/21/16 THERM   C  15 H  30     0     0 G13
 C15H30_7   -61.65   169.79    81.04  103.37  123.25  139.57  164.92  183.45  211.96   5/21/16 THERM   C  15 H  30     0     0 G13
 C15H30_8   -61.65   169.79    81.04  103.37  123.25  139.57  164.92  183.45  211.96   5/21/16 THERM   C  15 H  30     0     0 G13
 C15H30_9   -62.56   170.93    79.66  102.07  122.05  138.59  164.12  182.88     .00   5/21/16 THERM   C  15 H  30     0     0 G13
 C15H30_10  -62.59   171.03    80.25  102.61  122.57  139.06  164.49  183.17     .00   5/21/16 THERM   C  15 H  30     0     0 G13
 C15H30102  -60.92   170.05    81.16  103.59  123.46  139.79  165.02  183.56  211.87   5/21/16 THERM   C  15 H  30     0     0 G13
 C15H30_11  -59.04   169.01    81.79  104.34  124.37  140.63  165.80  184.16  212.48   5/21/16 THERM   C  15 H  30     0     0 G13
 C15H30_1   -60.15   172.34    81.75  104.13  123.98  140.26  165.39  183.85  212.10   5/21/16 THERM   C  15 H  30     0     0 G13
 C15H29     -26.75   168.53    80.21  102.31  121.90  137.94  162.64  180.71  208.25   5/21/16 THERM   C  15 H  29     0     0 G13
 C15H32O_1 -123.58   184.93    87.76  111.91  133.19  150.50  176.95  196.21  225.81   5/21/16 THERM   C  15 H  32 O   1     0 G15
 C15H31O_1  -70.76   183.22    88.28  111.31  132.08  148.94  174.82  193.60  222.53   5/21/16 THERM   C  15 H  31 O   1     0 G14
 C15H32O_2 -130.03   181.75    88.86  112.51  133.37  150.48  177.21  196.66  226.96   5/21/16 THERM   C  15 H  32 O   1     0 G15
 C15H31O_2  -77.21   180.05    89.38  111.91  132.26  148.92  175.08  194.05  223.68   5/21/16 THERM   C  15 H  31 O   1     0 G14
 C15H32O_3 -127.61   181.66    88.45  112.66  133.83  150.99  177.09  196.03  225.25   5/21/16 THERM   C  15 H  32 O   1     0 G15
 C15H31O_3  -74.79   179.96    88.97  112.06  132.72  149.43  174.96  193.42  221.97   5/21/16 THERM   C  15 H  31 O   1     0 G14
 C15H32O_4 -127.61   181.66    88.45  112.66  133.83  150.99  177.09  196.03  225.25   5/21/16 THERM   C  15 H  32 O   1     0 G15
 C15H31O_4  -74.79   179.96    88.97  112.06  132.72  149.43  174.96  193.42  221.97   5/21/16 THERM   C  15 H  31 O   1     0 G14
 C15H32O_5 -127.61   181.66    88.45  112.66  133.83  150.99  177.09  196.03  225.25   5/21/16 THERM   C  15 H  32 O   1     0 G15
 C15H31O_5  -74.79   179.96    88.97  112.06  132.72  149.43  174.96  193.42  221.97   5/21/16 THERM   C  15 H  31 O   1     0 G14
 C15H32O_6 -130.03   181.75    88.86  112.51  133.37  150.48  177.21  196.66  226.96   5/21/16 THERM   C  15 H  32 O   1     0 G15
 C15H31O_6  -77.21   180.05    89.38  111.91  132.26  148.92  175.08  194.05  223.68   5/21/16 THERM   C  15 H  31 O   1     0 G14
 C15H32O_7 -123.58   184.93    87.76  111.91  133.19  150.50  176.95  196.21  225.81   5/21/16 THERM   C  15 H  32 O   1     0 G15
 C15H31O_7  -70.76   183.22    88.28  111.31  132.08  148.94  174.82  193.60  222.53   5/21/16 THERM   C  15 H  31 O   1     0 G14
 C15H32O_8 -127.61   181.66    88.45  112.66  133.83  150.99  177.09  196.03  225.25   5/21/16 THERM   C  15 H  32 O   1     0 G15
 C15H31O_8  -74.79   179.96    88.97  112.06  132.72  149.43  174.96  193.42  221.97   5/21/16 THERM   C  15 H  31 O   1     0 G14
 C15H32O_9 -127.61   181.66    88.45  112.66  133.83  150.99  177.09  196.03  225.25   5/21/16 THERM   C  15 H  32 O   1     0 G15
 C15H31O_9  -74.79   179.96    88.97  112.06  132.72  149.43  174.96  193.42  221.97   5/21/16 THERM   C  15 H  31 O   1     0 G14
 C15H32O10 -127.61   181.66    88.45  112.66  133.83  150.99  177.09  196.03  225.25   5/21/16 THERM   C  15 H  32 O   1     0 G15
 C15H31O10  -74.79   179.96    88.97  112.06  132.72  149.43  174.96  193.42  221.97   5/21/16 THERM   C  15 H  31 O   1     0 G14
 C15H32O11 -130.03   181.75    88.86  112.51  133.37  150.48  177.21  196.66  226.96   5/21/16 THERM   C  15 H  32 O   1     0 G15
 C15H31O11  -77.21   180.05    89.38  111.91  132.26  148.92  175.08  194.05  223.68   5/21/16 THERM   C  15 H  31 O   1     0 G14
 C15H32O_1 -123.58   184.93    87.76  111.91  133.19  150.50  176.95  196.21  225.81   5/21/16 THERM   C  15 H  32 O   1     0 G15
 C15H31O_1  -70.76   183.22    88.28  111.31  132.08  148.94  174.82  193.60  222.53   5/21/16 THERM   C  15 H  31 O   1     0 G14
 C15H32O_1 -127.61   181.66    88.45  112.66  133.83  150.99  177.09  196.03  225.25   5/21/16 THERM   C  15 H  32 O   1     0 G15
 C15H31O_1  -74.79   179.96    88.97  112.06  132.72  149.43  174.96  193.42  221.97   5/21/16 THERM   C  15 H  31 O   1     0 G14
 C15H32O_1 -123.58   184.93    87.76  111.91  133.19  150.50  176.95  196.21  225.81   5/21/16 THERM   C  15 H  32 O   1     0 G15
 C15H31O_1  -70.76   183.22    88.28  111.31  132.08  148.94  174.82  193.60  222.53   5/21/16 THERM   C  15 H  31 O   1     0 G14
 ROOH_1    -107.28   192.58    92.37  117.34  139.07  156.65  182.96  202.37     .00   5/21/16 THERM   C  15 H  32 O   2     0 G16
 ROO_1      -74.11   192.10    91.20  115.56  136.79  153.91  179.71  198.69     .00   5/21/16 THERM   C  15 H  31 O   2     0 G15
 ROOH_2    -113.73   189.40    93.47  117.94  139.25  156.63  183.22  202.82     .00   5/21/16 THERM   C  15 H  32 O   2     0 G16
 ROO_2      -80.56   188.93    92.30  116.16  136.97  153.89  179.97  199.14     .00   5/21/16 THERM   C  15 H  31 O   2     0 G15
 ROOH_3    -111.31   189.31    93.06  118.09  139.71  157.14  183.10  202.19     .00   5/21/16 THERM   C  15 H  32 O   2     0 G16
 ROO_3      -78.14   188.84    91.89  116.31  137.43  154.40  179.85  198.51     .00   5/21/16 THERM   C  15 H  31 O   2     0 G15
 ROOH_4    -111.31   189.31    93.06  118.09  139.71  157.14  183.10  202.19     .00   5/21/16 THERM   C  15 H  32 O   2     0 G16
 ROO_4      -78.14   188.84    91.89  116.31  137.43  154.40  179.85  198.51     .00   5/21/16 THERM   C  15 H  31 O   2     0 G15
 ROOH_5    -111.31   189.31    93.06  118.09  139.71  157.14  183.10  202.19     .00   5/21/16 THERM   C  15 H  32 O   2     0 G16
 ROO_5      -78.14   188.84    91.89  116.31  137.43  154.40  179.85  198.51     .00   5/21/16 THERM   C  15 H  31 O   2     0 G15
 ROOH_6    -113.73   189.40    93.47  117.94  139.25  156.63  183.22  202.82     .00   5/21/16 THERM   C  15 H  32 O   2     0 G16
 ROO_6      -80.56   188.93    92.30  116.16  136.97  153.89  179.97  199.14     .00   5/21/16 THERM   C  15 H  31 O   2     0 G15
 ROOH_7    -107.28   192.58    92.37  117.34  139.07  156.65  182.96  202.37     .00   5/21/16 THERM   C  15 H  32 O   2     0 G16
 ROO_7      -74.11   192.10    91.20  115.56  136.79  153.91  179.71  198.69     .00   5/21/16 THERM   C  15 H  31 O   2     0 G15
 ROOH_8    -111.31   189.31    93.06  118.09  139.71  157.14  183.10  202.19     .00   5/21/16 THERM   C  15 H  32 O   2     0 G16
 ROO_8      -78.14   188.84    91.89  116.31  137.43  154.40  179.85  198.51     .00   5/21/16 THERM   C  15 H  31 O   2     0 G15
 ROOH_9    -111.31   189.31    93.06  118.09  139.71  157.14  183.10  202.19     .00   5/21/16 THERM   C  15 H  32 O   2     0 G16
 ROO_9      -78.14   188.84    91.89  116.31  137.43  154.40  179.85  198.51     .00   5/21/16 THERM   C  15 H  31 O   2     0 G15
 ROOH_10   -111.31   189.31    93.06  118.09  139.71  157.14  183.10  202.19     .00   5/21/16 THERM   C  15 H  32 O   2     0 G16
 ROO_10     -78.14   188.84    91.89  116.31  137.43  154.40  179.85  198.51     .00   5/21/16 THERM   C  15 H  31 O   2     0 G15
 ROOH_11   -113.73   189.40    93.47  117.94  139.25  156.63  183.22  202.82     .00   5/21/16 THERM   C  15 H  32 O   2     0 G16
 ROO_11     -80.56   188.93    92.30  116.16  136.97  153.89  179.97  199.14     .00   5/21/16 THERM   C  15 H  31 O   2     0 G15
 ROOH_12   -107.28   192.58    92.37  117.34  139.07  156.65  182.96  202.37     .00   5/21/16 THERM   C  15 H  32 O   2     0 G16
 ROO_12     -74.11   192.10    91.20  115.56  136.79  153.91  179.71  198.69     .00   5/21/16 THERM   C  15 H  31 O   2     0 G15
 ROOH_13   -111.31   189.31    93.06  118.09  139.71  157.14  183.10  202.19     .00   5/21/16 THERM   C  15 H  32 O   2     0 G16
 ROO_13     -78.14   188.84    91.89  116.31  137.43  154.40  179.85  198.51     .00   5/21/16 THERM   C  15 H  31 O   2     0 G15
 ROOH_14   -107.28   192.58    92.37  117.34  139.07  156.65  182.96  202.37     .00   5/21/16 THERM   C  15 H  32 O   2     0 G16
 ROO_14     -74.11   192.10    91.20  115.56  136.79  153.91  179.71  198.69     .00   5/21/16 THERM   C  15 H  31 O   2     0 G15
