 autoOut                                                               
 SPECIES       Hf       S    Cp 300     400     500     600     800     1000     1500     DATE        ELEMENTS
 C9H19COC   -93.51   143.71    62.97   78.57   92.89  104.71  123.26  136.85     .00   5/21/16 THERM   C  11 H  22 O   1     0 G10
 C9H19COC   -44.46   148.40    61.83   76.93   90.75  102.11  119.94  132.96     .00   5/21/16 THERM   C  11 H  21 O   1     0 G10
 C8H17COC2  -94.42   142.57    62.75   78.09   92.23  104.56  123.18  136.89     .00   5/21/16 THERM   C  11 H  22 O   1     0 G10
 C8H17COC2  -45.37   147.26    61.61   76.45   90.09  101.96  119.86  133.00     .00   5/21/16 THERM   C  11 H  21 O   1     0 G10
 C9H17COC   -94.13   143.19    62.91   78.93   93.33  105.49  124.16  137.66     .00   5/21/16 THERM   C  11 H  22 O   1     0 G10
 C9H19COC   -45.08   147.88    61.77   77.29   91.19  102.89  120.84  133.77     .00   5/21/16 THERM   C  11 H  21 O   1     0 G10
 C6H13COC4  -93.62   142.57    62.75   78.09   92.23  104.56  123.18  136.89     .00   5/21/16 THERM   C  11 H  22 O   1     0 G10
 C6H13COC4  -44.57   147.26    61.61   76.45   90.09  101.96  119.86  133.00     .00   5/21/16 THERM   C  11 H  21 O   1     0 G10
 C8H17COC2  -68.40   139.41    60.47   75.56   89.17  100.43  117.69  130.42     .00   5/21/16 THERM   C  11 H  20 O   1     0 G 9
 C11H23CHO  -90.86   153.18    68.75   86.68  102.67  116.38  136.85  151.85     .00   5/21/16 THERM   C  12 H  24 O   1     0 G11
 C11H23CO   -53.96   154.30    67.92   85.25  100.71  113.96  133.69  148.12     .00   5/21/16 THERM   C  12 H  23 O   1     0 G11
 C10H21COC  -98.33   152.84    68.50   86.01  101.76  115.02  135.39  150.14     .00   5/21/16 THERM   C  12 H  24 O   1     0 G11
 C10H21COC  -49.28   157.53    67.36   84.37   99.62  112.42  132.07  146.25     .00   5/21/16 THERM   C  12 H  23 O   1     0 G11
 C9H19COC2  -98.62   152.22    68.34   85.17  100.66  114.09  134.41  149.37     .00   5/21/16 THERM   C  12 H  24 O   1     0 G11
 C9H19COC2  -49.57   156.91    67.20   83.53   98.52  111.49  131.09  145.48     .00   5/21/16 THERM   C  12 H  23 O   1     0 G11
 C9H19COC2  -72.60   149.06    66.06   82.64   97.60  109.96  128.92  142.90     .00   5/21/16 THERM   C  12 H  22 O   1     0 G10
 C12H24CHO   45.97    -2.29    -1.78   -2.98   -3.49   -3.81   -4.40   -4.78     .00   5/21/16 THERM   C  13 H  25 O   1     0 G12
 C11H23COC -104.13   162.49    74.09   93.09  110.19  124.55  146.62  162.62     .00   5/21/16 THERM   C  13 H  26 O   1     0 G12
 C10H21COC -104.24   161.35    73.87   92.61  109.53  124.40  146.54  162.66     .00   5/21/16 THERM   C  13 H  26 O   1     0 G12
 C10H21COC  -58.27   167.79    72.09   89.63  106.04  120.59  142.14  157.88     .00   5/21/16 THERM   C  13 H  25 O   1     0 G12
 C8H17COC4 -104.42   161.87    73.93   92.25  109.09  123.62  145.64  161.85     .00   5/21/16 THERM   C  13 H  26 O   1     0 G12
 C8H17COC4  -58.45   166.13    72.15   89.27  105.60  119.81  141.24  157.07     .00   5/21/16 THERM   C  13 H  25 O   1     0 G12
 C9H19COC3 -104.24   161.35    73.87   92.61  109.53  124.40  146.54  162.66     .00   5/21/16 THERM   C  13 H  26 O   1     0 G12
 C9H19COC3  -58.27   165.61    72.09   89.63  106.04  120.59  142.14  157.88     .00   5/21/16 THERM   C  13 H  25 O   1     0 G12
 C11H23COC -104.13   162.49    74.09   93.09  110.19  124.55  146.62  162.62     .00   5/21/16 THERM   C  13 H  26 O   1     0 G12
 C11H22COA  -55.08   167.18    72.95   91.45  108.05  121.95  143.30  158.73     .00   5/21/16 THERM   C  13 H  25 O   1     0 G12
 C11H23COC -104.13   162.49    74.09   93.09  110.19  124.55  146.62  162.62     .00   5/21/16 THERM   C  13 H  26 O   1     0 G12
 C11H22COB  -60.09   167.63    71.28   88.90  105.35  119.45  141.29  157.26     .00   5/21/16 THERM   C  13 H  25 O   1     0 G12
 C11H23COC -104.13   162.49    74.09   93.09  110.19  124.55  146.62  162.62     .00   5/21/16 THERM   C  13 H  26 O   1     0 G12
 C11H22COC  -58.16   166.75    72.31   90.11  106.70  120.74  142.22  157.84     .00   5/21/16 THERM   C  13 H  25 O   1     0 G12
 C11H23COC -104.13   162.49    74.09   93.09  110.19  124.55  146.62  162.62     .00   5/21/16 THERM   C  13 H  26 O   1     0 G12
 C11H22COD  -58.16   166.75    72.31   90.11  106.70  120.74  142.22  157.84     .00   5/21/16 THERM   C  13 H  25 O   1     0 G12
 C11H23COC -104.13   162.49    74.09   93.09  110.19  124.55  146.62  162.62     .00   5/21/16 THERM   C  13 H  26 O   1     0 G12
 C11H23COC -104.13   162.49    74.09   93.09  110.19  124.55  146.62  162.62     .00   5/21/16 THERM   C  13 H  26 O   1     0 G12
 C11H22COF  -60.09   167.63    71.28   88.90  105.35  119.45  141.29  157.26     .00   5/21/16 THERM   C  13 H  25 O   1     0 G12
 C11H23COC -104.13   162.49    74.09   93.09  110.19  124.55  146.62  162.62     .00   5/21/16 THERM   C  13 H  26 O   1     0 G12
 C11H22COG  -55.08   167.18    72.95   91.45  108.05  121.95  143.30  158.73     .00   5/21/16 THERM   C  13 H  25 O   1     0 G12
 C11H23COC -104.13   162.49    74.09   93.09  110.19  124.55  146.62  162.62     .00   5/21/16 THERM   C  13 H  26 O   1     0 G12
 C11H22COH  -58.16   166.75    72.31   90.11  106.70  120.74  142.22  157.84     .00   5/21/16 THERM   C  13 H  25 O   1     0 G12
 C11H23COC -104.13   162.49    74.09   93.09  110.19  124.55  146.62  162.62     .00   5/21/16 THERM   C  13 H  26 O   1     0 G12
 C11H22COI  -58.16   166.75    72.31   90.11  106.70  120.74  142.22  157.84     .00   5/21/16 THERM   C  13 H  25 O   1     0 G12
 C11H23COC -104.13   162.49    74.09   93.09  110.19  124.55  146.62  162.62     .00   5/21/16 THERM   C  13 H  26 O   1     0 G12
 C11H22COJ  -58.16   166.75    72.31   90.11  106.70  120.74  142.22  157.84     .00   5/21/16 THERM   C  13 H  25 O   1     0 G12
 C11H23COC -104.13   162.49    74.09   93.09  110.19  124.55  146.62  162.62     .00   5/21/16 THERM   C  13 H  26 O   1     0 G12
 C11H23COC  -55.08   167.18    72.95   91.45  108.05  121.95  143.30  158.73     .00   5/21/16 THERM   C  13 H  25 O   1     0 G12
 C13H27CHO -103.19   170.38    79.93  100.79  119.48  135.03  158.66  176.06     .00   5/21/16 THERM   C  14 H  28 O   1     0 G13
 C13H27CO   -66.29   171.50    79.10   99.36  117.52  132.61  155.50  172.33     .00   5/21/16 THERM   C  14 H  27 O   1     0 G13
 C11H23COC -108.44   171.00    79.46   99.69  117.96  133.93  157.77  175.14     .00   5/21/16 THERM   C  14 H  28 O   1     0 G13
 C11H23COC  -62.47   175.26    77.68   96.71  114.47  130.12  153.37  170.36     .00   5/21/16 THERM   C  14 H  27 O   1     0 G13
 C10H21COC -109.24   171.00    79.46   99.69  117.96  133.93  157.77  175.14     .00   5/21/16 THERM   C  14 H  28 O   1     0 G13
 C6KETAC_3  -86.57   113.51    43.81   53.38   61.71   69.22   80.02   88.13     .00   5/21/16 THERM   C   6 H  12 O   3     0 G 7
 C7KETAD_4  -91.57   123.16    49.40   60.46   70.14   78.75   91.25  100.61     .00   5/21/16 THERM   C   7 H  14 O   3     0 G 8
 C9KETBF_6 -109.04   142.12    60.33   73.95   86.09   96.45  112.25  123.86     .00   5/21/16 THERM   C   9 H  18 O   3     0 G10
 C9KETAB26 -100.31   139.31    60.15   74.97   87.99   98.92  114.92  126.64     .00   5/21/16 THERM   C   9 H  18 O   3     0 G10
 C10KAB26  -104.51   148.96    65.74   82.05   96.42  108.45  126.15  139.12     .00   5/21/16 THERM   C  10 H  20 O   3     0 G11
 C10KAC37  -107.92   149.49    66.11   82.01   95.82  107.71  125.19  138.11     .00   5/21/16 THERM   C  10 H  20 O   3     0 G11
 C11KAC37  -112.12   159.14    71.70   89.09  104.25  117.24  136.42  150.59     .00   5/21/16 THERM   C  11 H  22 O   3     0 G12
 C11KAD48  -112.92   159.14    71.70   89.09  104.25  117.24  136.42  150.59     .00   5/21/16 THERM   C  11 H  22 O   3     0 G12
 C12KAD48  -117.12   168.79    77.29   96.17  112.68  126.77  147.65  163.07     .00   5/21/16 THERM   C  12 H  24 O   3     0 G13
 C13KBF610 -130.39   176.73    82.63  102.58  120.20  134.94  157.42  173.84     .00   5/21/16 THERM   C  13 H  26 O   3     0 G14
