 autoOut                                                               
 SPECIES       Hf       S    Cp 300     400     500     600     800     1000     1500     DATE        ELEMENTS
 QO15      -112.16   158.61    79.47  104.40  126.79  144.66  170.69  189.52     .00   5/21/16 THERM   C  15 H  30 O   1     0 G10
 QO16      -110.45   156.16    80.45  105.33  127.06  144.82  172.06  191.50  219.29   5/21/16 THERM   C  15 H  30 O   1     0 G 9
 QO23       -91.78   169.33    84.51  107.82  128.75  145.51  170.46  188.65     .00   5/21/16 THERM   C  15 H  30 O   1     0 G13
 QO24       -93.52   166.80    82.51  106.20  127.51  144.60  170.06  188.55     .00   5/21/16 THERM   C  15 H  30 O   1     0 G12
 QO25      -114.35   164.77    80.66  104.77  126.48  143.90  169.82  188.59     .00   5/21/16 THERM   C  15 H  30 O   1     0 G11
 QO26      -121.83   155.52    80.98  104.85  126.51  144.13  171.07  190.60     .00   5/21/16 THERM   C  15 H  30 O   1     0 G10
 QO27      -110.45   156.16    80.45  105.33  127.06  144.82  172.06  191.50  219.29   5/21/16 THERM   C  15 H  30 O   1     0 G 9
 QO28      -114.48   152.89    81.14  106.08  127.70  145.31  172.20  191.32  218.73   5/21/16 THERM   C  15 H  30 O   1     0 G 9
 QO34       -89.36   169.24    84.10  107.97  129.21  146.02  170.34  188.02     .00   5/21/16 THERM   C  15 H  30 O   1     0 G13
 QO35       -91.90   166.71    82.10  106.35  127.97  145.11  169.94  187.92     .00   5/21/16 THERM   C  15 H  30 O   1     0 G12
 QO36      -115.15   164.77    80.66  104.77  126.48  143.90  169.82  188.59     .00   5/21/16 THERM   C  15 H  30 O   1     0 G11
 QO37      -112.96   158.61    79.47  104.40  126.79  144.66  170.69  189.52     .00   5/21/16 THERM   C  15 H  30 O   1     0 G10
 QO38      -116.99   155.34    80.16  105.15  127.43  145.15  170.83  189.34     .00   5/21/16 THERM   C  15 H  30 O   1     0 G10
 QO39      -112.06   152.80    80.73  106.23  128.16  145.82  172.08  190.69  217.02   5/21/16 THERM   C  15 H  30 O   1     0 G 9
 QO45       -89.36   169.24    84.10  107.97  129.21  146.02  170.34  188.02     .00   5/21/16 THERM   C  15 H  30 O   1     0 G13
 QO46       -94.32   166.80    82.51  106.20  127.51  144.60  170.06  188.55     .00   5/21/16 THERM   C  15 H  30 O   1     0 G12
 QO47      -107.90   167.95    79.56  104.17  126.30  143.92  169.56  188.14     .00   5/22/16 THERM   C  15 H  30 O   1     0 G11
 QO48      -111.93   164.68    80.25  104.92  126.94  144.41  169.70  187.96     .00   5/21/16 THERM   C  15 H  30 O   1     0 G11
 QO49      -116.19   155.34    80.16  105.15  127.43  145.15  170.83  189.34     .00   5/21/16 THERM   C  15 H  30 O   1     0 G10
 QO410     -112.06   152.80    80.73  106.23  128.16  145.82  172.08  190.69  217.02   5/21/16 THERM   C  15 H  30 O   1     0 G 9
 QO56       -92.58   169.33    84.51  107.82  128.75  145.51  170.46  188.65     .00   5/21/16 THERM   C  15 H  30 O   1     0 G13
 QO57       -87.87   169.98    81.41  105.60  127.33  144.62  169.80  188.10     .00   5/21/16 THERM   C  15 H  30 O   1     0 G12
 QO58       -91.90   166.71    82.10  106.35  127.97  145.11  169.94  187.92     .00   5/21/16 THERM   C  15 H  30 O   1     0 G12
 QO59      -111.93   164.68    80.25  104.92  126.94  144.41  169.70  187.96     .00   5/21/16 THERM   C  15 H  30 O   1     0 G11
 QO510     -116.99   155.34    80.16  105.15  127.43  145.15  170.83  189.34     .00   5/21/16 THERM   C  15 H  30 O   1     0 G10
 QO511     -115.28   152.89    81.14  106.08  127.70  145.31  172.20  191.32  218.73   5/21/16 THERM   C  15 H  30 O   1     0 G 9
 QO67       -88.55   172.60    83.82  107.07  128.11  145.02  170.32  188.83     .00   5/21/16 THERM   C  15 H  30 O   1     0 G13
 QO68       -92.58   169.33    84.51  107.82  128.75  145.51  170.46  188.65     .00   5/21/16 THERM   C  15 H  30 O   1     0 G13
 QO69       -94.32   166.80    82.51  106.20  127.51  144.60  170.06  188.55     .00   5/21/16 THERM   C  15 H  30 O   1     0 G12
 QO610     -115.15   164.77    80.66  104.77  126.48  143.90  169.82  188.59     .00   5/21/16 THERM   C  15 H  30 O   1     0 G11
 QO611     -122.63   155.52    80.98  104.85  126.51  144.13  171.07  190.60     .00   5/21/16 THERM   C  15 H  30 O   1     0 G10
 QO612     -111.25   156.16    80.45  105.33  127.06  144.82  172.06  191.50  219.29   5/21/16 THERM   C  15 H  30 O   1     0 G 9
 QO613     -115.28   152.89    81.14  106.08  127.70  145.31  172.20  191.32  218.73   5/21/16 THERM   C  15 H  30 O   1     0 G 9
 QO78       -87.87   169.98    81.41  105.60  127.33  144.62  169.80  188.10     .00   5/21/16 THERM   C  15 H  30 O   1     0 G12
 QO79      -107.90   167.95    79.56  104.17  126.30  143.92  169.56  188.14     .00   5/21/16 THERM   C  15 H  30 O   1     0 G11
 QO710     -112.96   158.61    79.47  104.40  126.79  144.66  170.69  189.52     .00   5/21/16 THERM   C  15 H  30 O   1     0 G10
 QO711     -111.25   156.16    80.45  105.33  127.06  144.82  172.06  191.50  219.29   5/21/16 THERM   C  15 H  30 O   1     0 G 9
 QO89       -89.36   169.24    84.10  107.97  129.21  146.02  170.34  188.02     .00   5/21/16 THERM   C  15 H  30 O   1     0 G13
 QO810      -91.90   166.71    82.10  106.35  127.97  145.11  169.94  187.92     .00   5/21/16 THERM   C  15 H  30 O   1     0 G12
 QO811     -115.15   164.77    80.66  104.77  126.48  143.90  169.82  188.59     .00   5/21/16 THERM   C  15 H  30 O   1     0 G11
 QO812     -112.96   158.61    79.47  104.40  126.79  144.66  170.69  189.52     .00   5/21/16 THERM   C  15 H  30 O   1     0 G10
 QO813     -116.99   155.34    80.16  105.15  127.43  145.15  170.83  189.34     .00   5/21/16 THERM   C  15 H  30 O   1     0 G10
 QO814     -108.03   156.07    80.04  105.48  127.52  145.33  171.94  190.87  217.58   5/21/16 THERM   C  15 H  30 O   1     0 G 9
 QO910      -89.36   169.24    84.10  107.97  129.21  146.02  170.34  188.02     .00   5/21/16 THERM   C  15 H  30 O   1     0 G13
 QO911      -94.32   166.80    82.51  106.20  127.51  144.60  170.06  188.55     .00   5/21/16 THERM   C  15 H  30 O   1     0 G12
 QO912     -107.90   167.95    79.56  104.17  126.30  143.92  169.56  188.14     .00   5/21/16 THERM   C  15 H  30 O   1     0 G11
 QO913     -111.93   164.68    80.25  104.92  126.94  144.41  169.70  187.96     .00   5/21/16 THERM   C  15 H  30 O   1     0 G11
 QO914     -112.16   158.61    79.47  104.40  126.79  144.66  170.69  189.52     .00   5/21/16 THERM   C  15 H  30 O   1     0 G10
 QO1011     -92.58   169.33    84.51  107.82  128.75  145.51  170.46  188.65     .00   5/21/16 THERM   C  15 H  30 O   1     0 G13
 QO1012     -87.87   169.98    81.41  105.60  127.33  144.62  169.80  188.10     .00   5/21/16 THERM   C  15 H  30 O   1     0 G12
 QO1013     -91.90   166.71    82.10  106.35  127.97  145.11  169.94  187.92     .00   5/21/16 THERM   C  15 H  30 O   1     0 G12
 QO1014    -107.90   167.95    79.56  104.17  126.30  143.92  169.56  188.14     .00   5/21/16 THERM   C  15 H  30 O   1     0 G11
 QO1112     -88.55   172.60    83.82  107.07  128.11  145.02  170.32  188.83     .00   5/21/16 THERM   C  15 H  30 O   1     0 G13
 QO1113     -92.58   169.33    84.51  107.82  128.75  145.51  170.46  188.65     .00   5/21/16 THERM   C  15 H  30 O   1     0 G13
 QO1114     -90.29   170.07    81.82  105.45  126.87  144.11  169.92  188.73     .00   5/21/16 THERM   C  15 H  30 O   1     0 G12
 QO1213     -87.87   169.98    81.41  105.60  127.33  144.62  169.80  188.10     .00   5/21/16 THERM   C  15 H  30 O   1     0 G12
 QO1214    -101.91   127.77    78.99  103.60  125.32  142.23  166.48  183.74     .00   5/21/16 THERM   C  15 H  30 O   1     0 G11
 QO1314     -85.33   172.51    83.41  107.22  128.57  145.53  170.20  188.20     .00   5/21/16 THERM   C  15 H  30 O   1     0 G13
 KET11     -127.20   198.81    92.96  116.76  137.74  154.97  180.43  199.31     .00   5/21/16 THERM   C  15 H  30 O   3     0 G16
 KET12     -130.06   194.59    93.63  117.76  138.96  156.47  182.55  201.58     .00   5/21/16 THERM   C  15 H  30 O   3     0 G16
 KET13     -131.23   195.55    93.65  117.51  138.38  155.46  180.57  199.13     .00   5/21/16 THERM   C  15 H  30 O   3     0 G16
 KET14     -131.23   195.55    93.65  117.51  138.38  155.46  180.57  199.13     .00   5/21/16 THERM   C  15 H  30 O   3     0 G16
 KET15     -131.23   195.55    93.65  117.51  138.38  155.46  180.57  199.13     .00   5/21/16 THERM   C  15 H  30 O   3     0 G16
 KET16     -133.65   195.64    94.06  117.36  137.92  154.95  180.69  199.76     .00   5/21/16 THERM   C  15 H  30 O   3     0 G16
 KET31     -134.78   195.96    92.49  115.61  136.17  153.46  178.89  197.64     .00   5/21/16 THERM   C  15 H  30 O   3     0 G16
 KET32     -137.64   193.10    93.16  116.61  137.39  154.96  181.01  199.91     .00   5/21/16 THERM   C  15 H  30 O   3     0 G16
 KET34     -137.36   196.16    93.01  116.68  137.55  154.37  180.07  198.89     .00   5/21/16 THERM   C  15 H  30 O   3     0 G16
 KET35     -138.81   192.69    93.18  116.36  136.81  153.95  179.03  197.46     .00   5/21/16 THERM   C  15 H  30 O   3     0 G16
 KET36     -141.23   192.78    93.59  116.21  136.35  153.44  179.15  198.09     .00   5/21/16 THERM   C  15 H  30 O   3     0 G16
 KET37     -134.78   195.96    92.49  115.61  136.17  153.46  178.89  197.64     .00   5/21/16 THERM   C  15 H  30 O   3     0 G16
 KET38     -138.81   192.69    93.18  116.36  136.81  153.95  179.03  197.46     .00   5/21/16 THERM   C  15 H  30 O   3     0 G16
 KET39     -138.81   192.69    93.18  116.36  136.81  153.95  179.03  197.46     .00   5/21/16 THERM   C  15 H  30 O   3     0 G16
 KET41     -134.60   196.81    92.43  115.97  136.61  154.24  179.79  198.45     .00   5/21/16 THERM   C  15 H  30 O   3     0 G16
 KET42     -141.05   193.63    93.53  116.57  136.79  154.22  180.05  198.90     .00   5/21/16 THERM   C  15 H  30 O   3     0 G16
 KET43     -137.18   195.64    92.95  117.04  137.99  155.15  180.97  199.70     .00   5/21/16 THERM   C  15 H  30 O   3     0 G16
 KET45     -137.18   195.64    92.95  117.04  137.99  155.15  180.97  199.70     .00   5/21/16 THERM   C  15 H  30 O   3     0 G16
 KET46     -141.05   193.63    93.53  116.57  136.79  154.22  180.05  198.90     .00   5/21/16 THERM   C  15 H  30 O   3     0 G16
 KET47     -134.60   196.81    92.43  115.97  136.61  154.24  179.79  198.45     .00   5/21/16 THERM   C  15 H  30 O   3     0 G16
 KET48     -138.63   193.54    93.12  116.72  137.25  154.73  179.93  198.27     .00   5/21/16 THERM   C  15 H  30 O   3     0 G16
 KET49     -138.63   193.54    93.12  116.72  137.25  154.73  179.93  198.27     .00   5/21/16 THERM   C  15 H  30 O   3     0 G16
 KET410    -138.63   193.54    93.12  116.72  137.25  154.73  179.93  198.27     .00   5/21/16 THERM   C  15 H  30 O   3     0 G16
 KET51     -134.78   195.96    92.49  115.61  136.17  153.46  178.89  197.64     .00   5/21/16 THERM   C  15 H  30 O   3     0 G16
 KET52     -141.23   192.78    93.59  116.21  136.35  153.44  179.15  198.09     .00   5/21/16 THERM   C  15 H  30 O   3     0 G16
 KET53     -138.81   192.69    93.18  116.36  136.81  153.95  179.03  197.46     .00   5/21/16 THERM   C  15 H  30 O   3     0 G16
 KET54     -137.36   196.16    93.01  116.68  137.55  154.37  180.07  198.89     .00   5/21/16 THERM   C  15 H  30 O   3     0 G16
 KET56     -137.64   193.10    93.16  116.61  137.39  154.96  181.01  199.91     .00   5/21/16 THERM   C  15 H  30 O   3     0 G16
 KET57     -134.78   195.96    92.49  115.61  136.17  153.46  178.89  197.64     .00   5/21/16 THERM   C  15 H  30 O   3     0 G16
 KET58     -138.81   192.69    93.18  116.36  136.81  153.95  179.03  197.46     .00   5/21/16 THERM   C  15 H  30 O   3     0 G16
 KET59     -138.81   192.69    93.18  116.36  136.81  153.95  179.03  197.46     .00   5/22/16 THERM   C  15 H  30 O   3     0 G16
 KET510    -138.81   192.69    93.18  116.36  136.81  153.95  179.03  197.46     .00   5/21/16 THERM   C  15 H  30 O   3     0 G16
 KET511    -141.23   192.78    93.59  116.21  136.35  153.44  179.15  198.09     .00   5/21/16 THERM   C  15 H  30 O   3     0 G16
 KET72     -133.65   195.64    94.06  117.36  137.92  154.95  180.69  199.76     .00   5/21/16 THERM   C  15 H  30 O   3     0 G16
 KET73     -131.23   195.55    93.65  117.51  138.38  155.46  180.57  199.13     .00   5/21/16 THERM   C  15 H  30 O   3     0 G16
 KET74     -131.23   195.55    93.65  117.51  138.38  155.46  180.57  199.13     .00   5/21/16 THERM   C  15 H  30 O   3     0 G16
 KET75     -131.23   195.55    93.65  117.51  138.38  155.46  180.57  199.13     .00   5/21/16 THERM   C  15 H  30 O   3     0 G16
 KET76     -130.06   194.59    93.63  117.76  138.96  156.47  182.55  201.58     .00   5/21/16 THERM   C  15 H  30 O   3     0 G16
 KET78     -131.23   195.55    93.65  117.51  138.38  155.46  180.57  199.13     .00   5/21/16 THERM   C  15 H  30 O   3     0 G16
 KET79     -131.23   195.55    93.65  117.51  138.38  155.46  180.57  199.13     .00   5/21/16 THERM   C  15 H  30 O   3     0 G16
 KET710    -131.23   195.55    93.65  117.51  138.38  155.46  180.57  199.13     .00   5/21/16 THERM   C  15 H  30 O   3     0 G16
 KET711    -133.65   195.64    94.06  117.36  137.92  154.95  180.69  199.76     .00   5/21/16 THERM   C  15 H  30 O   3     0 G16
 KET82     -141.23   192.78    93.59  116.21  136.35  153.44  179.15  198.09     .00   5/21/16 THERM   C  15 H  30 O   3     0 G16
 KET83     -138.81   192.69    93.18  116.36  136.81  153.95  179.03  197.46     .00   5/21/16 THERM   C  15 H  30 O   3     0 G16
 KET84     -138.81   192.69    93.18  116.36  136.81  153.95  179.03  197.46     .00   5/21/16 THERM   C  15 H  30 O   3     0 G16
 KET85     -138.81   192.69    93.18  116.36  136.81  153.95  179.03  197.46     .00   5/21/16 THERM   C  15 H  30 O   3     0 G16
 KET86     -137.64   193.10    93.16  116.61  137.39  154.96  181.01  199.91     .00   5/21/16 THERM   C  15 H  30 O   3     0 G16
 KET87     -134.78   195.96    92.49  115.61  136.17  153.46  178.89  197.64     .00   5/21/16 THERM   C  15 H  30 O   3     0 G16
 KET89     -137.36   196.16    93.01  116.68  137.55  154.37  180.07  198.89     .00   5/21/16 THERM   C  15 H  30 O   3     0 G16
 KET810    -138.81   192.69    93.18  116.36  136.81  153.95  179.03  197.46     .00   5/21/16 THERM   C  15 H  30 O   3     0 G16
 KET811    -141.23   192.78    93.59  116.21  136.35  153.44  179.15  198.09     .00   5/21/16 THERM   C  15 H  30 O   3     0 G16
 KET812    -134.78   195.96    92.49  115.61  136.17  153.46  178.89  197.64     .00   5/21/16 THERM   C  15 H  30 O   3     0 G16
 KET813    -138.81   192.69    93.18  116.36  136.81  153.95  179.03  197.46     .00   5/21/16 THERM   C  15 H  30 O   3     0 G16
 KET814    -134.78   195.96    92.49  115.61  136.17  153.46  178.89  197.64     .00   5/21/16 THERM   C  15 H  30 O   3     0 G16
 KET93     -138.63   193.54    93.12  116.72  137.25  154.73  179.93  198.27     .00   5/21/16 THERM   C  15 H  30 O   3     0 G16
 KET94     -138.63   193.54    93.12  116.72  137.25  154.73  179.93  198.27     .00   5/21/16 THERM   C  15 H  30 O   3     0 G16
 KET95     -138.63   193.54    93.12  116.72  137.25  154.73  179.93  198.27     .00   5/21/16 THERM   C  15 H  30 O   3     0 G16
 KET96     -141.05   193.63    93.53  116.57  136.79  154.22  180.05  198.90     .00   5/21/16 THERM   C  15 H  30 O   3     0 G16
 KET97     -134.60   196.81    92.43  115.97  136.61  154.24  179.79  198.45     .00   5/21/16 THERM   C  15 H  30 O   3     0 G16
 KET98     -137.18   195.64    92.95  117.04  137.99  155.15  180.97  199.70     .00   5/21/16 THERM   C  15 H  30 O   3     0 G16
 KET910    -137.18   195.64    92.95  117.04  137.99  155.15  180.97  199.70     .00   5/21/16 THERM   C  15 H  30 O   3     0 G16
 KET911    -141.05   193.63    93.53  116.57  136.79  154.22  180.05  198.90     .00   5/21/16 THERM   C  15 H  30 O   3     0 G16
 KET912    -134.60   196.81    92.43  115.97  136.61  154.24  179.79  198.45     .00   5/21/16 THERM   C  15 H  30 O   3     0 G16
 KET913    -138.63   193.54    93.12  116.72  137.25  154.73  179.93  198.27     .00   5/21/16 THERM   C  15 H  30 O   3     0 G16
 KET914    -134.60   196.81    92.43  115.97  136.61  154.24  179.79  198.45     .00   5/21/16 THERM   C  15 H  30 O   3     0 G16
 KET104    -138.81   192.69    93.18  116.36  136.81  153.95  179.03  197.46     .00   5/21/16 THERM   C  15 H  30 O   3     0 G16
 KET105    -138.81   192.69    93.18  116.36  136.81  153.95  179.03  197.46     .00   5/21/16 THERM   C  15 H  30 O   3     0 G16
 KET106    -141.23   192.78    93.59  116.21  136.35  153.44  179.15  198.09     .00   5/21/16 THERM   C  15 H  30 O   3     0 G16
 KET107    -134.78   195.96    92.49  115.61  136.17  153.46  178.89  197.64     .00   5/21/16 THERM   C  15 H  30 O   3     0 G16
 KET108    -138.81   192.69    93.18  116.36  136.81  153.95  179.03  197.46     .00   5/21/16 THERM   C  15 H  30 O   3     0 G16
 KET109    -137.36   196.16    93.01  116.68  137.55  154.37  180.07  198.89     .00   5/21/16 THERM   C  15 H  30 O   3     0 G16
 KET1011   -137.64   193.10    93.16  116.61  137.39  154.96  181.01  199.91     .00   5/21/16 THERM   C  15 H  30 O   3     0 G16
 KET1012   -134.78   195.96    92.49  115.61  136.17  153.46  178.89  197.64     .00   5/21/16 THERM   C  15 H  30 O   3     0 G16
 KET1013   -138.81   192.69    93.18  116.36  136.81  153.95  179.03  197.46     .00   5/21/16 THERM   C  15 H  30 O   3     0 G16
 KET1014   -134.78   195.96    92.49  115.61  136.17  153.46  178.89  197.64     .00   5/21/16 THERM   C  15 H  30 O   3     0 G16
 KET126    -133.65   195.64    94.06  117.36  137.92  154.95  180.69  199.76     .00   5/21/16 THERM   C  15 H  30 O   3     0 G16
 KET128    -131.23   195.55    93.65  117.51  138.38  155.46  180.57  199.13     .00   5/21/16 THERM   C  15 H  30 O   3     0 G16
 KET129    -131.23   195.55    93.65  117.51  138.38  155.46  180.57  199.13     .00   5/21/16 THERM   C  15 H  30 O   3     0 G16
 KET1210   -131.23   195.55    93.65  117.51  138.38  155.46  180.57  199.13     .00   5/21/16 THERM   C  15 H  30 O   3     0 G16
 KET1211   -130.06   194.59    93.63  117.76  138.96  156.47  182.55  201.58     .00   5/21/16 THERM   C  15 H  30 O   3     0 G16
 KET1213   -131.23   195.55    93.65  117.51  138.38  155.46  180.57  199.13     .00   5/21/16 THERM   C  15 H  30 O   3     0 G16
 KET1214   -127.20   198.81    92.96  116.76  137.74  154.97  180.43  199.31     .00   5/21/16 THERM   C  15 H  30 O   3     0 G16
 KET136    -141.23   192.78    93.59  116.21  136.35  153.44  179.15  198.09     .00   5/21/16 THERM   C  15 H  30 O   3     0 G16
 KET138    -138.81   192.69    93.18  116.36  136.81  153.95  179.03  197.46     .00   5/21/16 THERM   C  15 H  30 O   3     0 G16
 KET139    -138.81   192.69    93.18  116.36  136.81  153.95  179.03  197.46     .00   5/21/16 THERM   C  15 H  30 O   3     0 G16
 KET1310   -138.81   192.69    93.18  116.36  136.81  153.95  179.03  197.46     .00   5/21/16 THERM   C  15 H  30 O   3     0 G16
 KET1311   -137.64   193.10    93.16  116.61  137.39  154.96  181.01  199.91     .00   5/21/16 THERM   C  15 H  30 O   3     0 G16
 KET1312   -134.78   195.96    92.49  115.61  136.17  153.46  178.89  197.64     .00   5/21/16 THERM   C  15 H  30 O   3     0 G16
 KET1314   -132.85   198.41    94.11  116.90  136.99  153.61  179.32  198.18     .00   5/21/16 THERM   C  15 H  30 O   3     0 G16
 KET148    -131.05   195.03    93.59  117.87  138.82  156.24  181.47  199.94     .00   5/21/16 THERM   C  15 H  30 O   3     0 G16
 KET149    -131.05   195.03    93.59  117.87  138.82  156.24  181.47  199.94     .00   5/21/16 THERM   C  15 H  30 O   3     0 G16
 KET1410   -131.05   195.03    93.59  117.87  138.82  156.24  181.47  199.94     .00   5/21/16 THERM   C  15 H  30 O   3     0 G16
 KET1411   -133.47   195.12    94.00  117.72  138.36  155.73  181.59  200.57     .00   5/21/16 THERM   C  15 H  30 O   3     0 G16
 KET1412   -127.02   198.29    92.90  117.12  138.18  155.75  181.33  200.12     .00   5/21/16 THERM   C  15 H  30 O   3     0 G16
 KET1413   -129.60   199.31    93.42  118.19  139.56  156.66  182.51  201.37     .00   5/21/16 THERM   C  15 H  30 O   3     0 G16
 