 autoOut                                                               
 SPECIES       Hf       S    Cp 300     400     500     600     800     1000     1500     DATE        ELEMENTS
 C7H14_1_3  -17.14    99.24    37.19   47.08   56.15   63.65   75.46   84.20   97.70   5/21/16 THERM   C   7 H  14     0     0 G 5
 C7H1313     16.26    95.43    35.65   45.26   54.07   61.33   72.71   81.06   93.85   5/21/16 THERM   C   7 H  13     0     0 G 5
 C8H16_1_4  -20.60   109.05    42.93   54.44   64.73   73.33   86.73   96.63  111.89   5/21/16 THERM   C   8 H  16     0     0 G 6
 C8H151_14   12.80   105.24    41.39   52.62   62.65   71.01   83.98   93.49  108.04   5/21/16 THERM   C   8 H  15     0     0 G 6
 C8H16_1_3  -22.14   108.89    42.78   54.16   64.58   73.18   86.69   96.68  112.04   5/21/16 THERM   C   8 H  16     0     0 G 6
 C8H1513     11.26   105.08    41.24   52.34   62.50   70.86   83.94   93.54  108.19   5/21/16 THERM   C   8 H  15     0     0 G 6
 C9H181_26  -30.40   117.06    48.27   61.34   73.01   82.71   97.76  108.91  126.03   5/21/16 THERM   C   9 H  18     0     0 G 7
 C9H171126    3.00   113.25    46.73   59.52   70.93   80.39   95.01  105.77  122.18   5/21/16 THERM   C   9 H  17     0     0 G 7
 C9H18_1_3  -27.14   118.54    48.37   61.24   73.01   82.71   97.92  109.16  126.38   5/21/16 THERM   C   9 H  18     0     0 G 7
 C9H17113     6.26   114.73    46.83   59.42   70.93   80.39   95.17  106.02  122.53   5/21/16 THERM   C   9 H  17     0     0 G 7
 C9H18_1_2  -29.05   119.68    48.33   61.03   72.62   82.34   97.51  108.85  126.00   5/21/16 THERM   C   9 H  18     0     0 G 7
 C9H17112     4.35   115.87    46.79   59.21   70.54   80.02   94.76  105.71  122.15   5/21/16 THERM   C   9 H  17     0     0 G 7
 C9H18_1_4  -25.60   118.70    48.52   61.52   73.16   82.86   97.96  109.11  126.23   5/21/16 THERM   C   9 H  18     0     0 G 7
 C9H17114     7.80   114.89    46.98   59.70   71.08   80.54   95.21  105.97  122.38   5/21/16 THERM   C   9 H  17     0     0 G 7
 C9H18_1    -25.05   121.33    48.58   61.21   72.77   82.49   97.71  109.05  126.20   5/21/16 THERM   C   9 H  18     0     0 G 7
 C9H1711      8.35   117.52    47.04   59.39   70.69   80.17   94.96  105.91  122.35   5/21/16 THERM   C   9 H  17     0     0 G 7
 C10H20126  -34.60   126.71    53.86   68.42   81.44   92.24  108.99  121.39  140.37   5/22/16 THERM   C  10 H  20     0     0 G 8
 C10H191     -1.20   122.90    52.32   66.60   79.36   89.92  106.24  118.25  136.52   5/22/16 THERM   C  10 H  19     0     0 G 8
 C10H2014   -30.60   128.35    54.11   68.60   81.59   92.39  109.19  121.59  140.57   5/21/16 THERM   C  10 H  20     0     0 G 8
 C10H19114    2.80   124.54    52.57   66.78   79.51   90.07  106.44  118.45  136.72   5/21/16 THERM   C  10 H  19     0     0 G 8
 C10H2013   -32.14   128.19    53.96   68.32   81.44   92.24  109.15  121.64  140.72   5/21/16 THERM   C  10 H  20     0     0 G 8
 C10H19113    1.26   124.38    52.42   66.50   79.36   89.92  106.40  118.50  136.87   5/21/16 THERM   C  10 H  19     0     0 G 8
 C10H2012   -31.40   128.35    54.11   68.60   81.59   92.39  109.19  121.59  140.57   5/21/16 THERM   C  10 H  20     0     0 G 8
 C10H19112    2.00   124.54    52.57   66.78   79.51   90.07  106.44  118.45  136.72   5/21/16 THERM   C  10 H  19     0     0 G 8
 C11H22137  -37.69   135.22    59.49   75.71   90.26  102.14  120.63  134.18  155.09   5/21/16 THERM   C  11 H  22     0     0 G 9
 C11H211     -4.29   131.41    57.95   73.89   88.18   99.82  117.88  131.04  151.24   5/21/16 THERM   C  11 H  21     0     0 G 9
 C11H22126  -36.95   135.38    59.64   75.99   90.41  102.29  120.67  134.13  154.94   5/21/16 THERM   C  11 H  22     0     0 G 9
 C11H211     -3.55   131.57    58.10   74.17   88.33   99.97  117.92  130.99  151.09   5/21/16 THERM   C  11 H  21     0     0 G 9
 C11H2214   -35.60   138.00    59.70   75.68   90.02  101.92  120.42  134.07  154.91   5/21/16 THERM   C  11 H  22     0     0 G 9
 C11H21114   -2.20   134.19    58.16   73.86   87.94   99.60  117.67  130.93  151.06   5/21/16 THERM   C  11 H  21     0     0 G 9
 C11H2213   -35.60   138.00    59.70   75.68   90.02  101.92  120.42  134.07  154.91   5/21/16 THERM   C  11 H  22     0     0 G 9
 C11H21113   -2.20   134.19    58.16   73.86   87.94   99.60  117.67  130.93  151.06   5/21/16 THERM   C  11 H  21     0     0 G 9
 C12H24137  -41.15   145.03    65.23   83.07   98.84  111.82  131.90  146.61  169.28   5/21/16 THERM   C  12 H  24     0     0 G10
 C12H231     -7.75   141.22    63.69   81.25   96.76  109.50  129.15  143.47  165.43   5/21/16 THERM   C  12 H  23     0     0 G10
 C12H2416   -40.60   147.65    65.29   82.76   98.45  111.45  131.65  146.55  169.25   5/21/16 THERM   C  12 H  24     0     0 G10
 C12H23116   -7.20   143.84    63.75   80.94   96.37  109.13  128.90  143.41  165.40   5/21/16 THERM   C  12 H  23     0     0 G10
 C12H24126  -41.95   145.03    65.23   83.07   98.84  111.82  131.90  146.61  169.28   5/21/16 THERM   C  12 H  24     0     0 G10
 C12H231     -8.55   141.22    63.69   81.25   96.76  109.50  129.15  143.47  165.43   5/21/16 THERM   C  12 H  23     0     0 G10
 C12H2412   -41.40   147.65    65.29   82.76   98.45  111.45  131.65  146.55  169.25   5/21/16 THERM   C  12 H  24     0     0 G10
 C12H23112   -8.00   143.84    63.75   80.94   96.37  109.13  128.90  143.41  165.40   5/21/16 THERM   C  12 H  23     0     0 G10
 C13H26126  -46.95   154.68    70.82   90.15  107.27  121.35  143.13  159.09  183.62   5/21/16 THERM   C  13 H  26     0     0 G11
 C13H251    -13.55   150.87    69.28   88.33  105.19  119.03  140.38  155.95  179.77   5/21/16 THERM   C  13 H  25     0     0 G11
 C14H281    -55.95   162.69    76.16   97.05  115.55  130.73  154.16  171.37  197.76   5/21/16 THERM   C  14 H  28     0     0 G12
 C14H271    -22.55   158.88    74.62   95.23  113.47  128.41  151.41  168.23  193.91   5/21/16 THERM   C  14 H  27     0     0 G12
 C14H28137  -51.15   164.33    76.41   97.23  115.70  130.88  154.36  171.57  197.96   5/21/16 THERM   C  14 H  28     0     0 G12
 C14H271    -17.75   160.52    74.87   95.41  113.62  128.56  151.61  168.43  194.11   5/21/16 THERM   C  14 H  27     0     0 G12
 C14H281    -54.56   162.93    75.66   96.26  114.58  129.82  153.48  170.86  197.44   5/21/16 THERM   C  14 H  28     0     0 G12
 C14H271    -21.16   161.30    74.12   94.44  112.50  127.50  150.73  167.72  193.59   5/21/16 THERM   C  14 H  27     0     0 G12
 C14H27126  -54.59   163.03    76.25   96.80  115.10  130.29  153.85  171.15  197.67   5/21/16 THERM   C  14 H  28     0     0 G12
 C14H271    -21.19   161.40    74.71   94.98  113.02  127.97  151.10  168.01  193.82   5/21/16 THERM   C  14 H  27     0     0 G12
 BC4H9CHO   -56.29    88.77    29.74   36.45   42.83   48.52   57.09   63.62     .00   5/21/16 THERM   C   5 H  10 O   1     0 G 4
 BC4H8CHO    -7.24    93.47    28.60   34.81   40.69   45.92   53.77   59.73     .00   5/21/16 THERM   C   5 H   9 O   1     0 G 4
 IC4H9CHO   -56.11    88.25    29.68   36.81   43.27   49.30   57.99   64.43     .00   5/22/16 THERM   C   5 H  10 O   1     0 G 4
 IC4H8CHO    -7.06    92.95    28.54   35.17   41.13   46.70   54.67   60.54     .00   5/22/16 THERM   C   5 H   9 O   1     0 G 4
 BC4H7CHO   -32.10    84.05    28.17   34.73   40.34   44.98   52.33   57.50     .00   5/21/16 THERM   C   5 H   8 O   1     0 G 3
 BC4H9CHO   -56.29    88.77    29.74   36.45   42.83   48.52   57.09   63.62     .00   5/21/16 THERM   C   5 H  10 O   1     0 G 4
 BC4H9CO    -19.39    89.89    28.91   35.02   40.87   46.10   53.93   59.89     .00   5/21/16 THERM   C   5 H   9 O   1     0 G 4
 