 autoOut                                                               
 SPECIES       Hf       S    Cp 300     400     500     600     800     1000     1500     DATE        ELEMENTS
 C13H28_26  -76.92   157.12    73.81   93.98  111.99  126.81  149.71  166.58  192.50   5/21/16 THERM   C  13 H  28     0     0 G12
 C13H2726K  -30.95   161.38    72.03   91.00  108.50  123.00  145.31  161.80  187.10   5/21/16 THERM   C  13 H  27     0     0 G12
 C14H30_37  -81.12   166.77    79.40  101.06  120.42  136.34  160.94  179.06  206.84   5/21/16 THERM   C  14 H  30     0     0 G13
 C14H2937M  -35.15   171.03    77.62   98.08  116.93  132.53  156.54  174.28  201.44   5/21/16 THERM   C  14 H  29     0     0 G13
 C14H30210  -81.92   166.77    79.40  101.06  120.42  136.34  160.94  179.06  206.84   5/21/16 THERM   C  14 H  30     0     0 G13
 C14_210F   -35.95   171.03    77.62   98.08  116.93  132.53  156.54  174.28  201.44   5/21/16 THERM   C  14 H  29     0     0 G13
 C14H30_26  -81.92   166.77    79.40  101.06  120.42  136.34  160.94  179.06  206.84   5/21/16 THERM   C  14 H  30     0     0 G13
 C14H2926K  -35.95   171.03    77.62   98.08  116.93  132.53  156.54  174.28  201.44   5/21/16 THERM   C  14 H  29     0     0 G13
 C14_2610   -83.27   162.77    79.34  101.37  120.81  136.71  161.19  179.12  206.87   5/21/16 THERM   C  14 H  30     0     0 G13
 C14_2610A  -34.22   168.84    78.20   99.73  118.67  134.11  157.87  175.23  202.18   5/21/16 THERM   C  14 H  29     0     0 G13
 C7H14_5_3  -15.60    99.40    37.34   47.36   56.30   63.80   75.50   84.15   97.55   5/21/16 THERM   C   7 H  14     0     0 G 5
 C7H14_1_3  -17.14    99.24    37.19   47.08   56.15   63.65   75.46   84.20   97.70   5/21/16 THERM   C   7 H  14     0     0 G 5
 C8H16_6_3  -20.60   109.05    42.93   54.44   64.73   73.33   86.73   96.63  111.89   5/21/16 THERM   C   8 H  16     0     0 G 6
 C8H16_1_3  -22.14   108.89    42.78   54.16   64.58   73.18   86.69   96.68  112.04   5/21/16 THERM   C   8 H  16     0     0 G 6
 C8H16_1_4  -20.60   109.05    42.93   54.44   64.73   73.33   86.73   96.63  111.89   5/21/16 THERM   C   8 H  16     0     0 G 6
 C9H18_1_6  -26.40   118.70    48.52   61.52   73.16   82.86   97.96  109.11  126.23   5/21/16 THERM   C   9 H  18     0     0 G 7
 C9H18_2_6  -29.04   117.40    48.36   61.09   72.56   82.27   97.45  108.69  125.94   5/21/16 THERM   C   9 H  18     0     0 G 7
 C9H18_1_3  -27.14   118.54    48.37   61.24   73.01   82.71   97.92  109.16  126.38   5/21/16 THERM   C   9 H  18     0     0 G 7
 C9H18_1_2  -29.05   119.68    48.33   61.03   72.62   82.34   97.51  108.85  126.00   5/21/16 THERM   C   9 H  18     0     0 G 7
 C9H18_1_5  -25.60   118.70    48.52   61.52   73.16   82.86   97.96  109.11  126.23   5/21/16 THERM   C   9 H  18     0     0 G 7
 C9H18_1    -25.05   121.33    48.58   61.21   72.77   82.49   97.71  109.05  126.20   5/21/16 THERM   C   9 H  18     0     0 G 7
 C9H18_2    -27.69   120.02    48.42   60.78   72.17   81.90   97.20  108.63  125.91   5/21/16 THERM   C   9 H  18     0     0 G 7
 C9H18_1_4  -25.60   118.70    48.52   61.52   73.16   82.86   97.96  109.11  126.23   5/21/16 THERM   C   9 H  18     0     0 G 7
 C9H18_1_7  -26.40   118.70    48.52   61.52   73.16   82.86   97.96  109.11  126.23   5/21/16 THERM   C   9 H  18     0     0 G 7
 C10H20126  -34.60   126.71    53.86   68.42   81.44   92.24  108.99  121.39  140.37   5/21/16 THERM   C  10 H  20     0     0 G 8
 C10H20137  -33.49   125.57    53.90   68.63   81.83   92.61  109.40  121.70  140.75   5/21/16 THERM   C  10 H  20     0     0 G 8
 C10H2014   -30.60   128.35    54.11   68.60   81.59   92.39  109.19  121.59  140.57   5/21/16 THERM   C  10 H  20     0     0 G 8
 C10H2013   -32.14   128.19    53.96   68.32   81.44   92.24  109.15  121.64  140.72   5/21/16 THERM   C  10 H  20     0     0 G 8
 C10H2017   -30.60   128.35    54.11   68.60   81.59   92.39  109.19  121.59  140.57   5/21/16 THERM   C  10 H  20     0     0 G 8
 C10H2016   -30.60   128.35    54.11   68.60   81.59   92.39  109.19  121.59  140.57   5/21/16 THERM   C  10 H  20     0     0 G 8
 C10H2026   -33.24   127.05    53.95   68.17   80.99   91.80  108.68  121.17  140.28   5/21/16 THERM   C  10 H  20     0     0 G 8
 C10H2018   -31.40   128.35    54.11   68.60   81.59   92.39  109.19  121.59  140.57   5/21/16 THERM   C  10 H  20     0     0 G 8
 C11H22137  -37.69   135.22    59.49   75.71   90.26  102.14  120.63  134.18  155.09   5/21/16 THERM   C  11 H  22     0     0 G 9
 C11H22148  -36.95   135.38    59.64   75.99   90.41  102.29  120.67  134.13  154.94   5/21/16 THERM   C  11 H  22     0     0 G 9
 C11H2214   -35.60   138.00    59.70   75.68   90.02  101.92  120.42  134.07  154.91   5/21/16 THERM   C  11 H  22     0     0 G 9
 C11H2218   -35.60   138.00    59.70   75.68   90.02  101.92  120.42  134.07  154.91   5/21/16 THERM   C  11 H  22     0     0 G 9
 C12H24148  -41.15   145.03    65.23   83.07   98.84  111.82  131.90  146.61  169.28   5/21/16 THERM   C  12 H  24     0     0 G10
 C12H2426   -43.24   146.35    65.13   82.33   97.85  110.86  131.14  146.13  168.96   5/21/16 THERM   C  12 H  24     0     0 G10
 C12H2416   -40.60   147.65    65.29   82.76   98.45  111.45  131.65  146.55  169.25   5/21/16 THERM   C  12 H  24     0     0 G10
 C12H24159  -41.95   145.03    65.23   83.07   98.84  111.82  131.90  146.61  169.28   5/21/16 THERM   C  12 H  24     0     0 G10
 C12H24210  -44.04   146.35    65.13   82.33   97.85  110.86  131.14  146.13  168.96   5/21/16 THERM   C  12 H  24     0     0 G10
 C12H24110  -41.40   147.65    65.29   82.76   98.45  111.45  131.65  146.55  169.25   5/21/16 THERM   C  12 H  24     0     0 G10
 C13H262    -49.59   153.38    70.66   89.72  106.67  120.76  142.62  158.67  183.33   5/21/16 THERM   C  13 H  26     0     0 G11
 C13H261    -46.95   154.68    70.82   90.15  107.27  121.35  143.13  159.09  183.62   5/21/16 THERM   C  13 H  26     0     0 G11
 C14H281    -51.15   164.33    76.41   97.23  115.70  130.88  154.36  171.57  197.96   5/21/16 THERM   C  14 H  28     0     0 G12
 C14H285    -54.56   162.93    75.66   96.26  114.58  129.82  153.48  170.86  197.44   5/21/16 THERM   C  14 H  28     0     0 G12
 C14H286    -54.56   162.93    75.66   96.26  114.58  129.82  153.48  170.86  197.44   5/21/16 THERM   C  14 H  28     0     0 G12
 C14H283    -54.56   162.93    75.66   96.26  114.58  129.82  153.48  170.86  197.44   5/21/16 THERM   C  14 H  28     0     0 G12
 C14H281    -55.95   162.69    76.16   97.05  115.55  130.73  154.16  171.37  197.76   5/21/16 THERM   C  14 H  28     0     0 G12
 C14H282    -54.59   163.03    76.25   96.80  115.10  130.29  153.85  171.15  197.67   5/21/16 THERM   C  14 H  28     0     0 G12
 C14H282    -53.79   163.03    76.25   96.80  115.10  130.29  153.85  171.15  197.67   5/21/16 THERM   C  14 H  28     0     0 G12
