 autoOut                                                               
 SPECIES       Hf       S    Cp 300     400     500     600     800     1000     1500     DATE        ELEMENTS
 C9OOH_1_O -101.56   153.66    66.66   82.97   96.98  108.33  125.68  138.64     .00  10/19/14 THERM   C   9 H  20 O   4     0 G12
 C9OOH_1_O  -67.36   153.88    64.61   80.13   93.43  104.24  120.96  133.67     .00  10/19/14 THERM   C   9 H  19 O   4     0 G11
 C9OOH_1_O -103.99   152.59    67.15   83.47   97.21  108.60  125.83  138.77     .00  10/19/14 THERM   C   9 H  20 O   4     0 G12
 C9OOH_1_O  -69.79   152.81    65.10   80.63   93.66  104.51  121.11  133.80     .00  10/19/14 THERM   C   9 H  19 O   4     0 G11
 C9OOH_2_O -103.99   152.59    67.15   83.47   97.21  108.60  125.83  138.77     .00  10/19/14 THERM   C   9 H  20 O   4     0 G12
 C9OOH_2_O  -69.79   152.81    65.10   80.63   93.66  104.51  121.11  133.80     .00  10/19/14 THERM   C   9 H  19 O   4     0 G11
 C9OOH_2_O -108.36   150.60    67.65   84.15   98.16  109.34  126.48  139.27     .00  10/19/14 THERM   C   9 H  20 O   4     0 G12
 C9OOH_2_O  -74.16   150.82    65.60   81.31   94.61  105.25  121.76  134.30     .00  10/19/14 THERM   C   9 H  19 O   4     0 G11
 C9OOH_2_O -108.36   150.60    67.65   84.15   98.16  109.34  126.48  139.27     .00  10/19/14 THERM   C   9 H  20 O   4     0 G12
 C9OOH_2_O  -74.16   150.82    65.60   81.31   94.61  105.25  121.76  134.30     .00  10/19/14 THERM   C   9 H  19 O   4     0 G11
 C9OOH_2_O -108.36   150.60    67.65   84.15   98.16  109.34  126.48  139.27     .00  10/19/14 THERM   C   9 H  20 O   4     0 G12
 C9OOH_2_O  -74.16   150.82    65.60   81.31   94.61  105.25  121.76  134.30     .00  10/19/14 THERM   C   9 H  19 O   4     0 G11
 C9OOH_2_O -110.79   149.53    68.14   84.65   98.39  109.61  126.63  139.40     .00  10/19/14 THERM   C   9 H  18 O   4     0 G12
 C9OOH_2_O  -76.59   149.75    66.09   81.81   94.84  105.52  121.91  134.43     .00  10/19/14 THERM   C   9 H  19 O   4     0 G11
 C9OOH_2_O -103.99   152.59    67.15   83.47   97.21  108.60  125.83  138.77     .00  10/19/14 THERM   C   9 H  20 O   4     0 G12
 C9OOH_2_O  -69.79   152.81    65.10   80.63   93.66  104.51  121.11  133.80     .00  10/19/14 THERM   C   9 H  19 O   4     0 G11
 C9OOH_3_O -101.56   153.66    66.66   82.97   96.98  108.33  125.68  138.64     .00  10/19/14 THERM   C   9 H  20 O   4     0 G12
 C9OOH_3_O  -67.36   153.88    64.61   80.13   93.43  104.24  120.96  133.67     .00  10/19/14 THERM   C   9 H  19 O   4     0 G11
 C9OOH_3_O -108.36   150.60    67.65   84.15   98.16  109.34  126.48  139.27     .00  10/19/14 THERM   C   9 H  20 O   4     0 G12
 C9OOH_3_O  -74.16   150.82    65.60   81.31   94.61  105.25  121.76  134.30     .00  10/19/14 THERM   C   9 H  19 O   4     0 G11
 C9OOH_3_O -105.93   151.67    67.16   83.65   97.93  109.07  126.33  139.14     .00  10/19/14 THERM   C   9 H  20 O   4     0 G12
 C9OOH_3_O  -71.73   151.89    65.11   80.81   94.38  104.98  121.61  134.17     .00  10/19/14 THERM   C   9 H  19 O   4     0 G11
 C9OOH_3_O -105.93   151.67    67.16   83.65   97.93  109.07  126.33  139.14     .00  10/19/14 THERM   C   9 H  20 O   4     0 G12
 C9OOH_3_O  -71.73   151.89    65.11   80.81   94.38  104.98  121.61  134.17     .00  10/19/14 THERM   C   9 H  19 O   4     0 G11
 C9OOH_3_O -108.36   150.60    67.65   84.15   98.16  109.34  126.48  139.27     .00  10/19/14 THERM   C   9 H  20 O   4     0 G12
 C9OOH_3_O  -74.16   150.82    65.60   81.31   94.61  105.25  121.76  134.30     .00  10/19/14 THERM   C   9 H  19 O   4     0 G11
 C9OOH_3_O -101.56   153.66    66.66   82.97   96.98  108.33  125.68  138.64     .00  10/19/14 THERM   C   9 H  20 O   4     0 G12
 C9OOH_3_O  -67.36   153.88    64.61   80.13   93.43  104.24  120.96  133.67     .00  10/19/14 THERM   C   9 H  19 O   4     0 G11
 C9OOH_4_O -101.56   153.66    66.66   82.97   96.98  108.33  125.68  138.64     .00  10/19/14 THERM   C   9 H  20 O   4     0 G12
 C9OOH_4_O  -67.36   153.88    64.61   80.13   93.43  104.24  120.96  133.67     .00  10/19/14 THERM   C   9 H  19 O   4     0 G11
 C9OOH_2_O -108.36   150.60    67.65   84.15   98.16  109.34  126.48  139.27     .00  10/19/14 THERM   C   9 H  20 O   4     0 G12
 C9OOH_4_O  -74.16   150.82    65.60   81.31   94.61  105.25  121.76  134.30     .00  10/19/14 THERM   C   9 H  19 O   4     0 G11
 C9OOH_3_O -105.93   151.67    67.16   83.65   97.93  109.07  126.33  139.14     .00  10/19/14 THERM   C   9 H  20 O   4     0 G12
 C9OOH_4_O  -71.73   151.89    65.11   80.81   94.38  104.98  121.61  134.17     .00  10/19/14 THERM   C   9 H  19 O   4     0 G11
 C9H18O_1_  -76.79    88.85    51.34   65.93   78.19   88.39  104.49  115.92     .00  10/19/14 THERM   C   9 H  18 O   1     0 G 6
 C9H18O_1_  -83.59    85.79    52.33   67.11   79.37   89.40  105.29  116.55     .00  10/19/14 THERM   C   9 H  18 O   1     0 G 7
 C9H18O_1_  -81.16    86.86    51.84   66.61   79.14   89.13  105.14  116.42     .00  10/19/14 THERM   C   9 H  18 O   1     0 G 6
 C9H18O_1_  -81.16    86.86    51.84   66.61   79.14   89.13  105.14  116.42     .00  10/19/14 THERM   C   9 H  18 O   1     0 G 5
 C9H18O_1_  -81.16    86.86    51.84   66.61   79.14   89.13  105.14  116.42     .00  10/19/14 THERM   C   9 H  18 O   1     0 G 4
 C9H18O_1_  -76.79    88.85    51.34   65.93   78.19   88.39  104.49  115.92     .00  10/19/14 THERM   C   9 H  18 O   1     0 G 2
 C9H18O_2_  -87.96    83.80    52.83   67.79   80.32   90.14  105.94  117.05     .00  10/19/14 THERM   C   9 H  18 O   1     0 G 7
 C9H18O_2_  -87.96    83.80    52.83   67.79   80.32   90.14  105.94  117.05     .00  10/19/14 THERM   C   9 H  18 O   1     0 G 6
 C9H18O_2_  -87.96    83.80    52.83   67.79   80.32   90.14  105.94  117.05     .00  10/19/14 THERM   C   9 H  18 O   1     0 G 5
 C9H18O_2_  -90.39    82.73    53.32   68.29   80.55   90.41  106.09  117.18     .00  10/19/14 THERM   C   9 H  18 O   1     0 G 4
 C9H18O_3_  -85.53    84.87    52.34   67.29   80.09   89.87  105.79  116.92     .00  10/19/14 THERM   C   9 H  18 O   1     0 G 7
 C9H18O_3_  -85.53    84.87    52.34   67.29   80.09   89.87  105.79  116.92     .00  10/19/14 THERM   C   9 H  18 O   1     0 G 6
 C9KET_1_1  -96.19   143.38    58.71   73.19   85.95   96.48  112.80  124.74     .00  10/19/14 THERM   C   9 H  18 O   3     0 G10
 C9KET_1_2 -100.19   138.79    59.74   74.31   87.14   97.91  114.17  125.95     .00  10/19/14 THERM   C   9 H  18 O   3     0 G10
 C9KET_1_3 -100.56   141.39    59.21   73.87   86.90   97.22  113.45  125.24     .00  10/19/14 THERM   C   9 H  18 O   3     0 G10
 C9KET_1_4 -100.56   141.39    59.21   73.87   86.90   97.22  113.45  125.24     .00  10/19/14 THERM   C   9 H  18 O   3     0 G10
 C9KET_1_5 -100.56   141.39    59.21   73.87   86.90   97.22  113.45  125.24     .00  10/19/14 THERM   C   9 H  18 O   3     0 G10
 C9KET_1_6 -102.99   140.32    59.70   74.37   87.13   97.49  113.60  125.37     .00  10/19/14 THERM   C   9 H  18 O   3     0 G10
 C9KET_3_1 -104.03   142.48    58.66   73.28   85.82   96.15  112.47  124.44     .00  10/19/14 THERM   C   9 H  18 O   3     0 G10
 C9KET_3_2 -108.03   137.89    59.69   74.40   87.01   97.58  113.84  125.65     .00  10/19/14 THERM   C   9 H  18 O   3     0 G10
 C9KET_3_4 -106.93   140.21    58.13   73.39   86.67   97.18  113.52  125.48     .00  10/19/14 THERM   C   9 H  18 O   3     0 G10
 C9KET_3_5 -108.40   140.49    59.16   73.96   86.77   96.89  113.12  124.94     .00  10/19/14 THERM   C   9 H  18 O   3     0 G10
 C9KET_3_6 -110.83   139.42    59.65   74.46   87.00   97.16  113.27  125.07     .00  10/19/14 THERM   C   9 H  18 O   3     0 G10
 C9KET_3_7 -104.03   142.48    58.66   73.28   85.82   96.15  112.47  124.44     .00  10/19/14 THERM   C   9 H  18 O   3     0 G10
 C9KET_4_1 -104.50   142.29    59.74   74.12   86.10   96.16  112.35  124.16     .00  10/19/14 THERM   C   9 H  18 O   3     0 G10
 C9KET_4_2 -111.30   139.23    60.73   75.30   87.28   97.17  113.15  124.79     .00  10/19/14 THERM   C   9 H  18 O   3     0 G10
 C9KET_4_3 -107.40   140.02    59.21   74.23   86.95   97.19  113.40  125.20     .00  10/19/14 THERM   C   9 H  18 O   3     0 G10
 IC5H11COC  -78.43   116.24    46.60   58.19   68.11   76.53   90.53  100.71     .00  10/19/14 THERM   C   8 H  16 O   1     0 G 7
 IC5H11COC  -32.08   120.68    45.10   55.86   65.01   73.14   86.78   96.26     .00  10/19/14 THERM   C   8 H  15 O   1     0 G 7
 IC4H9COC3  -78.43   116.24    46.60   58.19   68.11   76.53   90.53  100.71     .00  10/19/14 THERM   C   8 H  16 O   1     0 G 7
 IC4H9COC3  -32.08   120.68    45.10   55.86   65.01   73.14   86.78   96.26     .00  10/19/14 THERM   C   8 H  15 O   1     0 G 7
 IC3H7COC4  -77.96   116.43    45.52   57.35   67.83   76.52   90.65  100.99     .00  10/19/14 THERM   C   8 H  16 O   1     0 G 7
