 autoOut                                                               
 SPECIES       Hf       S    Cp 300     400     500     600     800     1000     1500     DATE        ELEMENTS
 C9H19OH_1  -93.59   127.67    53.44   67.72   80.41   91.18  108.02  120.37     .00  10/19/14 THERM   C   9 H  20 O   1     0 G 9
 C9H19O_1_  -41.63   126.21    52.46   66.42   78.80   89.29  105.64  117.57     .00  10/19/14 THERM   C   9 H  19 O   1     0 G 8
 C9H19OH_2 -100.39   124.61    54.43   68.90   81.59   92.19  108.82  121.00     .00  10/19/14 THERM   C   9 H  20 O   1     0 G 9
 C9H19O_2_  -48.43   123.15    53.45   67.60   79.98   90.30  106.44  118.20     .00  10/19/14 THERM   C   9 H  19 O   1     0 G 8
 C9H19OH_3  -97.96   125.68    53.94   68.40   81.36   91.92  108.67  120.87  140.03  10/19/14 THERM   C   9 H  20 O   1     0 G 9
 C9H19O_3_  -46.00   124.22    52.96   67.10   79.75   90.03  106.29  118.07  136.44  10/19/14 THERM   C   9 H  19 O   1     0 G 8
 C9H19OH_4  -97.96   125.68    53.94   68.40   81.36   91.92  108.67  120.87  140.03  10/19/14 THERM   C   9 H  20 O   1     0 G 9
 C9H19O_4_  -46.00   124.22    52.96   67.10   79.75   90.03  106.29  118.07  136.44  10/19/14 THERM   C   9 H  19 O   1     0 G 8
 C9H19OOH_  -77.49   136.34    58.25   73.25   86.36   97.45  114.47  127.17     .00  10/19/14 THERM   C   9 H  20 O   2     0 G10
 C9H19OO_1  -43.29   136.56    56.20   70.41   82.81   93.36  109.75  122.20     .00  10/19/14 THERM   C   9 H  19 O   2     0 G 9
 C9H19OOH_  -84.29   133.28    59.24   74.43   87.54   98.46  115.27  127.80     .00  10/19/14 THERM   C   9 H  20 O   2     0 G10
 C9H19OO_2  -50.09   133.50    57.19   71.59   83.99   94.37  110.55  122.83     .00  10/19/14 THERM   C   9 H  19 O   2     0 G 9
 C9H19OOH_  -81.86   134.35    58.75   73.93   87.31   98.19  115.12  127.67     .00  10/19/14 THERM   C   9 H  20 O   2     0 G10
 C9H19OO_3  -47.66   134.57    56.70   71.09   83.76   94.10  110.40  122.70     .00  10/19/14 THERM   C   9 H  19 O   2     0 G 9
 C9H19OOH_  -81.86   134.35    58.75   73.93   87.31   98.19  115.12  127.67     .00  10/19/14 THERM   C   9 H  20 O   2     0 G10
 C9H19OO_4  -47.66   134.57    56.70   71.09   83.76   94.10  110.40  122.70     .00  10/19/14 THERM   C   9 H  19 O   2     0 G 9
 C9H19OOH_  -77.49   136.34    58.25   73.25   86.36   97.45  114.47  127.17     .00  10/19/14 THERM   C   9 H  20 O   2     0 G10
 C9H19OOH_  -84.29   133.28    59.24   74.43   87.54   98.46  115.27  127.80     .00  10/19/14 THERM   C   9 H  20 O   2     0 G10
 C9H19OOH_  -81.86   134.35    58.75   73.93   87.31   98.19  115.12  127.67     .00  10/19/14 THERM   C   9 H  20 O   2     0 G10
 C9H19OOH_  -81.86   134.35    58.75   73.93   87.31   98.19  115.12  127.67     .00  10/19/14 THERM   C   9 H  20 O   2     0 G10
 C9H19OOH_  -77.49   136.34    58.25   73.25   86.36   97.45  114.47  127.17     .00  10/19/14 THERM   C   9 H  20 O   2     0 G10
 C9OOH_1_2  -28.49   141.13    57.48   71.89   84.45   95.05  111.31  123.43     .00  10/19/14 THERM   C   9 H  19 O   2     0 G10
 C9H19OOH_  -77.49   136.34    58.25   73.25   86.36   97.45  114.47  127.17     .00  10/19/14 THERM   C   9 H  20 O   2     0 G10
 C9OOH_1_2  -33.09   141.58    57.47   70.77   82.81   93.30  109.72  122.15     .00  10/19/14 THERM   C   9 H  19 O   2     0 G10
 C9H19OOH_  -77.49   136.34    58.25   73.25   86.36   97.45  114.47  127.17     .00  10/19/14 THERM   C   9 H  20 O   2     0 G10
 C9OOH_1_2  -31.14   140.78    56.75   70.92   83.26   94.06  110.72  122.72     .00  10/19/14 THERM   C   9 H  19 O   2     0 G10
 C9H19OOH_  -77.49   136.34    58.25   73.25   86.36   97.45  114.47  127.17     .00  10/19/14 THERM   C   9 H  20 O   2     0 G10
 C9OOH_1_2  -31.14   140.78    56.75   70.92   83.26   94.06  110.72  122.72     .00  10/19/14 THERM   C   9 H  19 O   2     0 G10
 C9H19OOH_  -77.49   136.34    58.25   73.25   86.36   97.45  114.47  127.17     .00  10/19/14 THERM   C   9 H  20 O   2     0 G10
 C9OOH_1_2  -31.14   140.78    56.75   70.92   83.26   94.06  110.72  122.72     .00  10/19/14 THERM   C   9 H  19 O   2     0 G10
 C9H19OOH_  -77.49   136.34    58.25   73.25   86.36   97.45  114.47  127.17     .00  10/19/14 THERM   C   9 H  20 O   2     0 G10
 C9OOH_1_2  -33.09   141.58    57.47   70.77   82.81   93.30  109.72  122.15     .00  10/19/14 THERM   C   9 H  19 O   2     0 G10
 C9H19OOH_  -84.29   133.28    59.24   74.43   87.54   98.46  115.27  127.80     .00  10/19/14 THERM   C   9 H  20 O   2     0 G10
 C9OOH_2_2  -35.29   138.07    58.47   73.07   85.63   96.06  112.11  124.06     .00  10/19/14 THERM   C   9 H  19 O   2     0 G10
 C9OOH_2_2   46.35    -4.29    -1.50   -2.33   -3.10   -3.39   -3.75   -4.45     .00  10/19/14 THERM   C   9 H  19 O   2     0 G10
 C9H19OOH_  -84.29   133.28    59.24   74.43   87.54   98.46  115.27  127.80     .00  10/19/14 THERM   C   9 H  20 O   2     0 G10
 C9OOH_2_2  -37.94   137.72    57.74   72.10   84.44   95.07  111.52  123.35     .00  10/19/14 THERM   C   9 H  19 O   2     0 G10
 C9H19OOH_  -84.29   133.28    59.24   74.43   87.54   98.46  115.27  127.80     .00  10/19/14 THERM   C   9 H  20 O   2     0 G10
 C9OOH_2_2  -37.94   137.72    57.74   72.10   84.44   95.07  111.52  123.35     .00  10/19/14 THERM   C   9 H  19 O   2     0 G10
 C9H19OOH_  -84.29   133.28    59.24   74.43   87.54   98.46  115.27  127.80     .00  10/19/14 THERM   C   9 H  20 O   2     0 G10
 C9OOH_2_2  -39.89   138.52    58.46   71.95   83.99   94.31  110.52  122.78     .00  10/19/14 THERM   C   9 H  19 O   2     0 G10
 C9H19OOH_  -84.29   133.28    59.24   74.43   87.54   98.46  115.27  127.80     .00  10/19/14 THERM   C   9 H  20 O   2     0 G10
 C9OOH_2_2  -35.29   138.07    58.47   73.07   85.63   96.06  112.11  124.06     .00  10/19/14 THERM   C   9 H  19 O   2     0 G10
 C9H19OOH_  -81.86   134.35    58.75   73.93   87.31   98.19  115.12  127.67     .00  10/19/14 THERM   C   9 H  20 O   2     0 G10
 C9OOH_3_2  -32.86   139.14    57.98   72.57   85.40   95.79  111.96  123.93     .00  10/19/14 THERM   C   9 H  19 O   2     0 G10
 C9H19OOH_  -81.86   134.35    58.75   73.93   87.31   98.19  115.12  127.67     .00  10/19/14 THERM   C   9 H  20 O   2     0 G10
 C9OOH_3_2  -37.46   139.59    57.97   71.45   83.76   94.04  110.37  122.65     .00  10/19/14 THERM   C   9 H  19 O   2     0 G10
 C9H19OOH_  -81.86   134.35    58.75   73.93   87.31   98.19  115.12  127.67     .00  10/19/14 THERM   C   9 H  20 O   2     0 G10
 C9OOH_3_2  -35.51   138.79    57.25   71.60   84.21   94.80  111.37  123.22     .00  10/19/14 THERM   C   9 H  19 O   2     0 G10
 C9H19OOH_  -81.86   134.35    58.75   73.93   87.31   98.19  115.12  127.67     .00  10/19/14 THERM   C   9 H  20 O   2     0 G10
 C9OOH_3_2  -35.51   138.79    57.25   71.60   84.21   94.80  111.37  123.22     .00  10/19/14 THERM   C   9 H  19 O   2     0 G10
 C9OOH_3_2   44.40    -3.49     -.78   -2.48   -3.55   -4.15   -4.75   -5.02     .00  10/19/14 THERM   C   9 H  19 O   2     0 G10
 C9H19OOH_  -81.86   134.35    58.75   73.93   87.31   98.19  115.12  127.67     .00  10/19/14 THERM   C   9 H  20 O   2     0 G10
 C9OOH_3_2  -32.86   139.14    57.98   72.57   85.40   95.79  111.96  123.93     .00  10/19/14 THERM   C   9 H  19 O   2     0 G10
 C9H19OOH_  -81.86   134.35    58.75   73.93   87.31   98.19  115.12  127.67     .00  10/19/14 THERM   C   9 H  20 O   2     0 G10
 C9OOH_4_2  -32.86   139.14    57.98   72.57   85.40   95.79  111.96  123.93     .00  10/19/14 THERM   C   9 H  19 O   2     0 G10
 C9H19OOH_  -81.86   134.35    58.75   73.93   87.31   98.19  115.12  127.67     .00  10/19/14 THERM   C   9 H  20 O   2     0 G10
 C9OOH_4_2  -37.46   139.59    57.97   71.45   83.76   94.04  110.37  122.65     .00  10/19/14 THERM   C   9 H  19 O   2     0 G10
 C9H19OOH_  -81.86   134.35    58.75   73.93   87.31   98.19  115.12  127.67     .00  10/19/14 THERM   C   9 H  20 O   2     0 G10
 C9OOH_4_2  -35.51   138.79    57.25   71.60   84.21   94.80  111.37  123.22     .00  10/19/14 THERM   C   9 H  19 O   2     0 G10
 C9OOH_1_O  -97.19   155.65    66.16   82.29   96.03  107.59  125.03  138.14     .00  10/19/14 THERM   C   9 H  20 O   4     0 G12
 C9OOH_1_O  -62.99   155.87    64.11   79.45   92.48  103.50  120.31  133.17     .00  10/19/14 THERM   C   9 H  19 O   4     0 G11
 C9OOH_1_O -103.99   152.59    67.15   83.47   97.21  108.60  125.83  138.77     .00  10/19/14 THERM   C   9 H  20 O   4     0 G12
 C9OOH_1_O  -69.79   152.81    65.10   80.63   93.66  104.51  121.11  133.80     .00  10/19/14 THERM   C   9 H  19 O   4     0 G11
 C9OOH_1_O -101.56   153.66    66.66   82.97   96.98  108.33  125.68  138.64     .00  10/19/14 THERM   C   9 H  20 O   4     0 G12
 C9OOH_1_O  -67.36   153.88    64.61   80.13   93.43  104.24  120.96  133.67     .00  10/19/14 THERM   C   9 H  19 O   4     0 G11
 C9OOH_1_O -101.56   153.66    66.66   82.97   96.98  108.33  125.68  138.64     .00  10/19/14 THERM   C   9 H  20 O   4     0 G12
 C9OOH_1_O  -67.36   153.88    64.61   80.13   93.43  104.24  120.96  133.67     .00  10/19/14 THERM   C   9 H  19 O   4     0 G11
 C9OOH_1_O -101.56   153.66    66.66   82.97   96.98  108.33  125.68  138.64     .00  10/19/14 THERM   C   9 H  20 O   4     0 G12
 C9OOH_1_O  -67.36   153.88    64.61   80.13   93.43  104.24  120.96  133.67     .00  10/19/14 THERM   C   9 H  19 O   4     0 G11
 C9OOH_1_O -103.99   152.59    67.15   83.47   97.21  108.60  125.83  138.77     .00  10/19/14 THERM   C   9 H  20 O   4     0 G12
 C9OOH_1_O  -69.79   152.81    65.10   80.63   93.66  104.51  121.11  133.80     .00  10/19/14 THERM   C   9 H  19 O   4     0 G11
 C9OOH_2_O -103.99   152.59    67.15   83.47   97.21  108.60  125.83  138.77     .00  10/19/14 THERM   C   9 H  20 O   4     0 G12
 C9OOH_2_O  -69.79   152.81    65.10   80.63   93.66  104.51  121.11  133.80     .00  10/19/14 THERM   C   9 H  19 O   4     0 G11
 C9OOH_2_O -108.36   150.60    67.65   84.15   98.16  109.34  126.48  139.27     .00  10/19/14 THERM   C   9 H  20 O   4     0 G12
 C9OOH_2_O  -74.16   150.82    65.60   81.31   94.61  105.25  121.76  134.30     .00  10/19/14 THERM   C   9 H  19 O   4     0 G11
 C9OOH_2_O -108.36   150.60    67.65   84.15   98.16  109.34  126.48  139.27     .00  10/19/14 THERM   C   9 H  20 O   4     0 G12
 C9OOH_2_O  -74.16   150.82    65.60   81.31   94.61  105.25  121.76  134.30     .00  10/19/14 THERM   C   9 H  19 O   4     0 G11
 C9OOH_2_O -108.36   150.60    67.65   84.15   98.16  109.34  126.48  139.27     .00  10/19/14 THERM   C   9 H  20 O   4     0 G12
 C9OOH_2_O  -74.16   150.82    65.60   81.31   94.61  105.25  121.76  134.30     .00  10/19/14 THERM   C   9 H  19 O   4     0 G11
 C9OOH_2_O -110.79   149.53    68.14   84.65   98.39  109.61  126.63  139.40     .00  10/19/14 THERM   C   9 H  18 O   4     0 G12
 C9OOH_2_O  -76.59   149.75    66.09   81.81   94.84  105.52  121.91  134.43     .00  10/19/14 THERM   C   9 H  19 O   4     0 G11
 C9OOH_2_O -103.99   152.59    67.15   83.47   97.21  108.60  125.83  138.77     .00  10/19/14 THERM   C   9 H  20 O   4     0 G12
 C9OOH_3_O -101.56   153.66    66.66   82.97   96.98  108.33  125.68  138.64     .00  10/19/14 THERM   C   9 H  20 O   4     0 G12
 C9OOH_3_O  -67.36   153.88    64.61   80.13   93.43  104.24  120.96  133.67     .00  10/19/14 THERM   C   9 H  19 O   4     0 G11
 C9OOH_3_O -108.36   150.60    67.65   84.15   98.16  109.34  126.48  139.27     .00  10/19/14 THERM   C   9 H  20 O   4     0 G12
 C9OOH_3_O  -74.16   150.82    65.60   81.31   94.61  105.25  121.76  134.30     .00  10/19/14 THERM   C   9 H  19 O   4     0 G11
 C9OOH_3_O -105.93   151.67    67.16   83.65   97.93  109.07  126.33  139.14     .00  10/19/14 THERM   C   9 H  20 O   4     0 G12
 C9OOH_3_O  -71.73   151.89    65.11   80.81   94.38  104.98  121.61  134.17     .00  10/19/14 THERM   C   9 H  19 O   4     0 G11
 C9OOH_3_O -105.93   151.67    67.16   83.65   97.93  109.07  126.33  139.14     .00  10/19/14 THERM   C   9 H  20 O   4     0 G12
 C9OOH_3_O  -71.73   151.89    65.11   80.81   94.38  104.98  121.61  134.17     .00  10/19/14 THERM   C   9 H  19 O   4     0 G11
 C9OOH_3_O -108.36   150.60    67.65   84.15   98.16  109.34  126.48  139.27     .00  10/19/14 THERM   C   9 H  20 O   4     0 G12
 C9OOH_3_O  -74.16   150.82    65.60   81.31   94.61  105.25  121.76  134.30     .00  10/19/14 THERM   C   9 H  19 O   4     0 G11
 C9OOH_3_O -101.56   153.66    66.66   82.97   96.98  108.33  125.68  138.64     .00  10/19/14 THERM   C   9 H  20 O   4     0 G12
 C9OOH_3_O  -67.36   153.88    64.61   80.13   93.43  104.24  120.96  133.67     .00  10/19/14 THERM   C   9 H  19 O   4     0 G11
 C9OOH_4_O -101.56   153.66    66.66   82.97   96.98  108.33  125.68  138.64     .00  10/19/14 THERM   C   9 H  20 O   4     0 G12
 C9OOH_4_O  -67.36   153.88    64.61   80.13   93.43  104.24  120.96  133.67     .00  10/19/14 THERM   C   9 H  19 O   4     0 G11
 C9OOH_2_O -108.36   150.60    67.65   84.15   98.16  109.34  126.48  139.27     .00  10/19/14 THERM   C   9 H  20 O   4     0 G12
 C9OOH_4_O  -74.16   150.82    65.60   81.31   94.61  105.25  121.76  134.30     .00  10/19/14 THERM   C   9 H  19 O   4     0 G11
 C9OOH_3_O -105.93   151.67    67.16   83.65   97.93  109.07  126.33  139.14     .00  10/19/14 THERM   C   9 H  20 O   4     0 G12
 C9OOH_4_O  -71.73   151.89    65.11   80.81   94.38  104.98  121.61  134.17     .00  10/19/14 THERM   C   9 H  19 O   4     0 G11
 C9H18O_1_  -76.79    88.85    51.34   65.93   78.19   88.39  104.49  115.92     .00  10/19/14 THERM   C   9 H  18 O   1     0 G 6
 C9H18O_1_  -83.59    85.79    52.33   67.11   79.37   89.40  105.29  116.55     .00  10/19/14 THERM   C   9 H  18 O   1     0 G 7
 C9H18O_1_  -81.16    86.86    51.84   66.61   79.14   89.13  105.14  116.42     .00  10/19/14 THERM   C   9 H  18 O   1     0 G 6
 C9H18O_1_  -81.16    86.86    51.84   66.61   79.14   89.13  105.14  116.42     .00  10/19/14 THERM   C   9 H  18 O   1     0 G 5
 C9H18O_1_  -81.16    86.86    51.84   66.61   79.14   89.13  105.14  116.42     .00  10/19/14 THERM   C   9 H  18 O   1     0 G 4
 C9H18O_1_  -76.79    88.85    51.34   65.93   78.19   88.39  104.49  115.92     .00  10/19/14 THERM   C   9 H  18 O   1     0 G 2
 C9H18O_2_  -87.96    83.80    52.83   67.79   80.32   90.14  105.94  117.05     .00  10/19/14 THERM   C   9 H  18 O   1     0 G 7
 C9H18O_2_  -87.96    83.80    52.83   67.79   80.32   90.14  105.94  117.05     .00  10/19/14 THERM   C   9 H  18 O   1     0 G 6
 C9H18O_2_  -87.96    83.80    52.83   67.79   80.32   90.14  105.94  117.05     .00  10/19/14 THERM   C   9 H  18 O   1     0 G 5
 C9H18O_2_  -90.39    82.73    53.32   68.29   80.55   90.41  106.09  117.18     .00  10/19/14 THERM   C   9 H  18 O   1     0 G 4
 C9H18O_3_  -85.53    84.87    52.34   67.29   80.09   89.87  105.79  116.92     .00  10/19/14 THERM   C   9 H  18 O   1     0 G 7
 C9H18O_3_  -85.53    84.87    52.34   67.29   80.09   89.87  105.79  116.92     .00  10/19/14 THERM   C   9 H  18 O   1     0 G 6
 C9KET_1_1  -96.19   143.38    58.71   73.19   85.95   96.48  112.80  124.74     .00  10/19/14 THERM   C   9 H  18 O   3     0 G10
 C9KET_1_2 -100.19   138.79    59.74   74.31   87.14   97.91  114.17  125.95     .00  10/19/14 THERM   C   9 H  18 O   3     0 G10
 C9KET_1_3 -100.56   141.39    59.21   73.87   86.90   97.22  113.45  125.24     .00  10/19/14 THERM   C   9 H  18 O   3     0 G10
 C9KET_1_4 -100.56   141.39    59.21   73.87   86.90   97.22  113.45  125.24     .00  10/19/14 THERM   C   9 H  18 O   3     0 G10
 C9KET_1_5 -100.56   141.39    59.21   73.87   86.90   97.22  113.45  125.24     .00  10/19/14 THERM   C   9 H  18 O   3     0 G10
 C9KET_1_6 -102.99   140.32    59.70   74.37   87.13   97.49  113.60  125.37     .00  10/19/14 THERM   C   9 H  18 O   3     0 G10
 C9KET_3_1 -104.03   142.48    58.66   73.28   85.82   96.15  112.47  124.44     .00  10/19/14 THERM   C   9 H  18 O   3     0 G10
 C9KET_3_2 -108.03   137.89    59.69   74.40   87.01   97.58  113.84  125.65     .00  10/19/14 THERM   C   9 H  18 O   3     0 G10
 C9KET_3_4 -106.93   140.21    58.13   73.39   86.67   97.18  113.52  125.48     .00  10/19/14 THERM   C   9 H  18 O   3     0 G10
 C9KET_3_5 -108.40   140.49    59.16   73.96   86.77   96.89  113.12  124.94     .00  10/19/14 THERM   C   9 H  18 O   3     0 G10
 C9KET_3_6 -110.83   139.42    59.65   74.46   87.00   97.16  113.27  125.07     .00  10/19/14 THERM   C   9 H  18 O   3     0 G10
 C9KET_3_7 -104.03   142.48    58.66   73.28   85.82   96.15  112.47  124.44     .00  10/19/14 THERM   C   9 H  18 O   3     0 G10
 C9KET_4_2 -111.30   139.23    60.73   75.30   87.28   97.17  113.15  124.79     .00  10/19/14 THERM   C   9 H  18 O   3     0 G10
 C9KET_4_3 -107.40   140.02    59.21   74.23   86.95   97.19  113.40  125.20     .00  10/19/14 THERM   C   9 H  18 O   3     0 G10
 IC5H11COC  -78.43   116.24    46.60   58.19   68.11   76.53   90.53  100.71     .00  10/19/14 THERM   C   8 H  16 O   1     0 G 7
 IC5H11COC  -32.08   120.68    45.10   55.86   65.01   73.14   86.78   96.26     .00  10/19/14 THERM   C   8 H  15 O   1     0 G 7
 IC4H9COC3  -78.43   116.24    46.60   58.19   68.11   76.53   90.53  100.71     .00  10/19/14 THERM   C   8 H  16 O   1     0 G 7
 IC4H9COC3  -32.08   120.68    45.10   55.86   65.01   73.14   86.78   96.26     .00  10/19/14 THERM   C   8 H  15 O   1     0 G 7
