 autoOut                                                               
 SPECIES       Hf       S    Cp 300     400     500     600     800     1000     1500     DATE        ELEMENTS
 C9H19OH_3  -97.86   126.39    54.97   69.87   82.86   93.44  109.46  121.09  139.18   8/29/15 THERM   C   9 H  20 O   1     0 G 9
 C9H19O_3_  -45.04   124.68    55.49   69.27   81.75   91.88  107.33  118.48  135.90   8/29/15 THERM   C   9 H  19 O   1     0 G 8
 C9H19OH_4  -97.86   126.39    54.97   69.87   82.86   93.44  109.46  121.09  139.18   8/29/15 THERM   C   9 H  20 O   1     0 G 9
 C9H19O_4_  -45.04   124.68    55.49   69.27   81.75   91.88  107.33  118.48  135.90   8/29/15 THERM   C   9 H  19 O   1     0 G 8
 C9H19OOH_  -77.53   137.30    58.89   74.55   88.10   99.10  115.33  127.43     .00   8/29/15 THERM   C   9 H  20 O   2     0 G10
 C9H19OO_1  -44.36   136.82    57.72   72.77   85.82   96.36  112.08  123.75     .00   8/29/15 THERM   C   9 H  19 O   2     0 G 9
 C9H19OOH_  -83.98   134.13    59.99   75.15   88.28   99.08  115.59  127.88     .00   8/29/15 THERM   C   9 H  20 O   2     0 G10
 C9H19OO_2  -50.81   133.65    58.82   73.37   86.00   96.34  112.34  124.20     .00   8/29/15 THERM   C   9 H  19 O   2     0 G 9
 C9H19OOH_  -81.56   134.04    59.58   75.30   88.74   99.59  115.47  127.25     .00   8/29/15 THERM   C   9 H  20 O   2     0 G10
 C9H19OO_3  -48.39   133.56    58.41   73.52   86.46   96.85  112.22  123.57     .00   8/29/15 THERM   C   9 H  19 O   2     0 G 9
 C9H19OOH_  -81.56   134.04    59.58   75.30   88.74   99.59  115.47  127.25     .00   8/29/15 THERM   C   9 H  20 O   2     0 G10
 C9H19OO_4  -48.39   133.56    58.41   73.52   86.46   96.85  112.22  123.57     .00   8/29/15 THERM   C   9 H  19 O   2     0 G 9
 C9H19OOH_  -77.53   137.30    58.89   74.55   88.10   99.10  115.33  127.43     .00   8/29/15 THERM   C   9 H  20 O   2     0 G10
 C9H19OOH_  -81.56   134.04    59.58   75.30   88.74   99.59  115.47  127.25     .00   8/29/15 THERM   C   9 H  20 O   2     0 G10
 C9H19OOH_  -81.56   134.04    59.58   75.30   88.74   99.59  115.47  127.25     .00   8/29/15 THERM   C   9 H  20 O   2     0 G10
 C9H19OOH_  -77.53   137.30    58.89   74.55   88.10   99.10  115.33  127.43     .00   8/29/15 THERM   C   9 H  20 O   2     0 G10
 C9OOH_1_2  -28.48   141.99    57.75   72.91   85.96   96.50  112.01  123.54     .00   8/29/15 THERM   C   9 H  19 O   2     0 G10
 C9H19OOH_  -77.53   137.30    58.89   74.55   88.10   99.10  115.33  127.43     .00   8/29/15 THERM   C   9 H  20 O   2     0 G10
 C9OOH_1_2  -33.49   142.44    56.08   70.36   83.26   94.00  110.00  122.07     .00   8/29/15 THERM   C   9 H  19 O   2     0 G10
 C9H19OOH_  -77.53   137.30    58.89   74.55   88.10   99.10  115.33  127.43     .00   8/29/15 THERM   C   9 H  20 O   2     0 G10
 C9OOH_1_2  -31.56   141.56    57.11   71.57   84.61   95.29  110.93  122.65     .00   8/29/15 THERM   C   9 H  19 O   2     0 G10
 C9H19OOH_  -77.53   137.30    58.89   74.55   88.10   99.10  115.33  127.43     .00   8/29/15 THERM   C   9 H  20 O   2     0 G10
 C9OOH_1_2  -31.56   141.56    57.11   71.57   84.61   95.29  110.93  122.65     .00   8/29/15 THERM   C   9 H  19 O   2     0 G10
 C9H19OOH_  -77.53   137.30    58.89   74.55   88.10   99.10  115.33  127.43     .00   8/29/15 THERM   C   9 H  20 O   2     0 G10
 C9OOH_1_2  -31.56   141.56    57.11   71.57   84.61   95.29  110.93  122.65     .00   8/29/15 THERM   C   9 H  19 O   2     0 G10
 C9H19OOH_  -77.53   137.30    58.89   74.55   88.10   99.10  115.33  127.43     .00   8/29/15 THERM   C   9 H  20 O   2     0 G10
 C9OOH_1_2  -33.49   142.44    56.08   70.36   83.26   94.00  110.00  122.07     .00   8/29/15 THERM   C   9 H  19 O   2     0 G10
 C9H19OOH_  -83.98   134.13    59.99   75.15   88.28   99.08  115.59  127.88     .00   8/29/15 THERM   C   9 H  20 O   2     0 G10
 C9OOH_2_2  -34.93   138.82    58.85   73.51   86.14   96.48  112.27  123.99     .00   8/29/15 THERM   C   9 H  19 O   2     0 G10
 C9H19OOH_  -83.98   134.13    59.99   75.15   88.28   99.08  115.59  127.88     .00   8/29/15 THERM   C   9 H  20 O   2     0 G10
 C9H19OOH_  -83.98   134.13    59.99   75.15   88.28   99.08  115.59  127.88     .00   8/29/15 THERM   C   9 H  20 O   2     0 G10
 C9OOH_2_2  -38.01   138.39    58.21   72.17   84.79   95.27  111.19  123.10     .00   8/29/15 THERM   C   9 H  19 O   2     0 G10
 C9H19OOH_  -83.98   134.13    59.99   75.15   88.28   99.08  115.59  127.88     .00   8/29/15 THERM   C   9 H  20 O   2     0 G10
 C9OOH_2_2  -38.01   138.39    58.21   72.17   84.79   95.27  111.19  123.10     .00   8/29/15 THERM   C   9 H  19 O   2     0 G10
 C9H19OOH_  -83.98   134.13    59.99   75.15   88.28   99.08  115.59  127.88     .00   8/29/15 THERM   C   9 H  20 O   2     0 G10
 C9OOH_2_2  -39.94   139.27    57.18   70.96   83.44   93.98  110.26  122.52     .00   8/29/15 THERM   C   9 H  19 O   2     0 G10
 C9H19OOH_  -83.98   134.13    59.99   75.15   88.28   99.08  115.59  127.88     .00   8/29/15 THERM   C   9 H  20 O   2     0 G10
 C9OOH_2_2  -34.93   138.82    58.85   73.51   86.14   96.48  112.27  123.99     .00   8/29/15 THERM   C   9 H  19 O   2     0 G10
 C9H19OOH_  -81.56   134.04    59.58   75.30   88.74   99.59  115.47  127.25     .00   8/29/15 THERM   C   9 H  20 O   2     0 G10
 C9OOH_3_2  -32.51   138.73    58.44   73.66   86.60   96.99  112.15  123.36     .00   8/29/15 THERM   C   9 H  19 O   2     0 G10
 C9H19OOH_  -81.56   134.04    59.58   75.30   88.74   99.59  115.47  127.25     .00   8/29/15 THERM   C   9 H  20 O   2     0 G10
 C9OOH_3_2  -37.52   139.18    56.77   71.11   83.90   94.49  110.14  121.89     .00   8/29/15 THERM   C   9 H  19 O   2     0 G10
 C9H19OOH_  -81.56   134.04    59.58   75.30   88.74   99.59  115.47  127.25     .00   8/29/15 THERM   C   9 H  20 O   2     0 G10
 C9OOH_3_2  -35.59   138.30    57.80   72.32   85.25   95.78  111.07  122.47     .00   8/29/15 THERM   C   9 H  19 O   2     0 G10
 C9H19OOH_  -81.56   134.04    59.58   75.30   88.74   99.59  115.47  127.25     .00   8/29/15 THERM   C   9 H  20 O   2     0 G10
 C9OOH_3_2  -35.59   138.30    57.80   72.32   85.25   95.78  111.07  122.47     .00   8/29/15 THERM   C   9 H  19 O   2     0 G10
 C9H19OOH_  -81.56   134.04    59.58   75.30   88.74   99.59  115.47  127.25     .00   8/29/15 THERM   C   9 H  20 O   2     0 G10
 C9H19OOH_  -81.56   134.04    59.58   75.30   88.74   99.59  115.47  127.25     .00   8/29/15 THERM   C   9 H  20 O   2     0 G10
 C9OOH_3_2  -32.51   138.73    58.44   73.66   86.60   96.99  112.15  123.36     .00   8/29/15 THERM   C   9 H  19 O   2     0 G10
 C9H19OOH_  -81.56   134.04    59.58   75.30   88.74   99.59  115.47  127.25     .00   8/29/15 THERM   C   9 H  20 O   2     0 G10
 C9OOH_4_2  -32.51   138.73    58.44   73.66   86.60   96.99  112.15  123.36     .00   8/29/15 THERM   C   9 H  19 O   2     0 G10
 C9H19OOH_  -81.56   134.04    59.58   75.30   88.74   99.59  115.47  127.25     .00   8/29/15 THERM   C   9 H  20 O   2     0 G10
 C9OOH_4_2  -37.52   139.18    56.77   71.11   83.90   94.49  110.14  121.89     .00   8/29/15 THERM   C   9 H  19 O   2     0 G10
 C9H19OOH_  -81.56   134.04    59.58   75.30   88.74   99.59  115.47  127.25     .00   8/29/15 THERM   C   9 H  20 O   2     0 G10
 C9OOH_4_2  -35.59   138.30    57.80   72.32   85.25   95.78  111.07  122.47     .00   8/29/15 THERM   C   9 H  19 O   2     0 G10
 C9OOH_1_O  -97.34   156.08    66.33   83.44   97.93  109.51  125.87  138.20     .00   8/29/15 THERM   C   9 H  20 O   4     0 G12
 C9OOH_1_O  -64.17   155.60    65.16   81.66   95.65  106.77  122.62  134.52     .00   8/29/15 THERM   C   9 H  19 O   4     0 G11
 C9OOH_1_O -103.79   152.91    67.43   84.04   98.11  109.49  126.13  138.65     .00   8/29/15 THERM   C   9 H  20 O   4     0 G12
 C9OOH_1_O  -70.62   152.43    66.26   82.26   95.83  106.75  122.88  134.97     .00   8/29/15 THERM   C   9 H  19 O   4     0 G11
 C9OOH_1_O -101.37   152.82    67.02   84.19   98.57  110.00  126.01  138.02     .00   8/29/15 THERM   C   9 H  20 O   4     0 G12
 C9OOH_1_O  -68.20   152.34    65.85   82.41   96.29  107.26  122.76  134.34     .00   8/29/15 THERM   C   9 H  19 O   4     0 G11
 C9OOH_1_O -101.37   152.82    67.02   84.19   98.57  110.00  126.01  138.02     .00   8/29/15 THERM   C   9 H  20 O   4     0 G12
 C9OOH_1_O  -68.20   152.34    65.85   82.41   96.29  107.26  122.76  134.34     .00   8/29/15 THERM   C   9 H  19 O   4     0 G11
 C9OOH_1_O -101.37   152.82    67.02   84.19   98.57  110.00  126.01  138.02     .00   8/29/15 THERM   C   9 H  20 O   4     0 G12
 C9OOH_1_O -103.79   152.91    67.43   84.04   98.11  109.49  126.13  138.65     .00   8/29/15 THERM   C   9 H  20 O   4     0 G12
 C9OOH_1_O  -70.62   152.43    66.26   82.26   95.83  106.75  122.88  134.97     .00   8/29/15 THERM   C   9 H  19 O   4     0 G11
 C9OOH_2_O -103.79   152.91    67.43   84.04   98.11  109.49  126.13  138.65     .00   8/29/15 THERM   C   9 H  20 O   4     0 G12
 C9OOH_2_O  -70.62   152.43    66.26   82.26   95.83  106.75  122.88  134.97     .00   8/29/15 THERM   C   9 H  19 O   4     0 G11
 C9OOH_2_O -107.82   149.65    68.12   84.79   98.75  109.98  126.27  138.47     .00   8/29/15 THERM   C   9 H  20 O   4     0 G12
 C9OOH_2_O  -74.65   149.17    66.95   83.01   96.47  107.24  123.02  134.79     .00   8/29/15 THERM   C   9 H  19 O   4     0 G11
 C9OOH_2_O -107.82   149.65    68.12   84.79   98.75  109.98  126.27  138.47     .00   8/29/15 THERM   C   9 H  20 O   4     0 G12
 C9OOH_2_O  -74.65   149.17    66.95   83.01   96.47  107.24  123.02  134.79     .00   8/29/15 THERM   C   9 H  19 O   4     0 G11
 C9OOH_2_O -107.82   149.65    68.12   84.79   98.75  109.98  126.27  138.47     .00   8/29/15 THERM   C   9 H  20 O   4     0 G12
 C9OOH_2_O  -74.65   149.17    66.95   83.01   96.47  107.24  123.02  134.79     .00   8/29/15 THERM   C   9 H  19 O   4     0 G11
 C9OOH_2_O -110.24   149.74    68.53   84.64   98.29  109.47  126.39  139.10     .00   8/29/15 THERM   C   9 H  18 O   4     0 G12
 C9OOH_2_O  -77.07   149.26    67.36   82.86   96.01  106.73  123.14  135.42     .00   8/29/15 THERM   C   9 H  19 O   4     0 G11
 C9OOH_2_O -103.79   152.91    67.43   84.04   98.11  109.49  126.13  138.65     .00   8/29/15 THERM   C   9 H  20 O   4     0 G12
 C9OOH_2_O  -70.62   152.43    66.26   82.26   95.83  106.75  122.88  134.97     .00   8/29/15 THERM   C   9 H  19 O   4     0 G11
 C9OOH_3_O -101.37   152.82    67.02   84.19   98.57  110.00  126.01  138.02     .00   8/29/15 THERM   C   9 H  20 O   4     0 G12
 C9OOH_3_O  -68.20   152.34    65.85   82.41   96.29  107.26  122.76  134.34     .00   8/29/15 THERM   C   9 H  19 O   4     0 G11
 C9OOH_3_O -107.82   149.65    68.12   84.79   98.75  109.98  126.27  138.47     .00   8/29/15 THERM   C   9 H  20 O   4     0 G12
 C9OOH_3_O -105.40   149.56    67.71   84.94   99.21  110.49  126.15  137.84     .00   8/29/15 THERM   C   9 H  20 O   4     0 G12
 C9OOH_3_O  -72.23   149.08    66.54   83.16   96.93  107.75  122.90  134.16     .00   8/29/15 THERM   C   9 H  19 O   4     0 G11
 C9OOH_3_O -105.40   149.56    67.71   84.94   99.21  110.49  126.15  137.84     .00   8/29/15 THERM   C   9 H  20 O   4     0 G12
 C9OOH_3_O  -72.23   149.08    66.54   83.16   96.93  107.75  122.90  134.16     .00   8/29/15 THERM   C   9 H  19 O   4     0 G11
 C9OOH_3_O -107.82   149.65    68.12   84.79   98.75  109.98  126.27  138.47     .00   8/29/15 THERM   C   9 H  20 O   4     0 G12
 C9OOH_3_O  -74.65   149.17    66.95   83.01   96.47  107.24  123.02  134.79     .00   8/29/15 THERM   C   9 H  19 O   4     0 G11
 C9OOH_3_O -101.37   152.82    67.02   84.19   98.57  110.00  126.01  138.02     .00   8/29/15 THERM   C   9 H  20 O   4     0 G12
 C9OOH_3_O  -68.20   152.34    65.85   82.41   96.29  107.26  122.76  134.34     .00   8/29/15 THERM   C   9 H  19 O   4     0 G11
 C9OOH_4_O -101.37   152.82    67.02   84.19   98.57  110.00  126.01  138.02     .00   8/29/15 THERM   C   9 H  20 O   4     0 G12
 C9OOH_4_O  -68.20   152.34    65.85   82.41   96.29  107.26  122.76  134.34     .00   8/29/15 THERM   C   9 H  19 O   4     0 G11
 C9OOH_2_O -107.82   149.65    68.12   84.79   98.75  109.98  126.27  138.47     .00   8/29/15 THERM   C   9 H  20 O   4     0 G12
 C9OOH_4_O  -74.65   149.17    66.95   83.01   96.47  107.24  123.02  134.79     .00   8/29/15 THERM   C   9 H  19 O   4     0 G11
 C9OOH_3_O -105.40   149.56    67.71   84.94   99.21  110.49  126.15  137.84     .00   8/29/15 THERM   C   9 H  20 O   4     0 G12
 C9OOH_4_O  -72.23   149.08    66.54   83.16   96.93  107.75  122.90  134.16     .00   8/29/15 THERM   C   9 H  19 O   4     0 G11
 C9H18O_1_  -77.58    89.41    51.32   66.34   79.36   89.60  104.48  115.24  130.02   8/29/15 THERM   C   9 H  18 O   1     0 G 6
 C9H18O_1_  -84.03    86.24    52.42   66.94   79.54   89.58  104.74  115.69  131.17   8/29/15 THERM   C   9 H  18 O   1     0 G 7
 C9H18O_1_  -81.61    86.15    52.01   67.09   80.00   90.09  104.62  115.06  129.46   8/29/15 THERM   C   9 H  18 O   1     0 G 6
 C9H18O_1_  -81.61    86.15    52.01   67.09   80.00   90.09  104.62  115.06  129.46   8/29/15 THERM   C   9 H  18 O   1     0 G 5
 C9H18O_1_  -81.61    86.15    52.01   67.09   80.00   90.09  104.62  115.06  129.46   8/29/15 THERM   C   9 H  18 O   1     0 G 4
 C9H18O_1_  -77.58    89.41    51.32   66.34   79.36   89.60  104.48  115.24  130.02   8/29/15 THERM   C   9 H  18 O   1     0 G 2
 C9H18O_2_  -88.06    82.98    53.11   67.69   80.18   90.07  104.88  115.51  130.61   8/29/15 THERM   C   9 H  18 O   1     0 G 7
 C9H18O_2_  -88.06    82.98    53.11   67.69   80.18   90.07  104.88  115.51  130.61   8/29/15 THERM   C   9 H  18 O   1     0 G 6
 C9H18O_2_  -88.06    82.98    53.11   67.69   80.18   90.07  104.88  115.51  130.61   8/29/15 THERM   C   9 H  18 O   1     0 G 5
 C9H18O_2_  -90.48    83.07    53.52   67.54   79.72   89.56  105.00  116.14  132.32   8/29/15 THERM   C   9 H  18 O   1     0 G 4
 C9H18O_3_  -85.64    82.89    52.70   67.84   80.64   90.58  104.76  114.88  128.90   8/29/15 THERM   C   9 H  18 O   1     0 G 7
 C9H18O_3_  -85.64    82.89    52.70   67.84   80.64   90.58  104.76  114.88  128.90   8/29/15 THERM   C   9 H  18 O   1     0 G 6
 C9KET_1_1  -97.45   143.53    59.48   73.97   86.77   97.42  112.80  124.37     .00   8/29/15 THERM   C   9 H  18 O   3     0 G10
 C9KET_1_2 -100.31   139.31    60.15   74.97   87.99   98.92  114.92  126.64     .00   8/29/15 THERM   C   9 H  18 O   3     0 G10
 C9KET_1_3 -101.48   140.27    60.17   74.72   87.41   97.91  112.94  124.19     .00   8/29/15 THERM   C   9 H  18 O   3     0 G10
 C9KET_1_4 -101.48   140.27    60.17   74.72   87.41   97.91  112.94  124.19     .00   8/29/15 THERM   C   9 H  18 O   3     0 G10
 C9KET_1_5 -101.48   140.27    60.17   74.72   87.41   97.91  112.94  124.19     .00   8/29/15 THERM   C   9 H  18 O   3     0 G10
 C9KET_1_6 -103.90   140.36    60.58   74.57   86.95   97.40  113.06  124.82     .00   8/29/15 THERM   C   9 H  18 O   3     0 G10
 C9KET_3_1 -105.03   142.05    59.01   72.82   85.20   95.91  111.26  122.70     .00   8/29/15 THERM   C   9 H  18 O   3     0 G10
 C9KET_3_2 -107.89   137.83    59.68   73.82   86.42   97.41  113.38  124.97     .00   8/29/15 THERM   C   9 H  18 O   3     0 G10
 C9KET_3_4 -107.61   140.89    59.53   73.89   86.58   96.82  112.44  123.95     .00   8/29/15 THERM   C   9 H  18 O   3     0 G10
 C9KET_3_6 -111.48   138.88    60.11   73.42   85.38   95.89  111.52  123.15     .00   8/29/15 THERM   C   9 H  18 O   3     0 G10
 C9KET_3_7 -105.03   142.05    59.01   72.82   85.20   95.91  111.26  122.70     .00   8/29/15 THERM   C   9 H  18 O   3     0 G10
 C9KET_4_1 -104.85   141.53    58.95   73.18   85.64   96.69  112.16  123.51     .00   8/29/15 THERM   C   9 H  18 O   3     0 G10
 C9KET_4_2 -111.30   138.36    60.05   73.78   85.82   96.67  112.42  123.96     .00   8/29/15 THERM   C   9 H  18 O   3     0 G10
 C9KET_4_3 -107.43   140.37    59.47   74.25   87.02   97.60  113.34  124.76     .00   8/29/15 THERM   C   9 H  18 O   3     0 G10
 IC5H11COC  -78.69   115.72    45.98   56.90   66.99   76.38   90.14  100.20     .00   8/29/15 THERM   C   8 H  16 O   1     0 G 7
 IC5H11COC  -32.72   119.98    44.20   53.92   63.50   72.57   85.74   95.42     .00   8/29/15 THERM   C   8 H  15 O   1     0 G 7
 IC4H9COC3  -78.69   115.72    45.98   56.90   66.99   76.38   90.14  100.20     .00   8/29/15 THERM   C   8 H  16 O   1     0 G 7
 IC4H9COC3  -32.72   119.98    44.20   53.92   63.50   72.57   85.74   95.42     .00   8/29/15 THERM   C   8 H  15 O   1     0 G 7
 IC3H7COC4  -78.87   116.24    46.04   56.54   66.55   75.60   89.24   99.39     .00   8/29/15 THERM   C   8 H  16 O   1     0 G 7
 IC3H7COC4  -32.90   120.50    44.26   53.56   63.06   71.79   84.84   94.61     .00   8/29/15 THERM   C   8 H  15 O   1     0 G 7
