 autoOut                                                               
 SPECIES       Hf       S    Cp 300     400     500     600     800     1000     1500     DATE        ELEMENTS
 C9H19OH_2 -100.28   126.48    55.38   69.72   82.40   92.93  109.58  121.72  140.89   8/29/15 THERM   C   9 H  20 O   1     0 G 9
 C9H19O_2_  -47.46   124.77    55.90   69.12   81.29   91.37  107.45  119.11  137.61   8/29/15 THERM   C   9 H  19 O   1     0 G 8
 C9H19OH_3  -97.86   126.39    54.97   69.87   82.86   93.44  109.46  121.09  139.18   8/29/15 THERM   C   9 H  20 O   1     0 G 9
 C9H19O_3_  -45.04   124.68    55.49   69.27   81.75   91.88  107.33  118.48  135.90   8/29/15 THERM   C   9 H  19 O   1     0 G 8
 C9H19OH_4  -97.86   126.39    54.97   69.87   82.86   93.44  109.46  121.09  139.18   8/29/15 THERM   C   9 H  20 O   1     0 G 9
 C9H19O_4_  -45.04   124.68    55.49   69.27   81.75   91.88  107.33  118.48  135.90   8/29/15 THERM   C   9 H  19 O   1     0 G 8
 C9H19OOH_  -77.53   137.30    58.89   74.55   88.10   99.10  115.33  127.43     .00   8/29/15 THERM   C   9 H  20 O   2     0 G10
 C9H19OO_1  -44.36   136.82    57.72   72.77   85.82   96.36  112.08  123.75     .00   8/29/15 THERM   C   9 H  19 O   2     0 G 9
 C9H19OOH_  -83.98   134.13    59.99   75.15   88.28   99.08  115.59  127.88     .00   8/29/15 THERM   C   9 H  20 O   2     0 G10
 C9H19OO_2  -50.81   133.65    58.82   73.37   86.00   96.34  112.34  124.20     .00   8/29/15 THERM   C   9 H  19 O   2     0 G 9
 C9H19OOH_  -81.56   134.04    59.58   75.30   88.74   99.59  115.47  127.25     .00   8/29/15 THERM   C   9 H  20 O   2     0 G10
 C9H19OO_3  -48.39   133.56    58.41   73.52   86.46   96.85  112.22  123.57     .00   8/29/15 THERM   C   9 H  19 O   2     0 G 9
 C9H19OOH_  -81.56   134.04    59.58   75.30   88.74   99.59  115.47  127.25     .00   8/29/15 THERM   C   9 H  20 O   2     0 G10
 C9H19OO_4  -48.39   133.56    58.41   73.52   86.46   96.85  112.22  123.57     .00   8/29/15 THERM   C   9 H  19 O   2     0 G 9
 C9H19OOH_  -77.53   137.30    58.89   74.55   88.10   99.10  115.33  127.43     .00   8/29/15 THERM   C   9 H  20 O   2     0 G10
 C9H19OOH_  -83.98   134.13    59.99   75.15   88.28   99.08  115.59  127.88     .00   8/29/15 THERM   C   9 H  20 O   2     0 G10
 C9H19OOH_  -81.56   134.04    59.58   75.30   88.74   99.59  115.47  127.25     .00   8/29/15 THERM   C   9 H  20 O   2     0 G10
 C9H19OOH_  -81.56   134.04    59.58   75.30   88.74   99.59  115.47  127.25     .00   8/29/15 THERM   C   9 H  20 O   2     0 G10
 C9H19OOH_  -77.53   137.30    58.89   74.55   88.10   99.10  115.33  127.43     .00   8/29/15 THERM   C   9 H  20 O   2     0 G10
 C9OOH_1_2  -28.48   141.99    57.75   72.91   85.96   96.50  112.01  123.54     .00   8/29/15 THERM   C   9 H  19 O   2     0 G10
 C9H19OOH_  -77.53   137.30    58.89   74.55   88.10   99.10  115.33  127.43     .00   8/29/15 THERM   C   9 H  20 O   2     0 G10
 C9OOH_1_2  -33.49   142.44    56.08   70.36   83.26   94.00  110.00  122.07     .00   8/29/15 THERM   C   9 H  19 O   2     0 G10
 C9H19OOH_  -77.53   137.30    58.89   74.55   88.10   99.10  115.33  127.43     .00   8/29/15 THERM   C   9 H  20 O   2     0 G10
 C9OOH_1_2  -31.56   141.56    57.11   71.57   84.61   95.29  110.93  122.65     .00   8/29/15 THERM   C   9 H  19 O   2     0 G10
 C9H19OOH_  -77.53   137.30    58.89   74.55   88.10   99.10  115.33  127.43     .00   8/29/15 THERM   C   9 H  20 O   2     0 G10
 C9OOH_1_2  -31.56   141.56    57.11   71.57   84.61   95.29  110.93  122.65     .00   8/29/15 THERM   C   9 H  19 O   2     0 G10
 C9H19OOH_  -77.53   137.30    58.89   74.55   88.10   99.10  115.33  127.43     .00   8/29/15 THERM   C   9 H  20 O   2     0 G10
 C9OOH_1_2  -31.56   141.56    57.11   71.57   84.61   95.29  110.93  122.65     .00   8/29/15 THERM   C   9 H  19 O   2     0 G10
 C9H19OOH_  -77.53   137.30    58.89   74.55   88.10   99.10  115.33  127.43     .00   8/29/15 THERM   C   9 H  20 O   2     0 G10
 C9OOH_1_2  -33.49   142.44    56.08   70.36   83.26   94.00  110.00  122.07     .00   8/29/15 THERM   C   9 H  19 O   2     0 G10
 C9H19OOH_  -83.98   134.13    59.99   75.15   88.28   99.08  115.59  127.88     .00   8/29/15 THERM   C   9 H  20 O   2     0 G10
